[2022-03-26 00:22:13.494] [main] [info] window#load: attempt to load window (id: 1)
[2022-03-26 00:22:13.503] [main] [info] update#setState idle
[2022-03-26 00:22:13.526] [main] [info] ExtensionHostStarterWorker created
[2022-03-26 00:22:14.493] [main] [info] window#load: window reported ready (id: 1)
[2022-03-26 00:22:14.680] [main] [info] Starting extension host with pid 19991 (fork() took 12 ms).
[2022-03-26 00:22:14.680] [main] [info] ExtensionHostStarterWorker.start() took 26 ms.
[2022-03-26 00:22:26.379] [main] [info] window#load: attempt to load window (id: 1)
[2022-03-26 00:22:26.399] [main] [info] Extension host with pid 19991 exited with code: 0, signal: null.
[2022-03-26 00:22:27.434] [main] [info] window#load: window reported ready (id: 1)
[2022-03-26 00:22:27.703] [main] [info] Starting extension host with pid 20085 (fork() took 6 ms).
[2022-03-26 00:22:27.704] [main] [info] ExtensionHostStarterWorker.start() took 8 ms.
[2022-03-26 00:22:43.505] [main] [info] update#setState checking for updates
[2022-03-26 00:22:43.897] [main] [info] update#setState idle
[2022-03-26 00:24:05.927] [main] [info] window#load: attempt to load window (id: 1)
[2022-03-26 00:24:05.951] [main] [info] Extension host with pid 20085 exited with code: 0, signal: null.
[2022-03-26 00:24:06.944] [main] [info] window#load: window reported ready (id: 1)
[2022-03-26 00:24:07.205] [main] [info] Starting extension host with pid 20272 (fork() took 5 ms).
[2022-03-26 00:24:07.205] [main] [info] ExtensionHostStarterWorker.start() took 6 ms.
[2022-03-26 00:25:36.345] [main] [info] window#load: attempt to load window (id: 1)
[2022-03-26 00:25:36.370] [main] [info] Extension host with pid 20272 exited with code: 0, signal: null.
[2022-03-26 00:25:37.331] [main] [info] window#load: window reported ready (id: 1)
[2022-03-26 00:25:37.579] [main] [info] Starting extension host with pid 20421 (fork() took 5 ms).
[2022-03-26 00:25:37.580] [main] [info] ExtensionHostStarterWorker.start() took 7 ms.
[2022-03-26 00:26:51.129] [main] [info] Waiting for extension host with pid 20421 to exit.
[2022-03-26 00:26:51.150] [main] [info] Extension host with pid 20421 exited with code: 0, signal: null.
