{"level":30,"time":"2022-01-13T10:47:29.412Z","pid":15014,"hostname":"latitude5410","msg":"key/initialize: Generating new encryption key, since we did not find it on disk"}
{"level":30,"time":"2022-01-13T10:47:29.413Z","pid":15014,"hostname":"latitude5410","msg":"config/set: Saving user config to disk"}
{"level":30,"time":"2022-01-13T10:47:29.423Z","pid":15014,"hostname":"latitude5410","msg":"app ready"}
{"level":30,"time":"2022-01-13T10:47:29.423Z","pid":15014,"hostname":"latitude5410","msg":"starting version 5.28.0"}
{"level":30,"time":"2022-01-13T10:47:29.423Z","pid":15014,"hostname":"latitude5410","msg":"media access status [object Undefined] [object Undefined]"}
{"level":30,"time":"2022-01-13T10:47:29.424Z","pid":15014,"hostname":"latitude5410","msg":"MainSQL: migrateSchemaVersion: Migrating from schema_version 0 to user_version 0"}
{"level":30,"time":"2022-01-13T10:47:29.425Z","pid":15014,"hostname":"latitude5410","msg":"MainSQL: updateSchema:\n  Current user_version: 0;\n  Most recent db schema: 50;\n  SQLite version: 3.36.0;\n  SQLCipher version: 4.5.0 community;\n  (deprecated) schema_version: 0;\n"}
{"level":30,"time":"2022-01-13T10:47:29.425Z","pid":15014,"hostname":"latitude5410","msg":"MainSQL: updateToSchemaVersion1: starting..."}
{"level":30,"time":"2022-01-13T10:47:29.427Z","pid":15014,"hostname":"latitude5410","msg":"MainSQL: updateToSchemaVersion1: success!"}
{"level":30,"time":"2022-01-13T10:47:29.427Z","pid":15014,"hostname":"latitude5410","msg":"MainSQL: updateToSchemaVersion2: starting..."}
{"level":30,"time":"2022-01-13T10:47:29.429Z","pid":15014,"hostname":"latitude5410","msg":"MainSQL: updateToSchemaVersion2: success!"}
{"level":30,"time":"2022-01-13T10:47:29.429Z","pid":15014,"hostname":"latitude5410","msg":"MainSQL: updateToSchemaVersion3: starting..."}
{"level":30,"time":"2022-01-13T10:47:29.431Z","pid":15014,"hostname":"latitude5410","msg":"MainSQL: updateToSchemaVersion3: success!"}
{"level":30,"time":"2022-01-13T10:47:29.431Z","pid":15014,"hostname":"latitude5410","msg":"MainSQL: updateToSchemaVersion4: starting..."}
{"level":30,"time":"2022-01-13T10:47:29.432Z","pid":15014,"hostname":"latitude5410","msg":"MainSQL: updateToSchemaVersion4: success!"}
{"level":30,"time":"2022-01-13T10:47:29.432Z","pid":15014,"hostname":"latitude5410","msg":"MainSQL: updateToSchemaVersion6: starting..."}
{"level":30,"time":"2022-01-13T10:47:29.435Z","pid":15014,"hostname":"latitude5410","msg":"MainSQL: updateToSchemaVersion6: success!"}
{"level":30,"time":"2022-01-13T10:47:29.435Z","pid":15014,"hostname":"latitude5410","msg":"MainSQL: updateToSchemaVersion7: starting..."}
{"level":30,"time":"2022-01-13T10:47:29.437Z","pid":15014,"hostname":"latitude5410","msg":"MainSQL: updateToSchemaVersion7: success!"}
{"level":30,"time":"2022-01-13T10:47:29.437Z","pid":15014,"hostname":"latitude5410","msg":"MainSQL: updateToSchemaVersion8: starting..."}
{"level":30,"time":"2022-01-13T10:47:29.439Z","pid":15014,"hostname":"latitude5410","msg":"MainSQL: updateToSchemaVersion8: success!"}
{"level":30,"time":"2022-01-13T10:47:29.440Z","pid":15014,"hostname":"latitude5410","msg":"MainSQL: updateToSchemaVersion9: starting..."}
{"level":30,"time":"2022-01-13T10:47:29.441Z","pid":15014,"hostname":"latitude5410","msg":"MainSQL: updateToSchemaVersion9: success!"}
{"level":30,"time":"2022-01-13T10:47:29.441Z","pid":15014,"hostname":"latitude5410","msg":"MainSQL: updateToSchemaVersion10: starting..."}
{"level":30,"time":"2022-01-13T10:47:29.444Z","pid":15014,"hostname":"latitude5410","msg":"MainSQL: updateToSchemaVersion10: success!"}
{"level":30,"time":"2022-01-13T10:47:29.444Z","pid":15014,"hostname":"latitude5410","msg":"MainSQL: updateToSchemaVersion11: starting..."}
{"level":30,"time":"2022-01-13T10:47:29.445Z","pid":15014,"hostname":"latitude5410","msg":"MainSQL: updateToSchemaVersion11: success!"}
{"level":30,"time":"2022-01-13T10:47:29.445Z","pid":15014,"hostname":"latitude5410","msg":"MainSQL: updateToSchemaVersion12: starting..."}
{"level":30,"time":"2022-01-13T10:47:29.447Z","pid":15014,"hostname":"latitude5410","msg":"MainSQL: updateToSchemaVersion12: success!"}
{"level":30,"time":"2022-01-13T10:47:29.447Z","pid":15014,"hostname":"latitude5410","msg":"MainSQL: updateToSchemaVersion13: starting..."}
{"level":30,"time":"2022-01-13T10:47:29.448Z","pid":15014,"hostname":"latitude5410","msg":"MainSQL: updateToSchemaVersion13: success!"}
{"level":30,"time":"2022-01-13T10:47:29.448Z","pid":15014,"hostname":"latitude5410","msg":"MainSQL: updateToSchemaVersion14: starting..."}
{"level":30,"time":"2022-01-13T10:47:29.450Z","pid":15014,"hostname":"latitude5410","msg":"MainSQL: updateToSchemaVersion14: success!"}
{"level":30,"time":"2022-01-13T10:47:29.450Z","pid":15014,"hostname":"latitude5410","msg":"MainSQL: updateToSchemaVersion15: starting..."}
{"level":30,"time":"2022-01-13T10:47:29.453Z","pid":15014,"hostname":"latitude5410","msg":"MainSQL: updateToSchemaVersion15: success!"}
{"level":30,"time":"2022-01-13T10:47:29.453Z","pid":15014,"hostname":"latitude5410","msg":"MainSQL: updateToSchemaVersion16: starting..."}
{"level":30,"time":"2022-01-13T10:47:29.456Z","pid":15014,"hostname":"latitude5410","msg":"MainSQL: updateToSchemaVersion16: success!"}
{"level":30,"time":"2022-01-13T10:47:29.456Z","pid":15014,"hostname":"latitude5410","msg":"MainSQL: updateToSchemaVersion17: starting..."}
{"level":30,"time":"2022-01-13T10:47:29.456Z","pid":15014,"hostname":"latitude5410","msg":"MainSQL: updateToSchemaVersion17: Index messages_view_once did not already exist"}
{"level":30,"time":"2022-01-13T10:47:29.458Z","pid":15014,"hostname":"latitude5410","msg":"MainSQL: updateToSchemaVersion17: success!"}
{"level":30,"time":"2022-01-13T10:47:29.458Z","pid":15014,"hostname":"latitude5410","msg":"MainSQL: updateToSchemaVersion18: starting..."}
{"level":30,"time":"2022-01-13T10:47:29.459Z","pid":15014,"hostname":"latitude5410","msg":"MainSQL: updateToSchemaVersion18: success!"}
{"level":30,"time":"2022-01-13T10:47:29.459Z","pid":15014,"hostname":"latitude5410","msg":"MainSQL: updateToSchemaVersion19: starting..."}
{"level":30,"time":"2022-01-13T10:47:29.461Z","pid":15014,"hostname":"latitude5410","msg":"MainSQL: updateToSchemaVersion19: success!"}
{"level":30,"time":"2022-01-13T10:47:29.461Z","pid":15014,"hostname":"latitude5410","msg":"MainSQL: updateToSchemaVersion20: starting..."}
{"level":30,"time":"2022-01-13T10:47:29.465Z","pid":15014,"hostname":"latitude5410","msg":"MainSQL: updateToSchemaVersion20: success!"}
{"level":30,"time":"2022-01-13T10:47:29.466Z","pid":15014,"hostname":"latitude5410","msg":"MainSQL: updateToSchemaVersion21: success!"}
{"level":30,"time":"2022-01-13T10:47:29.468Z","pid":15014,"hostname":"latitude5410","msg":"MainSQL: updateToSchemaVersion22: success!"}
{"level":30,"time":"2022-01-13T10:47:29.469Z","pid":15014,"hostname":"latitude5410","msg":"MainSQL: updateToSchemaVersion23: success!"}
{"level":30,"time":"2022-01-13T10:47:29.470Z","pid":15014,"hostname":"latitude5410","msg":"MainSQL: updateToSchemaVersion24: success!"}
{"level":30,"time":"2022-01-13T10:47:29.474Z","pid":15014,"hostname":"latitude5410","msg":"MainSQL: updateToSchemaVersion25: success!"}
{"level":30,"time":"2022-01-13T10:47:29.475Z","pid":15014,"hostname":"latitude5410","msg":"MainSQL: updateToSchemaVersion26: success!"}
{"level":30,"time":"2022-01-13T10:47:29.476Z","pid":15014,"hostname":"latitude5410","msg":"MainSQL: updateToSchemaVersion27: success!"}
{"level":30,"time":"2022-01-13T10:47:29.478Z","pid":15014,"hostname":"latitude5410","msg":"MainSQL: updateToSchemaVersion28: success!"}
{"level":30,"time":"2022-01-13T10:47:29.479Z","pid":15014,"hostname":"latitude5410","msg":"MainSQL: updateToSchemaVersion29: success!"}
{"level":30,"time":"2022-01-13T10:47:29.480Z","pid":15014,"hostname":"latitude5410","msg":"MainSQL: updateToSchemaVersion30: success!"}
{"level":30,"time":"2022-01-13T10:47:29.480Z","pid":15014,"hostname":"latitude5410","msg":"MainSQL: updateToSchemaVersion31: starting..."}
{"level":30,"time":"2022-01-13T10:47:29.482Z","pid":15014,"hostname":"latitude5410","msg":"MainSQL: updateToSchemaVersion31: success!"}
{"level":30,"time":"2022-01-13T10:47:29.484Z","pid":15014,"hostname":"latitude5410","msg":"MainSQL: updateToSchemaVersion32: success!"}
{"level":30,"time":"2022-01-13T10:47:29.485Z","pid":15014,"hostname":"latitude5410","msg":"MainSQL: updateToSchemaVersion33: success!"}
{"level":30,"time":"2022-01-13T10:47:29.486Z","pid":15014,"hostname":"latitude5410","msg":"MainSQL: updateToSchemaVersion34: success!"}
{"level":30,"time":"2022-01-13T10:47:29.488Z","pid":15014,"hostname":"latitude5410","msg":"MainSQL: updateToSchemaVersion35: success!"}
{"level":30,"time":"2022-01-13T10:47:29.488Z","pid":15014,"hostname":"latitude5410","msg":"MainSQL: updateToSchemaVersion36: success!"}
{"level":30,"time":"2022-01-13T10:47:29.490Z","pid":15014,"hostname":"latitude5410","msg":"MainSQL: updateToSchemaVersion37: success!"}
{"level":30,"time":"2022-01-13T10:47:29.495Z","pid":15014,"hostname":"latitude5410","msg":"MainSQL: updateToSchemaVersion38: success!"}
{"level":30,"time":"2022-01-13T10:47:29.498Z","pid":15014,"hostname":"latitude5410","msg":"MainSQL: updateToSchemaVersion39: success!"}
{"level":30,"time":"2022-01-13T10:47:29.499Z","pid":15014,"hostname":"latitude5410","msg":"MainSQL: updateToSchemaVersion40: success!"}
{"level":30,"time":"2022-01-13T10:47:29.503Z","pid":15014,"hostname":"latitude5410","msg":"MainSQL: updateToSchemaVersion41: success!"}
{"level":30,"time":"2022-01-13T10:47:29.505Z","pid":15014,"hostname":"latitude5410","msg":"MainSQL: updateToSchemaVersion42: success!"}
{"level":30,"time":"2022-01-13T10:47:29.505Z","pid":15014,"hostname":"latitude5410","msg":"MainSQL: updateToSchemaVersion43: About to iterate through 0 conversations"}
{"level":30,"time":"2022-01-13T10:47:29.505Z","pid":15014,"hostname":"latitude5410","msg":"MainSQL: updateToSchemaVersion43: About to iterate through 0 messages"}
{"level":30,"time":"2022-01-13T10:47:29.505Z","pid":15014,"hostname":"latitude5410","msg":"MainSQL: updateToSchemaVersion43: Updated 0 messages"}
{"level":30,"time":"2022-01-13T10:47:29.506Z","pid":15014,"hostname":"latitude5410","msg":"MainSQL: updateToSchemaVersion43: success!"}
{"level":30,"time":"2022-01-13T10:47:29.508Z","pid":15014,"hostname":"latitude5410","msg":"MainSQL: updateToSchemaVersion44: success!"}
{"level":30,"time":"2022-01-13T10:47:29.510Z","pid":15014,"hostname":"latitude5410","msg":"MainSQL: updateToSchemaVersion45: success!"}
{"level":30,"time":"2022-01-13T10:47:29.512Z","pid":15014,"hostname":"latitude5410","msg":"MainSQL: updateToSchemaVersion46: success!"}
{"level":40,"time":"2022-01-13T10:47:29.517Z","pid":15014,"hostname":"latitude5410","msg":"MainSQL: updateToSchemaVersion47: our UUID not found"}
{"level":30,"time":"2022-01-13T10:47:29.518Z","pid":15014,"hostname":"latitude5410","msg":"MainSQL: updateToSchemaVersion47: success!"}
{"level":30,"time":"2022-01-13T10:47:29.519Z","pid":15014,"hostname":"latitude5410","msg":"MainSQL: updateToSchemaVersion48: success!"}
{"level":30,"time":"2022-01-13T10:47:29.520Z","pid":15014,"hostname":"latitude5410","msg":"MainSQL: updateToSchemaVersion49: success!"}
{"level":30,"time":"2022-01-13T10:47:29.522Z","pid":15014,"hostname":"latitude5410","msg":"MainSQL: updateToSchemaVersion50: success!"}
{"level":30,"time":"2022-01-13T10:47:29.522Z","pid":15014,"hostname":"latitude5410","msg":"config/set: Saving ephemeral config to disk"}
{"level":30,"time":"2022-01-13T10:47:29.522Z","pid":15014,"hostname":"latitude5410","msg":"got slow spellcheck setting true"}
{"level":30,"time":"2022-01-13T10:47:29.523Z","pid":15014,"hostname":"latitude5410","msg":"getSystemTraySetting had no flags and did no DB lookups. Returning DoNotUseSystemTray"}
{"level":50,"time":"2022-01-13T10:47:29.523Z","pid":15014,"hostname":"latitude5410","msg":"visibleOnAnyScreen: windowOptions didn't have valid bounds fields"}
{"level":30,"time":"2022-01-13T10:47:29.523Z","pid":15014,"hostname":"latitude5410","msg":"Location reset needed"}
{"level":30,"time":"2022-01-13T10:47:29.523Z","pid":15014,"hostname":"latitude5410","msg":"Initializing BrowserWindow config: {\"show\":false,\"width\":800,\"height\":610,\"minWidth\":712,\"minHeight\":550,\"autoHideMenuBar\":false,\"titleBarStyle\":\"default\",\"backgroundColor\":\"#3a76f0\",\"webPreferences\":{\"devTools\":false,\"nodeIntegration\":false,\"nodeIntegrationInWorker\":false,\"contextIsolation\":false,\"preload\":\"[REDACTED]/preload.bundle.js\",\"nativeWindowOpen\":true,\"spellcheck\":true,\"backgroundThrottling\":false,\"enablePreferredSizeMode\":true},\"icon\":\"[REDACTED]/images/signal-logo-desktop-linux.png\"}"}
{"level":30,"time":"2022-01-13T10:47:29.550Z","pid":15014,"hostname":"latitude5410","msg":"spellcheck: user locale: en-US"}
{"level":30,"time":"2022-01-13T10:47:29.550Z","pid":15014,"hostname":"latitude5410","msg":"spellcheck: available spellchecker languages:  [\"af\",\"bg\",\"ca\",\"cs\",\"cy\",\"da\",\"de\",\"de-DE\",\"el\",\"en-AU\",\"en-CA\",\"en-GB\",\"en-GB-oxendict\",\"en-US\",\"es\",\"es-419\",\"es-AR\",\"es-ES\",\"es-MX\",\"es-US\",\"et\",\"fa\",\"fo\",\"fr\",\"fr-FR\",\"he\",\"hi\",\"hr\",\"hu\",\"hy\",\"id\",\"it\",\"it-IT\",\"ko\",\"lt\",\"lv\",\"nb\",\"nl\",\"pl\",\"pt\",\"pt-BR\",\"pt-PT\",\"ro\",\"ru\",\"sh\",\"sk\",\"sl\",\"sq\",\"sr\",\"sv\",\"ta\",\"tg\",\"tr\",\"uk\",\"vi\"]"}
{"level":30,"time":"2022-01-13T10:47:29.550Z","pid":15014,"hostname":"latitude5410","msg":"spellcheck: setting languages to:  [\"en-US\"]"}
{"level":30,"time":"2022-01-13T10:47:29.557Z","pid":15014,"hostname":"latitude5410","msg":"got fast spellcheck setting true"}
{"level":30,"time":"2022-01-13T10:47:29.564Z","pid":15014,"hostname":"latitude5410","msg":"System tray service: created"}
{"level":30,"time":"2022-01-13T10:47:29.564Z","pid":15014,"hostname":"latitude5410","msg":"System tray service: updating main window. Previously, there was not a window, and now there is"}
{"level":30,"time":"2022-01-13T10:47:29.565Z","pid":15014,"hostname":"latitude5410","msg":"System tray service: rendering no tray"}
{"level":30,"time":"2022-01-13T10:47:29.565Z","pid":15014,"hostname":"latitude5410","msg":"Begin ensuring permissions"}
{"level":30,"time":"2022-01-13T10:47:29.568Z","pid":15014,"hostname":"latitude5410","msg":"Ensuring file permissions for 4 files"}
{"level":30,"time":"2022-01-13T10:47:29.569Z","pid":15014,"hostname":"latitude5410","msg":"Finish ensuring permissions in 4ms"}
{"level":30,"time":"2022-01-13T10:47:30.543Z","pid":15014,"hostname":"latitude5410","msg":"main window is ready-to-show"}
{"level":30,"time":"2022-01-13T10:47:30.543Z","pid":15014,"hostname":"latitude5410","msg":"showing main window"}
{"level":30,"time":"2022-01-13T10:47:30.546Z","pid":15014,"hostname":"latitude5410","msg":"System tray service: rendering no tray"}
{"level":30,"time":"2022-01-13T10:47:30.986Z","pid":15014,"hostname":"latitude5410","msg":"MainSQL: removeKnownAttachments: About to iterate through 0 messages"}
{"level":30,"time":"2022-01-13T10:47:30.986Z","pid":15014,"hostname":"latitude5410","msg":"MainSQL: removeKnownAttachments: Done processing 0 messages"}
{"level":30,"time":"2022-01-13T10:47:30.986Z","pid":15014,"hostname":"latitude5410","msg":"MainSQL: removeKnownAttachments: About to iterate through 0 conversations"}
{"level":30,"time":"2022-01-13T10:47:30.986Z","pid":15014,"hostname":"latitude5410","msg":"MainSQL: removeKnownAttachments: Done processing 0 conversations"}
{"level":30,"time":"2022-01-13T10:47:30.986Z","pid":15014,"hostname":"latitude5410","msg":"deleteAll: deleted 0 files"}
{"level":30,"time":"2022-01-13T10:47:30.988Z","pid":15014,"hostname":"latitude5410","msg":"deleteAllBadges: deleted 0 files"}
{"level":30,"time":"2022-01-13T10:47:30.988Z","pid":15014,"hostname":"latitude5410","msg":"MainSQL: removeKnownStickers: About to iterate through 0 stickers"}
{"level":30,"time":"2022-01-13T10:47:30.988Z","pid":15014,"hostname":"latitude5410","msg":"MainSQL: removeKnownStickers: Done processing 0 stickers"}
{"level":30,"time":"2022-01-13T10:47:30.989Z","pid":15014,"hostname":"latitude5410","msg":"deleteAllStickers: deleted 0 files"}
{"level":30,"time":"2022-01-13T10:47:30.989Z","pid":15014,"hostname":"latitude5410","msg":"MainSQL: removeKnownDraftAttachments: About to iterate through 0 conversations"}
{"level":30,"time":"2022-01-13T10:47:30.989Z","pid":15014,"hostname":"latitude5410","msg":"MainSQL: removeKnownDraftAttachments: Done processing 0 conversations"}
{"level":30,"time":"2022-01-13T10:47:30.989Z","pid":15014,"hostname":"latitude5410","msg":"deleteAllDraftAttachments: deleted 0 files"}
{"level":30,"time":"2022-01-13T10:47:30.990Z","pid":15014,"hostname":"latitude5410","msg":"Begin ensuring permissions"}
{"level":30,"time":"2022-01-13T10:47:30.990Z","pid":15014,"hostname":"latitude5410","msg":"sending `database-ready`"}
{"level":30,"time":"2022-01-13T10:47:30.996Z","pid":15014,"hostname":"latitude5410","msg":"Ensuring file permissions for 57 files"}
{"level":50,"time":"2022-01-13T10:47:30.998Z","pid":15014,"hostname":"latitude5410","msg":"ensureFilePermissions: Error from chmod ENOENT: no such file or directory, chmod '[REDACTED]/SingletonCookie'"}
{"level":50,"time":"2022-01-13T10:47:30.998Z","pid":15014,"hostname":"latitude5410","msg":"ensureFilePermissions: Error from chmod ENOENT: no such file or directory, chmod '[REDACTED]/SingletonLock'"}
{"level":30,"time":"2022-01-13T10:47:31.000Z","pid":15014,"hostname":"latitude5410","msg":"Finish ensuring permissions in 10ms"}
{"level":30,"time":"2022-01-13T10:47:31.029Z","pid":15014,"hostname":"latitude5410","msg":"Prevent display sleep service: allowing display sleep"}
{"level":30,"time":"2022-01-13T10:47:31.055Z","pid":15014,"hostname":"latitude5410","msg":"Updating BrowserWindow config: %s {\"maximized\":true,\"autoHideMenuBar\":false,\"fullscreen\":false,\"width\":930,\"height\":1078,\"x\":989,\"y\":1}"}
{"level":30,"time":"2022-01-13T10:47:31.055Z","pid":15014,"hostname":"latitude5410","msg":"config/set: Saving ephemeral config to disk"}
{"level":30,"time":"2022-01-13T10:50:54.864Z","pid":15014,"hostname":"latitude5410","msg":"updater/start: Updates disabled - not starting new version checks"}
{"level":30,"time":"2022-01-13T10:50:54.870Z","pid":15014,"hostname":"latitude5410","msg":"App loaded - time: 205456"}
{"level":30,"time":"2022-01-13T10:50:54.870Z","pid":15014,"hostname":"latitude5410","msg":"SQL init - time: 108"}
{"level":30,"time":"2022-01-13T10:50:54.870Z","pid":15014,"hostname":"latitude5410","msg":"Preload - time: 624"}
{"level":30,"time":"2022-01-13T10:50:54.870Z","pid":15014,"hostname":"latitude5410","msg":"WebSocket connect - time: 204122"}
{"level":30,"time":"2022-01-13T10:50:54.870Z","pid":15014,"hostname":"latitude5410","msg":"Processed count: 0"}
{"level":30,"time":"2022-01-13T10:50:54.870Z","pid":15014,"hostname":"latitude5410","msg":"Messages per second: 0"}
{"level":30,"time":"2022-01-13T10:54:33.393Z","pid":15014,"hostname":"latitude5410","msg":"close event {\"readyForShutdown\":false,\"shouldQuit\":false}"}
{"level":30,"time":"2022-01-13T10:54:33.394Z","pid":15014,"hostname":"latitude5410","msg":"System tray service: rendering no tray"}
{"level":30,"time":"2022-01-13T10:54:33.395Z","pid":15014,"hostname":"latitude5410","msg":"requestShutdown: Requesting close of mainWindow..."}
{"level":30,"time":"2022-01-13T10:54:33.415Z","pid":15014,"hostname":"latitude5410","msg":"requestShutdown: Response received"}
{"level":30,"time":"2022-01-13T10:54:33.417Z","pid":15014,"hostname":"latitude5410","msg":"before-quit event {\"readyForShutdown\":true,\"shouldQuit\":false}"}
{"level":30,"time":"2022-01-13T10:54:33.418Z","pid":15014,"hostname":"latitude5410","msg":"close event {\"readyForShutdown\":true,\"shouldQuit\":true}"}
{"level":30,"time":"2022-01-13T10:54:33.420Z","pid":15014,"hostname":"latitude5410","msg":"System tray service: updating main window. Previously, there was a window, and now there is not"}
