[2022-01-26 20:31:25.178] [exthost] [info] Extension host with pid 64705 started
[2022-01-26 20:31:25.178] [exthost] [info] Skipping acquiring lock for /home/emadou/.config/Code - OSS/User/workspaceStorage/97732c9df7cc1f68d9ae1c63e69d286c.
[2022-01-26 20:31:25.259] [exthost] [info] ExtensionService#_doActivateExtension vscode.emmet, startup: false, activationEvent: 'onLanguage:php'
[2022-01-26 20:31:25.267] [exthost] [info] ExtensionService#_doActivateExtension vscode.php-language-features, startup: false, activationEvent: 'onLanguage:php'
[2022-01-26 20:31:25.281] [exthost] [info] ExtensionService#_doActivateExtension junstyle.php-cs-fixer, startup: false, activationEvent: 'onLanguage:php'
[2022-01-26 20:31:25.448] [exthost] [info] ExtensionService#_doActivateExtension vscode.debug-auto-launch, startup: true, activationEvent: '*'
[2022-01-26 20:31:25.451] [exthost] [info] ExtensionService#_doActivateExtension vscode.git, startup: true, activationEvent: '*', root cause: vscode.github
[2022-01-26 20:31:25.476] [exthost] [info] ExtensionService#_doActivateExtension vscodevim.vim, startup: true, activationEvent: '*'
[2022-01-26 20:31:25.784] [exthost] [info] ExtensionService#_doActivateExtension vscode.github, startup: true, activationEvent: '*'
[2022-01-26 20:31:25.800] [exthost] [info] Eager extensions activated
[2022-01-26 20:31:25.803] [exthost] [info] ExtensionService#_doActivateExtension vscode.merge-conflict, startup: false, activationEvent: 'onStartupFinished'
[2022-01-26 20:31:25.805] [exthost] [info] ExtensionService#_doActivateExtension esbenp.prettier-vscode, startup: false, activationEvent: 'onStartupFinished'
[2022-01-26 20:32:34.074] [exthost] [info] ExtensionService#_doActivateExtension vscode.configuration-editing, startup: false, activationEvent: 'onLanguage:jsonc'
[2022-01-26 20:32:34.082] [exthost] [info] ExtensionService#_doActivateExtension vscode.json-language-features, startup: false, activationEvent: 'onLanguage:jsonc'
[2022-01-26 20:32:34.099] [exthost] [info] ExtensionService#_doActivateExtension vscode.typescript-language-features, startup: false, activationEvent: 'onLanguage:jsonc'
[2022-01-26 20:34:25.490] [exthost] [warning] TextEditor is closed/disposed
[2022-01-26 20:34:25.490] [exthost] [warning] TextEditor is closed/disposed
[2022-01-26 20:34:31.601] [exthost] [warning] TextEditor is closed/disposed
[2022-01-26 20:34:31.602] [exthost] [warning] TextEditor is closed/disposed
[2022-01-26 20:35:43.683] [exthost] [info] ExtensionService#_doActivateExtension ritwickdey.LiveServer, startup: false, activationEvent: 'onLanguage:xml'
[2022-01-26 20:38:55.672] [exthost] [info] ExtensionService#_doActivateExtension redhat.vscode-xml, startup: false, activationEvent: 'onLanguage:xml'
[2022-01-26 20:38:56.334] [exthost] [warning] [redhat.vscode-xml] Accessing a resource scoped configuration without providing a resource is not expected. To get the effective value for '[xml]', provide the URI of a resource or 'null' for any resource.
[2022-01-26 22:02:06.640] [exthost] [info] extension host terminating: renderer closed the socket
[2022-01-26 22:02:07.011] [exthost] [error] TypeError: r.some is not a function
    at Function.saveToDisk (/home/emadou/.vscode-oss/extensions/vscodevim.vim-1.21.10/src/register/register.ts:350:30)
    at Object.e.deactivate (/home/emadou/.vscode-oss/extensions/vscodevim.vim-1.21.10/extension.ts:37:18)
    at w._deactivate (/usr/lib/code/out/vs/workbench/services/extensions/node/extensionHostProcess.js:99:11449)
    at /usr/lib/code/out/vs/workbench/services/extensions/node/extensionHostProcess.js:99:9997
    at Array.map (<anonymous>)
    at w.deactivateAll (/usr/lib/code/out/vs/workbench/services/extensions/node/extensionHostProcess.js:99:9985)
    at b.terminate (/usr/lib/code/out/vs/workbench/services/extensions/node/extensionHostProcess.js:103:735)
    at o (/usr/lib/code/out/vs/workbench/services/extensions/node/extensionHostProcess.js:113:32681)
    at Socket.<anonymous> (/usr/lib/code/out/vs/workbench/services/extensions/node/extensionHostProcess.js:113:30296)
    at Socket.emit (events.js:327:22)
    at Pipe.<anonymous> (net.js:673:12)
[2022-01-26 22:02:07.658] [exthost] [info] Extension host with pid 64705 exiting with code 0
