[Info  - 23:24:08.666] Reading sessions from keychain...
[Info  - 23:24:08.691] Getting sessions for all scopes...
[Info  - 23:24:08.691] Got stored sessions!
[Info  - 23:24:08.691] Got 0 verified sessions.
[Info  - 23:24:08.691] Got 0 sessions for ...
[Info  - 23:24:08.694] Getting sessions for read:user...
[Info  - 23:24:08.694] Got 0 sessions for read:user...
[Info  - 23:24:10.727] Getting sessions for read:user...
[Info  - 23:24:10.728] Got 0 sessions for read:user...
[Info  - 23:24:12.545] Logging in for the following scopes: read:user
[Info  - 23:24:18.238] Getting sessions for all scopes...
[Info  - 23:24:18.238] Got 0 sessions for ...
[Info  - 23:24:21.902] Logging in for the following scopes: read:user
[Error  - 23:24:21.910] Error: No token provided
[Error  - 23:24:25.622] Error: No token provided
[Info  - 23:24:27.480] Getting sessions for all scopes...
[Info  - 23:24:27.481] Got 0 sessions for ...
[Info  - 23:24:28.490] Logging in for the following scopes: read:user
[Info  - 23:25:17.145] Getting token scopes...
[Info  - 23:25:17.977] Getting user info...
[Info  - 23:25:19.409] Got account info!
[Info  - 23:25:19.410] Storing 1 sessions...
[Info  - 23:25:19.418] Reading sessions from keychain...
[Info  - 23:25:19.419] Stored 1 sessions!
[Info  - 23:25:19.419] Login success!
[Trace  - 23:25:19.424] Token acquired from secret storage.
[Info  - 23:25:19.424] Got stored sessions!
[Trace  - 23:25:19.424] Read the following session from the keychain with the following scopes: read:user
[Info  - 23:25:19.424] Got 1 verified sessions.
[Info  - 23:25:21.753] Getting sessions for all scopes...
[Info  - 23:25:21.753] Got 1 sessions for ...
