Validating found git in: git
Using git 2.34.1 from git
> git rev-parse --git-dir
Open repository: /home/emadou/Work/CabinetRahbani
> git status -z -u
> git symbolic-ref --short HEAD
> git for-each-ref --format=%(refname)%00%(upstream:short)%00%(objectname)%00%(upstream:track) refs/heads/main refs/remotes/main
> git for-each-ref --sort -committerdate --format %(refname) %(objectname) %(*objectname)
> git remote --verbose
> git config --get commit.template
> git show --textconv :webapp/index.php
> git ls-files --stage -- /home/emadou/Work/CabinetRahbani/webapp/index.php
> git cat-file -s cb0d8490af47c387f2b472edc4270a249e37613e
> git check-ignore -v -z --stdin
> git check-ignore -v -z --stdin
> git show --textconv :webapp/index.php
> git ls-files --stage -- /home/emadou/Work/CabinetRahbani/webapp/index.php
> git cat-file -s cb0d8490af47c387f2b472edc4270a249e37613e
> git show --textconv :webapp/database/action.php
> git ls-files --stage -- /home/emadou/Work/CabinetRahbani/webapp/database/action.php
> git check-ignore -v -z --stdin
> git show --textconv HEAD:webapp/src/components/add_doctor.php
> git ls-tree -l HEAD -- /home/emadou/Work/CabinetRahbani/webapp/src/components/add_doctor.php
> git show --textconv HEAD:webapp/src/components/dashboard.php
> git ls-tree -l HEAD -- /home/emadou/Work/CabinetRahbani/webapp/src/components/dashboard.php
> git ls-tree -l HEAD -- /home/emadou/Work/CabinetRahbani/webapp/src/components/dashboard.php
> git add -A -- /home/emadou/Work/CabinetRahbani/webapp/src/components/add_doctor.php /home/emadou/Work/CabinetRahbani/webapp/src/components/dashboard.php
> git status -z -u
> git symbolic-ref --short HEAD
> git for-each-ref --format=%(refname)%00%(upstream:short)%00%(objectname)%00%(upstream:track) refs/heads/main refs/remotes/main
> git for-each-ref --sort -committerdate --format %(refname) %(objectname) %(*objectname)
> git remote --verbose
> git config --get commit.template
> git ls-files --stage -- /home/emadou/Work/CabinetRahbani/webapp/src/components/dashboard.php
> git cat-file -s 357f48f695307f6c163ed5baea7ae62f834a3f5b
> git show --textconv :webapp/src/components/dashboard.php
> git status -z -u
> git symbolic-ref --short HEAD
> git for-each-ref --format=%(refname)%00%(upstream:short)%00%(objectname)%00%(upstream:track) refs/heads/main refs/remotes/main
> git for-each-ref --sort -committerdate --format %(refname) %(objectname) %(*objectname)
> git remote --verbose
> git config --get commit.template
> git -c user.useConfigOnly=true commit --quiet --allow-empty-message --file -
> git status -z -u
> git symbolic-ref --short HEAD
> git for-each-ref --format=%(refname)%00%(upstream:short)%00%(objectname)%00%(upstream:track) refs/heads/main refs/remotes/main
> git for-each-ref --sort -committerdate --format %(refname) %(objectname) %(*objectname)
> git remote --verbose
> git config --get commit.template
> git config --get commit.template
> git ls-tree -l HEAD -- /home/emadou/Work/CabinetRahbani/webapp/src/components/dashboard.php
> git show --textconv HEAD:webapp/src/components/dashboard.php
> git status -z -u
> git symbolic-ref --short HEAD
> git for-each-ref --format=%(refname)%00%(upstream:short)%00%(objectname)%00%(upstream:track) refs/heads/main refs/remotes/main
> git for-each-ref --sort -committerdate --format %(refname) %(objectname) %(*objectname)
> git remote --verbose
> git config --get commit.template
> git push -u github main
To https://github.com/imadUO4/CabinetRahbani.git
   7a523f8..26b2b67  main -> main
> git status -z -u
> git symbolic-ref --short HEAD
> git for-each-ref --format=%(refname)%00%(upstream:short)%00%(objectname)%00%(upstream:track) refs/heads/main refs/remotes/main
> git for-each-ref --sort -committerdate --format %(refname) %(objectname) %(*objectname)
> git remote --verbose
> git config --get commit.template
> git ls-tree -l HEAD -- /home/emadou/Work/CabinetRahbani/webapp/src/components/dashboard.php
> git show --textconv HEAD:webapp/src/components/dashboard.php
> git status -z -u
> git symbolic-ref --short HEAD
> git for-each-ref --format=%(refname)%00%(upstream:short)%00%(objectname)%00%(upstream:track) refs/heads/main refs/remotes/main
> git for-each-ref --sort -committerdate --format %(refname) %(objectname) %(*objectname)
> git remote --verbose
> git config --get commit.template
> git check-ignore -v -z --stdin
> git show --textconv :webapp/database/action.php
> git ls-files --stage -- /home/emadou/Work/CabinetRahbani/webapp/database/action.php
> git show --textconv :webapp/index.php
> git ls-files --stage -- /home/emadou/Work/CabinetRahbani/webapp/index.php
> git cat-file -s cb0d8490af47c387f2b472edc4270a249e37613e
