[2022-01-13 14:06:00.026] [exthost] [info] Extension host with pid 20388 started
[2022-01-13 14:06:00.075] [exthost] [info] ExtensionService#_doActivateExtension vscode.debug-auto-launch, startup: true, activationEvent: '*'
[2022-01-13 14:06:00.077] [exthost] [info] ExtensionService#_doActivateExtension vscode.git, startup: true, activationEvent: '*', root cause: vscode.github
[2022-01-13 14:06:00.091] [exthost] [info] ExtensionService#_doActivateExtension vscodevim.vim, startup: true, activationEvent: '*'
[2022-01-13 14:06:00.205] [exthost] [info] ExtensionService#_doActivateExtension vscode.github, startup: true, activationEvent: '*'
[2022-01-13 14:06:00.216] [exthost] [info] Eager extensions activated
[2022-01-13 14:06:00.217] [exthost] [info] ExtensionService#_doActivateExtension vscode.merge-conflict, startup: false, activationEvent: 'onStartupFinished'
[2022-01-13 14:06:00.219] [exthost] [info] ExtensionService#_doActivateExtension esbenp.prettier-vscode, startup: false, activationEvent: 'onStartupFinished'
[2022-01-13 14:06:13.984] [exthost] [info] extension host terminating: renderer closed the socket
[2022-01-13 14:06:14.301] [exthost] [error] TypeError: Converting circular structure to JSON
    --> starting at object with constructor 't'
    |     property '_readableState' -> object with constructor 'C'
    |     property 'pipes' -> object with constructor 'Array'
    |     index 0 -> object with constructor 't.ConsoleForElectron'
    --- property 'parent' closes the circle
    at JSON.stringify (<anonymous>)
    at async (/home/emadou/.vscode-oss/extensions/vscodevim.vim-1.21.10/src/register/register.ts:357:16)
    at Object.e.deactivate (/home/emadou/.vscode-oss/extensions/vscodevim.vim-1.21.10/extension.ts:36:8)
    at async Promise.all (index 5)
    at w.deactivateAll (/usr/lib/code/out/vs/workbench/services/extensions/node/extensionHostProcess.js:99:10023)
[2022-01-13 14:06:15.008] [exthost] [info] Extension host with pid 20388 exiting with code 0
