[2022-01-19 22:42:13.538] [renderer1] [info] Starting extension host with pid 47678.
[2022-01-19 22:42:13.538] [renderer1] [info] [LocalProcessExtensionHost]: IExtensionHostStarter.start() took 21 ms.
[2022-01-19 22:42:13.583] [renderer1] [error] Error: Unable to read file '/tmp/mozilla_emadou0/alacritty-1.yml' (Error: Unable to resolve nonexistent file '/tmp/mozilla_emadou0/alacritty-1.yml')
    at i.handleSetInputError (vscode-file://vscode-app/usr/lib/code/out/vs/workbench/workbench.desktop.main.js:2342:143410)
    at i.handleSetInputError (vscode-file://vscode-app/usr/lib/code/out/vs/workbench/workbench.desktop.main.js:2342:147201)
    at i.setInput (vscode-file://vscode-app/usr/lib/code/out/vs/workbench/workbench.desktop.main.js:2342:143104)
    at async n.doSetInput (vscode-file://vscode-app/usr/lib/code/out/vs/workbench/workbench.desktop.main.js:2342:34632)
    at async n.doOpenEditor (vscode-file://vscode-app/usr/lib/code/out/vs/workbench/workbench.desktop.main.js:2342:33032)
    at async n.openEditor (vscode-file://vscode-app/usr/lib/code/out/vs/workbench/workbench.desktop.main.js:2342:32680)
    at async vscode-file://vscode-app/usr/lib/code/out/vs/workbench/workbench.desktop.main.js:2544:16967
[2022-01-19 22:42:14.067] [renderer1] [error] [Extension Host] (node:47678) [DEP0005] DeprecationWarning: Buffer() is deprecated due to security and usability issues. Please use the Buffer.alloc(), Buffer.allocUnsafe(), or Buffer.from() methods instead.
(Use `electron --trace-deprecation ...` to show where the warning was created)
[2022-01-19 22:42:37.570] [renderer1] [info] Starting extension host with pid 47785.
[2022-01-19 22:42:37.571] [renderer1] [info] [LocalProcessExtensionHost]: IExtensionHostStarter.start() took 22 ms.
[2022-01-19 22:42:38.261] [renderer1] [error] [Extension Host] (node:47785) [DEP0005] DeprecationWarning: Buffer() is deprecated due to security and usability issues. Please use the Buffer.alloc(), Buffer.allocUnsafe(), or Buffer.from() methods instead.
(Use `electron --trace-deprecation ...` to show where the warning was created)
[2022-01-20 11:07:03.456] [renderer1] [error] EACCES: permission denied, open '/usr/lib/code/extensions/php-language-features/package.json': Error: EACCES: permission denied, open '/usr/lib/code/extensions/php-language-features/package.json'
[2022-01-20 11:07:03.460] [renderer1] [error] EACCES: permission denied, open '/usr/lib/code/extensions/php/package.json': Error: EACCES: permission denied, open '/usr/lib/code/extensions/php/package.json'
[2022-01-20 11:07:04.161] [renderer1] [error] EACCES: permission denied, open '/usr/lib/code/extensions/php-language-features/package.json': Error: EACCES: permission denied, open '/usr/lib/code/extensions/php-language-features/package.json'
[2022-01-20 11:07:04.162] [renderer1] [error] EACCES: permission denied, open '/usr/lib/code/extensions/emmet/package.json': Error: EACCES: permission denied, open '/usr/lib/code/extensions/emmet/package.json'
[2022-01-20 11:07:40.946] [renderer1] [error] EACCES: permission denied, open '/usr/lib/code/extensions/npm/package.json': Error: EACCES: permission denied, open '/usr/lib/code/extensions/npm/package.json'
[2022-01-20 11:07:40.947] [renderer1] [error] EACCES: permission denied, open '/usr/lib/code/extensions/json-language-features/package.json': Error: EACCES: permission denied, open '/usr/lib/code/extensions/json-language-features/package.json'
[2022-01-20 11:07:40.948] [renderer1] [error] EACCES: permission denied, open '/usr/lib/code/extensions/json/package.json': Error: EACCES: permission denied, open '/usr/lib/code/extensions/json/package.json'
[2022-01-20 11:07:40.948] [renderer1] [error] EACCES: permission denied, open '/usr/lib/code/extensions/yaml/package.json': Error: EACCES: permission denied, open '/usr/lib/code/extensions/yaml/package.json'
[2022-01-20 11:07:40.948] [renderer1] [error] EACCES: permission denied, open '/usr/lib/code/extensions/html-language-features/package.json': Error: EACCES: permission denied, open '/usr/lib/code/extensions/html-language-features/package.json'
[2022-01-20 11:07:40.948] [renderer1] [error] EACCES: permission denied, open '/usr/lib/code/extensions/cpp/package.json': Error: EACCES: permission denied, open '/usr/lib/code/extensions/cpp/package.json'
[2022-01-20 11:07:40.949] [renderer1] [error] EACCES: permission denied, open '/usr/lib/code/extensions/html/package.json': Error: EACCES: permission denied, open '/usr/lib/code/extensions/html/package.json'
[2022-01-20 11:07:40.949] [renderer1] [error] EACCES: permission denied, open '/usr/lib/code/extensions/css/package.json': Error: EACCES: permission denied, open '/usr/lib/code/extensions/css/package.json'
[2022-01-20 11:07:40.950] [renderer1] [error] EACCES: permission denied, open '/usr/lib/code/extensions/docker/package.json': Error: EACCES: permission denied, open '/usr/lib/code/extensions/docker/package.json'
[2022-01-20 11:07:40.950] [renderer1] [error] EACCES: permission denied, open '/usr/lib/code/extensions/markdown-basics/package.json': Error: EACCES: permission denied, open '/usr/lib/code/extensions/markdown-basics/package.json'
[2022-01-20 11:07:40.951] [renderer1] [error] EACCES: permission denied, open '/usr/lib/code/extensions/java/package.json': Error: EACCES: permission denied, open '/usr/lib/code/extensions/java/package.json'
[2022-01-20 11:07:40.951] [renderer1] [error] EACCES: permission denied, open '/usr/lib/code/extensions/javascript/package.json': Error: EACCES: permission denied, open '/usr/lib/code/extensions/javascript/package.json'
[2022-01-20 11:07:40.952] [renderer1] [error] EACCES: permission denied, open '/usr/lib/code/extensions/log/package.json': Error: EACCES: permission denied, open '/usr/lib/code/extensions/log/package.json'
[2022-01-20 11:07:40.952] [renderer1] [error] EACCES: permission denied, open '/usr/lib/code/extensions/configuration-editing/package.json': Error: EACCES: permission denied, open '/usr/lib/code/extensions/configuration-editing/package.json'
[2022-01-20 11:07:40.952] [renderer1] [error] EACCES: permission denied, open '/usr/lib/code/extensions/make/package.json': Error: EACCES: permission denied, open '/usr/lib/code/extensions/make/package.json'
[2022-01-20 11:07:40.952] [renderer1] [error] EACCES: permission denied, open '/usr/lib/code/extensions/debug-auto-launch/package.json': Error: EACCES: permission denied, open '/usr/lib/code/extensions/debug-auto-launch/package.json'
[2022-01-20 11:07:40.953] [renderer1] [error] EACCES: permission denied, open '/usr/lib/code/extensions/handlebars/package.json': Error: EACCES: permission denied, open '/usr/lib/code/extensions/handlebars/package.json'
[2022-01-20 11:07:40.953] [renderer1] [error] EACCES: permission denied, open '/usr/lib/code/extensions/less/package.json': Error: EACCES: permission denied, open '/usr/lib/code/extensions/less/package.json'
[2022-01-20 11:07:40.953] [renderer1] [error] EACCES: permission denied, open '/usr/lib/code/extensions/go/package.json': Error: EACCES: permission denied, open '/usr/lib/code/extensions/go/package.json'
[2022-01-20 11:07:40.954] [renderer1] [error] EACCES: permission denied, open '/usr/lib/code/extensions/bat/package.json': Error: EACCES: permission denied, open '/usr/lib/code/extensions/bat/package.json'
[2022-01-20 11:07:40.954] [renderer1] [error] EACCES: permission denied, open '/usr/lib/code/extensions/clojure/package.json': Error: EACCES: permission denied, open '/usr/lib/code/extensions/clojure/package.json'
[2022-01-20 11:07:40.954] [renderer1] [error] EACCES: permission denied, open '/usr/lib/code/extensions/coffeescript/package.json': Error: EACCES: permission denied, open '/usr/lib/code/extensions/coffeescript/package.json'
[2022-01-20 11:07:40.954] [renderer1] [error] EACCES: permission denied, open '/usr/lib/code/extensions/emmet/package.json': Error: EACCES: permission denied, open '/usr/lib/code/extensions/emmet/package.json'
[2022-01-20 11:07:40.955] [renderer1] [error] EACCES: permission denied, open '/usr/lib/code/extensions/groovy/package.json': Error: EACCES: permission denied, open '/usr/lib/code/extensions/groovy/package.json'
[2022-01-20 11:07:40.955] [renderer1] [error] EACCES: permission denied, open '/usr/lib/code/extensions/grunt/package.json': Error: EACCES: permission denied, open '/usr/lib/code/extensions/grunt/package.json'
[2022-01-20 11:07:40.955] [renderer1] [error] EACCES: permission denied, open '/usr/lib/code/extensions/gulp/package.json': Error: EACCES: permission denied, open '/usr/lib/code/extensions/gulp/package.json'
[2022-01-20 11:07:40.956] [renderer1] [error] EACCES: permission denied, open '/usr/lib/code/extensions/jake/package.json': Error: EACCES: permission denied, open '/usr/lib/code/extensions/jake/package.json'
[2022-01-20 11:07:40.956] [renderer1] [error] EACCES: permission denied, open '/usr/lib/code/extensions/shellscript/package.json': Error: EACCES: permission denied, open '/usr/lib/code/extensions/shellscript/package.json'
[2022-01-20 11:07:40.956] [renderer1] [error] EACCES: permission denied, open '/usr/lib/code/extensions/ini/package.json': Error: EACCES: permission denied, open '/usr/lib/code/extensions/ini/package.json'
[2022-01-20 11:07:40.956] [renderer1] [error] EACCES: permission denied, open '/usr/lib/code/extensions/xml/package.json': Error: EACCES: permission denied, open '/usr/lib/code/extensions/xml/package.json'
[2022-01-20 11:07:40.958] [renderer1] [error] EACCES: permission denied, open '/usr/lib/code/extensions/csharp/package.json': Error: EACCES: permission denied, open '/usr/lib/code/extensions/csharp/package.json'
[2022-01-20 11:07:40.958] [renderer1] [error] EACCES: permission denied, open '/usr/lib/code/extensions/python/package.json': Error: EACCES: permission denied, open '/usr/lib/code/extensions/python/package.json'
[2022-01-20 11:07:40.958] [renderer1] [error] EACCES: permission denied, open '/usr/lib/code/extensions/lua/package.json': Error: EACCES: permission denied, open '/usr/lib/code/extensions/lua/package.json'
[2022-01-20 11:07:40.958] [renderer1] [error] EACCES: permission denied, open '/usr/lib/code/extensions/fsharp/package.json': Error: EACCES: permission denied, open '/usr/lib/code/extensions/fsharp/package.json'
[2022-01-20 11:07:40.958] [renderer1] [error] EACCES: permission denied, open '/usr/lib/code/extensions/hlsl/package.json': Error: EACCES: permission denied, open '/usr/lib/code/extensions/hlsl/package.json'
[2022-01-20 11:07:40.959] [renderer1] [error] EACCES: permission denied, open '/usr/lib/code/extensions/merge-conflict/package.json': Error: EACCES: permission denied, open '/usr/lib/code/extensions/merge-conflict/package.json'
[2022-01-20 11:07:40.959] [renderer1] [error] EACCES: permission denied, open '/usr/lib/code/extensions/typescript-basics/package.json': Error: EACCES: permission denied, open '/usr/lib/code/extensions/typescript-basics/package.json'
[2022-01-20 11:07:40.959] [renderer1] [error] EACCES: permission denied, open '/usr/lib/code/extensions/typescript-language-features/package.json': Error: EACCES: permission denied, open '/usr/lib/code/extensions/typescript-language-features/package.json'
[2022-01-20 11:07:40.959] [renderer1] [error] EACCES: permission denied, open '/usr/lib/code/extensions/css-language-features/package.json': Error: EACCES: permission denied, open '/usr/lib/code/extensions/css-language-features/package.json'
[2022-01-20 11:09:22.789] [renderer1] [error] EACCES: permission denied, open '/usr/lib/code/extensions/theme-monokai/package.json': Error: EACCES: permission denied, open '/usr/lib/code/extensions/theme-monokai/package.json'
[2022-01-20 11:09:22.789] [renderer1] [error] EACCES: permission denied, open '/usr/lib/code/extensions/sql/package.json': Error: EACCES: permission denied, open '/usr/lib/code/extensions/sql/package.json'
[2022-01-20 11:09:22.790] [renderer1] [error] EACCES: permission denied, open '/usr/lib/code/extensions/theme-solarized-dark/package.json': Error: EACCES: permission denied, open '/usr/lib/code/extensions/theme-solarized-dark/package.json'
[2022-01-20 11:09:22.790] [renderer1] [error] EACCES: permission denied, open '/usr/lib/code/extensions/theme-quietlight/package.json': Error: EACCES: permission denied, open '/usr/lib/code/extensions/theme-quietlight/package.json'
[2022-01-20 11:09:22.790] [renderer1] [error] EACCES: permission denied, open '/usr/lib/code/extensions/theme-monokai-dimmed/package.json': Error: EACCES: permission denied, open '/usr/lib/code/extensions/theme-monokai-dimmed/package.json'
[2022-01-20 11:09:22.790] [renderer1] [error] EACCES: permission denied, open '/usr/lib/code/extensions/powershell/package.json': Error: EACCES: permission denied, open '/usr/lib/code/extensions/powershell/package.json'
[2022-01-20 11:09:22.791] [renderer1] [error] EACCES: permission denied, open '/usr/lib/code/extensions/theme-defaults/package.json': Error: EACCES: permission denied, open '/usr/lib/code/extensions/theme-defaults/package.json'
[2022-01-20 11:09:22.791] [renderer1] [error] EACCES: permission denied, open '/usr/lib/code/extensions/theme-seti/package.json': Error: EACCES: permission denied, open '/usr/lib/code/extensions/theme-seti/package.json'
[2022-01-20 11:09:22.791] [renderer1] [error] EACCES: permission denied, open '/usr/lib/code/extensions/theme-abyss/package.json': Error: EACCES: permission denied, open '/usr/lib/code/extensions/theme-abyss/package.json'
[2022-01-20 11:09:22.791] [renderer1] [error] EACCES: permission denied, open '/usr/lib/code/extensions/theme-tomorrow-night-blue/package.json': Error: EACCES: permission denied, open '/usr/lib/code/extensions/theme-tomorrow-night-blue/package.json'
[2022-01-20 11:09:22.791] [renderer1] [error] EACCES: permission denied, open '/usr/lib/code/extensions/theme-kimbie-dark/package.json': Error: EACCES: permission denied, open '/usr/lib/code/extensions/theme-kimbie-dark/package.json'
[2022-01-20 11:09:22.792] [renderer1] [error] EACCES: permission denied, open '/usr/lib/code/extensions/theme-red/package.json': Error: EACCES: permission denied, open '/usr/lib/code/extensions/theme-red/package.json'
[2022-01-20 11:09:22.792] [renderer1] [error] EACCES: permission denied, open '/usr/lib/code/extensions/scss/package.json': Error: EACCES: permission denied, open '/usr/lib/code/extensions/scss/package.json'
[2022-01-20 11:09:22.792] [renderer1] [error] EACCES: permission denied, open '/usr/lib/code/extensions/markdown-language-features/package.json': Error: EACCES: permission denied, open '/usr/lib/code/extensions/markdown-language-features/package.json'
[2022-01-20 11:09:22.792] [renderer1] [error] EACCES: permission denied, open '/usr/lib/code/extensions/perl/package.json': Error: EACCES: permission denied, open '/usr/lib/code/extensions/perl/package.json'
[2022-01-20 11:09:22.792] [renderer1] [error] EACCES: permission denied, open '/usr/lib/code/extensions/pug/package.json': Error: EACCES: permission denied, open '/usr/lib/code/extensions/pug/package.json'
[2022-01-20 11:09:22.792] [renderer1] [error] EACCES: permission denied, open '/usr/lib/code/extensions/rust/package.json': Error: EACCES: permission denied, open '/usr/lib/code/extensions/rust/package.json'
[2022-01-20 11:09:22.792] [renderer1] [error] EACCES: permission denied, open '/usr/lib/code/extensions/ruby/package.json': Error: EACCES: permission denied, open '/usr/lib/code/extensions/ruby/package.json'
[2022-01-20 11:09:22.793] [renderer1] [error] EACCES: permission denied, open '/usr/lib/code/extensions/r/package.json': Error: EACCES: permission denied, open '/usr/lib/code/extensions/r/package.json'
[2022-01-20 11:09:22.793] [renderer1] [error] EACCES: permission denied, open '/usr/lib/code/extensions/swift/package.json': Error: EACCES: permission denied, open '/usr/lib/code/extensions/swift/package.json'
[2022-01-20 11:09:22.793] [renderer1] [error] EACCES: permission denied, open '/usr/lib/code/extensions/objective-c/package.json': Error: EACCES: permission denied, open '/usr/lib/code/extensions/objective-c/package.json'
[2022-01-20 11:09:22.793] [renderer1] [error] EACCES: permission denied, open '/usr/lib/code/extensions/razor/package.json': Error: EACCES: permission denied, open '/usr/lib/code/extensions/razor/package.json'
[2022-01-20 11:09:22.794] [renderer1] [error] EACCES: permission denied, open '/usr/lib/code/extensions/shaderlab/package.json': Error: EACCES: permission denied, open '/usr/lib/code/extensions/shaderlab/package.json'
[2022-01-20 11:09:22.794] [renderer1] [error] EACCES: permission denied, open '/usr/lib/code/extensions/vb/package.json': Error: EACCES: permission denied, open '/usr/lib/code/extensions/vb/package.json'
[2022-01-20 11:09:44.146] [renderer1] [error] EACCES: permission denied, open '/usr/lib/code/extensions/git/package.json': Error: EACCES: permission denied, open '/usr/lib/code/extensions/git/package.json'
[2022-01-20 11:09:44.146] [renderer1] [error] EACCES: permission denied, open '/usr/lib/code/extensions/theme-solarized-light/package.json': Error: EACCES: permission denied, open '/usr/lib/code/extensions/theme-solarized-light/package.json'
[2022-01-20 11:09:44.147] [renderer1] [error] EACCES: permission denied, open '/usr/lib/code/extensions/github/package.json': Error: EACCES: permission denied, open '/usr/lib/code/extensions/github/package.json'
[2022-01-20 11:09:44.147] [renderer1] [error] EACCES: permission denied, open '/usr/lib/code/extensions/php/package.json': Error: EACCES: permission denied, open '/usr/lib/code/extensions/php/package.json'
[2022-01-20 11:10:16.186] [renderer1] [error] EACCES: permission denied, open '/usr/lib/code/extensions/npm/package.json': Error: EACCES: permission denied, open '/usr/lib/code/extensions/npm/package.json'
[2022-01-20 11:10:16.187] [renderer1] [error] EACCES: permission denied, open '/usr/lib/code/extensions/json-language-features/package.json': Error: EACCES: permission denied, open '/usr/lib/code/extensions/json-language-features/package.json'
[2022-01-20 11:10:16.187] [renderer1] [error] EACCES: permission denied, open '/usr/lib/code/extensions/json/package.json': Error: EACCES: permission denied, open '/usr/lib/code/extensions/json/package.json'
[2022-01-20 11:10:16.187] [renderer1] [error] EACCES: permission denied, open '/usr/lib/code/extensions/html-language-features/package.json': Error: EACCES: permission denied, open '/usr/lib/code/extensions/html-language-features/package.json'
[2022-01-20 11:10:16.187] [renderer1] [error] EACCES: permission denied, open '/usr/lib/code/extensions/yaml/package.json': Error: EACCES: permission denied, open '/usr/lib/code/extensions/yaml/package.json'
[2022-01-20 11:10:16.188] [renderer1] [error] EACCES: permission denied, open '/usr/lib/code/extensions/cpp/package.json': Error: EACCES: permission denied, open '/usr/lib/code/extensions/cpp/package.json'
[2022-01-20 11:10:16.188] [renderer1] [error] EACCES: permission denied, open '/usr/lib/code/extensions/html/package.json': Error: EACCES: permission denied, open '/usr/lib/code/extensions/html/package.json'
[2022-01-20 11:10:16.188] [renderer1] [error] EACCES: permission denied, open '/usr/lib/code/extensions/css/package.json': Error: EACCES: permission denied, open '/usr/lib/code/extensions/css/package.json'
[2022-01-20 11:10:16.188] [renderer1] [error] EACCES: permission denied, open '/usr/lib/code/extensions/markdown-basics/package.json': Error: EACCES: permission denied, open '/usr/lib/code/extensions/markdown-basics/package.json'
[2022-01-20 11:10:16.188] [renderer1] [error] EACCES: permission denied, open '/usr/lib/code/extensions/java/package.json': Error: EACCES: permission denied, open '/usr/lib/code/extensions/java/package.json'
[2022-01-20 11:10:16.188] [renderer1] [error] EACCES: permission denied, open '/usr/lib/code/extensions/javascript/package.json': Error: EACCES: permission denied, open '/usr/lib/code/extensions/javascript/package.json'
[2022-01-20 11:10:16.189] [renderer1] [error] EACCES: permission denied, open '/usr/lib/code/extensions/docker/package.json': Error: EACCES: permission denied, open '/usr/lib/code/extensions/docker/package.json'
[2022-01-20 11:10:16.189] [renderer1] [error] EACCES: permission denied, open '/usr/lib/code/extensions/log/package.json': Error: EACCES: permission denied, open '/usr/lib/code/extensions/log/package.json'
[2022-01-20 11:10:16.189] [renderer1] [error] EACCES: permission denied, open '/usr/lib/code/extensions/configuration-editing/package.json': Error: EACCES: permission denied, open '/usr/lib/code/extensions/configuration-editing/package.json'
[2022-01-20 11:10:16.189] [renderer1] [error] EACCES: permission denied, open '/usr/lib/code/extensions/debug-auto-launch/package.json': Error: EACCES: permission denied, open '/usr/lib/code/extensions/debug-auto-launch/package.json'
[2022-01-20 11:10:16.189] [renderer1] [error] EACCES: permission denied, open '/usr/lib/code/extensions/make/package.json': Error: EACCES: permission denied, open '/usr/lib/code/extensions/make/package.json'
[2022-01-20 11:10:16.190] [renderer1] [error] EACCES: permission denied, open '/usr/lib/code/extensions/handlebars/package.json': Error: EACCES: permission denied, open '/usr/lib/code/extensions/handlebars/package.json'
[2022-01-20 11:10:16.190] [renderer1] [error] EACCES: permission denied, open '/usr/lib/code/extensions/less/package.json': Error: EACCES: permission denied, open '/usr/lib/code/extensions/less/package.json'
[2022-01-20 11:10:16.190] [renderer1] [error] EACCES: permission denied, open '/usr/lib/code/extensions/go/package.json': Error: EACCES: permission denied, open '/usr/lib/code/extensions/go/package.json'
[2022-01-20 11:10:16.190] [renderer1] [error] EACCES: permission denied, open '/usr/lib/code/extensions/bat/package.json': Error: EACCES: permission denied, open '/usr/lib/code/extensions/bat/package.json'
[2022-01-20 11:10:16.190] [renderer1] [error] EACCES: permission denied, open '/usr/lib/code/extensions/clojure/package.json': Error: EACCES: permission denied, open '/usr/lib/code/extensions/clojure/package.json'
[2022-01-20 11:10:16.190] [renderer1] [error] EACCES: permission denied, open '/usr/lib/code/extensions/emmet/package.json': Error: EACCES: permission denied, open '/usr/lib/code/extensions/emmet/package.json'
[2022-01-20 11:10:16.191] [renderer1] [error] EACCES: permission denied, open '/usr/lib/code/extensions/coffeescript/package.json': Error: EACCES: permission denied, open '/usr/lib/code/extensions/coffeescript/package.json'
[2022-01-20 11:10:16.191] [renderer1] [error] EACCES: permission denied, open '/usr/lib/code/extensions/groovy/package.json': Error: EACCES: permission denied, open '/usr/lib/code/extensions/groovy/package.json'
[2022-01-20 11:10:16.191] [renderer1] [error] EACCES: permission denied, open '/usr/lib/code/extensions/grunt/package.json': Error: EACCES: permission denied, open '/usr/lib/code/extensions/grunt/package.json'
[2022-01-20 11:10:16.191] [renderer1] [error] EACCES: permission denied, open '/usr/lib/code/extensions/gulp/package.json': Error: EACCES: permission denied, open '/usr/lib/code/extensions/gulp/package.json'
[2022-01-20 11:10:16.192] [renderer1] [error] EACCES: permission denied, open '/usr/lib/code/extensions/jake/package.json': Error: EACCES: permission denied, open '/usr/lib/code/extensions/jake/package.json'
[2022-01-20 11:10:16.192] [renderer1] [error] EACCES: permission denied, open '/usr/lib/code/extensions/shellscript/package.json': Error: EACCES: permission denied, open '/usr/lib/code/extensions/shellscript/package.json'
[2022-01-20 11:10:16.192] [renderer1] [error] EACCES: permission denied, open '/usr/lib/code/extensions/xml/package.json': Error: EACCES: permission denied, open '/usr/lib/code/extensions/xml/package.json'
[2022-01-20 11:10:16.192] [renderer1] [error] EACCES: permission denied, open '/usr/lib/code/extensions/ini/package.json': Error: EACCES: permission denied, open '/usr/lib/code/extensions/ini/package.json'
[2022-01-20 11:10:16.192] [renderer1] [error] EACCES: permission denied, open '/usr/lib/code/extensions/csharp/package.json': Error: EACCES: permission denied, open '/usr/lib/code/extensions/csharp/package.json'
[2022-01-20 11:10:16.193] [renderer1] [error] EACCES: permission denied, open '/usr/lib/code/extensions/python/package.json': Error: EACCES: permission denied, open '/usr/lib/code/extensions/python/package.json'
[2022-01-20 11:10:16.193] [renderer1] [error] EACCES: permission denied, open '/usr/lib/code/extensions/lua/package.json': Error: EACCES: permission denied, open '/usr/lib/code/extensions/lua/package.json'
[2022-01-20 11:10:16.193] [renderer1] [error] EACCES: permission denied, open '/usr/lib/code/extensions/fsharp/package.json': Error: EACCES: permission denied, open '/usr/lib/code/extensions/fsharp/package.json'
[2022-01-20 11:10:16.193] [renderer1] [error] EACCES: permission denied, open '/usr/lib/code/extensions/hlsl/package.json': Error: EACCES: permission denied, open '/usr/lib/code/extensions/hlsl/package.json'
[2022-01-20 11:10:16.194] [renderer1] [error] EACCES: permission denied, open '/usr/lib/code/extensions/merge-conflict/package.json': Error: EACCES: permission denied, open '/usr/lib/code/extensions/merge-conflict/package.json'
[2022-01-20 11:10:16.194] [renderer1] [error] EACCES: permission denied, open '/usr/lib/code/extensions/typescript-basics/package.json': Error: EACCES: permission denied, open '/usr/lib/code/extensions/typescript-basics/package.json'
[2022-01-20 11:10:16.194] [renderer1] [error] EACCES: permission denied, open '/usr/lib/code/extensions/typescript-language-features/package.json': Error: EACCES: permission denied, open '/usr/lib/code/extensions/typescript-language-features/package.json'
[2022-01-20 11:10:16.194] [renderer1] [error] EACCES: permission denied, open '/usr/lib/code/extensions/css-language-features/package.json': Error: EACCES: permission denied, open '/usr/lib/code/extensions/css-language-features/package.json'
[2022-01-20 11:10:17.396] [renderer1] [error] EACCES: permission denied, open '/usr/lib/code/extensions/git/package.json': Error: EACCES: permission denied, open '/usr/lib/code/extensions/git/package.json'
[2022-01-20 11:10:17.396] [renderer1] [error] EACCES: permission denied, open '/usr/lib/code/extensions/theme-solarized-light/package.json': Error: EACCES: permission denied, open '/usr/lib/code/extensions/theme-solarized-light/package.json'
[2022-01-20 11:10:17.396] [renderer1] [error] EACCES: permission denied, open '/usr/lib/code/extensions/github/package.json': Error: EACCES: permission denied, open '/usr/lib/code/extensions/github/package.json'
[2022-01-20 11:10:17.397] [renderer1] [error] EACCES: permission denied, open '/usr/lib/code/extensions/php/package.json': Error: EACCES: permission denied, open '/usr/lib/code/extensions/php/package.json'
[2022-01-20 11:10:18.226] [renderer1] [error] EACCES: permission denied, open '/usr/lib/code/extensions/php-language-features/package.json': Error: EACCES: permission denied, open '/usr/lib/code/extensions/php-language-features/package.json'
[2022-01-20 11:10:18.227] [renderer1] [error] EACCES: permission denied, open '/usr/lib/code/extensions/emmet/package.json': Error: EACCES: permission denied, open '/usr/lib/code/extensions/emmet/package.json'
[2022-01-20 11:11:40.232] [renderer1] [error] Error: Unable to read file '/home/emadou/Work/CabinetRahbani/front-end/index.php' (Error: Unable to resolve nonexistent file '/home/emadou/Work/CabinetRahbani/front-end/index.php')
    at i.handleSetInputError (vscode-file://vscode-app/usr/lib/code/out/vs/workbench/workbench.desktop.main.js:2342:143410)
    at i.handleSetInputError (vscode-file://vscode-app/usr/lib/code/out/vs/workbench/workbench.desktop.main.js:2342:147201)
    at i.setInput (vscode-file://vscode-app/usr/lib/code/out/vs/workbench/workbench.desktop.main.js:2342:143104)
    at async n.doSetInput (vscode-file://vscode-app/usr/lib/code/out/vs/workbench/workbench.desktop.main.js:2342:34632)
    at async n.doOpenEditor (vscode-file://vscode-app/usr/lib/code/out/vs/workbench/workbench.desktop.main.js:2342:33032)
    at async n.openEditor (vscode-file://vscode-app/usr/lib/code/out/vs/workbench/workbench.desktop.main.js:2342:32680)
    at async vscode-file://vscode-app/usr/lib/code/out/vs/workbench/workbench.desktop.main.js:2544:16967
    at async Za.$tryShowTextDocument (vscode-file://vscode-app/usr/lib/code/out/vs/workbench/workbench.desktop.main.js:2341:15197)
[2022-01-20 11:11:57.010] [renderer1] [info] Starting extension host with pid 60758.
[2022-01-20 11:11:57.010] [renderer1] [info] [LocalProcessExtensionHost]: IExtensionHostStarter.start() took 21 ms.
[2022-01-20 11:11:57.502] [renderer1] [error] [Extension Host] (node:60758) [DEP0005] DeprecationWarning: Buffer() is deprecated due to security and usability issues. Please use the Buffer.alloc(), Buffer.allocUnsafe(), or Buffer.from() methods instead.
(Use `electron --trace-deprecation ...` to show where the warning was created)
[2022-01-20 11:16:10.651] [renderer1] [error] Cannot refresh property when process is undefined: Error: Cannot refresh property when process is undefined
    at k.refreshProperty (vscode-file://vscode-app/usr/lib/code/out/vs/workbench/workbench.desktop.main.js:1713:24164)
    at ii.refreshProperty (vscode-file://vscode-app/usr/lib/code/out/vs/workbench/workbench.desktop.main.js:2756:8139)
    at async ii._updateProcessCwd (vscode-file://vscode-app/usr/lib/code/out/vs/workbench/workbench.desktop.main.js:2755:968)
[2022-01-20 11:16:17.557] [renderer1] [error] Cannot refresh property when process is undefined: Error: Cannot refresh property when process is undefined
    at k.refreshProperty (vscode-file://vscode-app/usr/lib/code/out/vs/workbench/workbench.desktop.main.js:1713:24164)
    at ii.refreshProperty (vscode-file://vscode-app/usr/lib/code/out/vs/workbench/workbench.desktop.main.js:2756:8139)
    at async ii._updateProcessCwd (vscode-file://vscode-app/usr/lib/code/out/vs/workbench/workbench.desktop.main.js:2755:968)
[2022-01-20 11:16:19.699] [renderer1] [error] Cannot refresh property when process is undefined: Error: Cannot refresh property when process is undefined
    at k.refreshProperty (vscode-file://vscode-app/usr/lib/code/out/vs/workbench/workbench.desktop.main.js:1713:24164)
    at ii.refreshProperty (vscode-file://vscode-app/usr/lib/code/out/vs/workbench/workbench.desktop.main.js:2756:8139)
    at async ii._updateProcessCwd (vscode-file://vscode-app/usr/lib/code/out/vs/workbench/workbench.desktop.main.js:2755:968)
[2022-01-20 11:16:21.356] [renderer1] [error] Cannot refresh property when process is undefined: Error: Cannot refresh property when process is undefined
    at k.refreshProperty (vscode-file://vscode-app/usr/lib/code/out/vs/workbench/workbench.desktop.main.js:1713:24164)
    at ii.refreshProperty (vscode-file://vscode-app/usr/lib/code/out/vs/workbench/workbench.desktop.main.js:2756:8139)
    at async ii._updateProcessCwd (vscode-file://vscode-app/usr/lib/code/out/vs/workbench/workbench.desktop.main.js:2755:968)
[2022-01-20 11:16:33.961] [renderer1] [info] Starting extension host with pid 61341.
[2022-01-20 11:16:33.961] [renderer1] [info] [LocalProcessExtensionHost]: IExtensionHostStarter.start() took 22 ms.
[2022-01-20 11:16:35.120] [renderer1] [error] [Extension Host] (node:61341) [DEP0005] DeprecationWarning: Buffer() is deprecated due to security and usability issues. Please use the Buffer.alloc(), Buffer.allocUnsafe(), or Buffer.from() methods instead.
(Use `electron --trace-deprecation ...` to show where the warning was created)
[2022-01-20 11:21:09.183] [renderer1] [error] Cannot refresh property when process is undefined: Error: Cannot refresh property when process is undefined
    at k.refreshProperty (vscode-file://vscode-app/usr/lib/code/out/vs/workbench/workbench.desktop.main.js:1713:24164)
    at ii.refreshProperty (vscode-file://vscode-app/usr/lib/code/out/vs/workbench/workbench.desktop.main.js:2756:8139)
    at async ii._updateProcessCwd (vscode-file://vscode-app/usr/lib/code/out/vs/workbench/workbench.desktop.main.js:2755:968)
[2022-01-20 11:21:50.378] [renderer1] [error] [Extension Host] Loaded config default.

[2022-01-20 11:22:20.383] [renderer1] [error] [Extension Host] Loaded config default.

