[2022-01-26 22:02:13.783] [exthost] [info] Extension host with pid 68391 started
[2022-01-26 22:02:13.783] [exthost] [info] Skipping acquiring lock for /home/emadou/.config/Code - OSS/User/workspaceStorage/97732c9df7cc1f68d9ae1c63e69d286c.
[2022-01-26 22:02:13.884] [exthost] [info] ExtensionService#_doActivateExtension vscode.emmet, startup: false, activationEvent: 'onLanguage:php'
[2022-01-26 22:02:13.891] [exthost] [info] ExtensionService#_doActivateExtension vscode.php-language-features, startup: false, activationEvent: 'onLanguage:php'
[2022-01-26 22:02:13.900] [exthost] [info] ExtensionService#_doActivateExtension junstyle.php-cs-fixer, startup: false, activationEvent: 'onLanguage:php'
[2022-01-26 22:02:14.026] [exthost] [info] ExtensionService#_doActivateExtension ritwickdey.LiveServer, startup: false, activationEvent: 'onLanguage:php'
[2022-01-26 22:02:14.217] [exthost] [info] ExtensionService#_doActivateExtension vscode.debug-auto-launch, startup: true, activationEvent: '*'
[2022-01-26 22:02:14.219] [exthost] [info] ExtensionService#_doActivateExtension vscode.git, startup: true, activationEvent: '*', root cause: vscode.github
[2022-01-26 22:02:14.234] [exthost] [info] ExtensionService#_doActivateExtension vscodevim.vim, startup: true, activationEvent: '*'
[2022-01-26 22:02:14.360] [exthost] [info] ExtensionService#_doActivateExtension vscode.github, startup: true, activationEvent: '*'
[2022-01-26 22:02:14.393] [exthost] [info] Eager extensions activated
[2022-01-26 22:02:14.424] [exthost] [info] ExtensionService#_doActivateExtension vscode.merge-conflict, startup: false, activationEvent: 'onStartupFinished'
[2022-01-26 22:02:14.426] [exthost] [info] ExtensionService#_doActivateExtension esbenp.prettier-vscode, startup: false, activationEvent: 'onStartupFinished'
[2022-01-26 22:02:18.344] [exthost] [info] ExtensionService#_doActivateExtension redhat.vscode-xml, startup: false, activationEvent: 'onLanguage:xml'
[2022-01-26 22:02:18.968] [exthost] [warning] [redhat.vscode-xml] Accessing a resource scoped configuration without providing a resource is not expected. To get the effective value for '[xml]', provide the URI of a resource or 'null' for any resource.
[2022-01-26 22:05:22.177] [exthost] [info] extension host terminating: renderer closed the socket
[2022-01-26 22:05:22.526] [exthost] [error] TypeError: r.some is not a function
    at Function.saveToDisk (/home/emadou/.vscode-oss/extensions/vscodevim.vim-1.21.10/src/register/register.ts:350:30)
    at Object.e.deactivate (/home/emadou/.vscode-oss/extensions/vscodevim.vim-1.21.10/extension.ts:37:18)
    at w._deactivate (/usr/lib/code/out/vs/workbench/services/extensions/node/extensionHostProcess.js:99:11449)
    at /usr/lib/code/out/vs/workbench/services/extensions/node/extensionHostProcess.js:99:9997
    at Array.map (<anonymous>)
    at w.deactivateAll (/usr/lib/code/out/vs/workbench/services/extensions/node/extensionHostProcess.js:99:9985)
    at b.terminate (/usr/lib/code/out/vs/workbench/services/extensions/node/extensionHostProcess.js:103:735)
    at o (/usr/lib/code/out/vs/workbench/services/extensions/node/extensionHostProcess.js:113:32681)
    at Socket.<anonymous> (/usr/lib/code/out/vs/workbench/services/extensions/node/extensionHostProcess.js:113:30296)
    at Socket.emit (events.js:327:22)
    at Pipe.<anonymous> (net.js:673:12)
[2022-01-26 22:05:23.189] [exthost] [info] Extension host with pid 68391 exiting with code 0
