[2022-01-16 20:33:18.385] [exthost] [info] Extension host with pid 51672 started
[2022-01-16 20:33:18.457] [exthost] [info] ExtensionService#_doActivateExtension vscode.debug-auto-launch, startup: true, activationEvent: '*'
[2022-01-16 20:33:18.461] [exthost] [info] ExtensionService#_doActivateExtension vscode.git, startup: true, activationEvent: '*', root cause: vscode.github
[2022-01-16 20:33:18.483] [exthost] [info] ExtensionService#_doActivateExtension vscodevim.vim, startup: true, activationEvent: '*'
[2022-01-16 20:33:18.694] [exthost] [info] ExtensionService#_doActivateExtension vscode.github, startup: true, activationEvent: '*'
[2022-01-16 20:33:18.716] [exthost] [info] Eager extensions activated
[2022-01-16 20:33:18.724] [exthost] [info] ExtensionService#_doActivateExtension vscode.merge-conflict, startup: false, activationEvent: 'onStartupFinished'
[2022-01-16 20:33:18.729] [exthost] [info] ExtensionService#_doActivateExtension esbenp.prettier-vscode, startup: false, activationEvent: 'onStartupFinished'
[2022-01-16 20:34:49.362] [exthost] [warning] TextEditor is closed/disposed
[2022-01-16 20:34:49.362] [exthost] [warning] TextEditor is closed/disposed
[2022-01-16 20:34:49.376] [exthost] [warning] {"name":"DISPOSED","message":"TextEditor(vs.editor.ICodeEditor:1,$model1) has been disposed"}
[2022-01-16 20:34:51.817] [exthost] [info] extension host terminating: renderer closed the socket
[2022-01-16 20:34:52.184] [exthost] [error] TypeError: Converting circular structure to JSON
    --> starting at object with constructor 't'
    |     property '_readableState' -> object with constructor 'C'
    |     property 'pipes' -> object with constructor 'Array'
    |     index 0 -> object with constructor 't.ConsoleForElectron'
    --- property 'parent' closes the circle
    at JSON.stringify (<anonymous>)
    at async (/home/emadou/.vscode-oss/extensions/vscodevim.vim-1.21.10/src/register/register.ts:357:16)
    at Object.e.deactivate (/home/emadou/.vscode-oss/extensions/vscodevim.vim-1.21.10/extension.ts:36:8)
    at async Promise.all (index 5)
    at w.deactivateAll (/usr/lib/code/out/vs/workbench/services/extensions/node/extensionHostProcess.js:99:10023)
[2022-01-16 20:34:52.836] [exthost] [info] Extension host with pid 51672 exiting with code 0
