Validating found git in: git
Using git 2.34.1 from git
> git rev-parse --git-dir
Open repository: /home/emadou/Work/CabinetRahbani
> git status -z -u
> git symbolic-ref --short HEAD
> git for-each-ref --format=%(refname)%00%(upstream:short)%00%(objectname)%00%(upstream:track) refs/heads/main refs/remotes/main
> git for-each-ref --sort -committerdate --format %(refname) %(objectname) %(*objectname)
> git remote --verbose
> git config --get commit.template
> git show --textconv :webapp/index.php
> git ls-files --stage -- /home/emadou/Work/CabinetRahbani/webapp/index.php
> git check-ignore -v -z --stdin
Opening repository for path='/home/emadou/Downloads' failed; ex=Failed to execute git {
  "exitCode": 128,
  "gitErrorCode": "NotAGitRepository",
  "gitCommand": "rev-parse",
  "stdout": "",
  "stderr": "fatal: not a git repository (or any of the parent directories): .git\n"
}
> git show --textconv :webapp/database/action.php
> git ls-files --stage -- /home/emadou/Work/CabinetRahbani/webapp/database/action.php
> git check-ignore -v -z --stdin
> git check-ignore -v -z --stdin
> git show --textconv :web_site/dashboard.php
> git ls-files --stage -- /home/emadou/Work/CabinetRahbani/web_site/dashboard.php
> git cat-file -s 1a6e536cf8e52770106d5a835907ec21ea6128a5
> git status -z -u
> git symbolic-ref --short HEAD
> git for-each-ref --format=%(refname)%00%(upstream:short)%00%(objectname)%00%(upstream:track) refs/heads/main refs/remotes/main
> git for-each-ref --sort -committerdate --format %(refname) %(objectname) %(*objectname)
> git remote --verbose
> git config --get commit.template
> git status -z -u
> git symbolic-ref --short HEAD
> git for-each-ref --format=%(refname)%00%(upstream:short)%00%(objectname)%00%(upstream:track) refs/heads/main refs/remotes/main
> git for-each-ref --sort -committerdate --format %(refname) %(objectname) %(*objectname)
> git remote --verbose
> git config --get commit.template
> git status -z -u
> git symbolic-ref --short HEAD
> git for-each-ref --format=%(refname)%00%(upstream:short)%00%(objectname)%00%(upstream:track) refs/heads/main refs/remotes/main
> git for-each-ref --sort -committerdate --format %(refname) %(objectname) %(*objectname)
> git remote --verbose
> git config --get commit.template
> git show --textconv :web_site/index.php
> git ls-files --stage -- /home/emadou/Work/CabinetRahbani/web_site/index.php
> git cat-file -s 66bdc686b6aee991d4780daa0a0e3ec763aa0a9f
> git check-ignore -v -z --stdin
> git check-ignore -v -z --stdin
> git show --textconv :web_site/src/components/home/home.php
> git ls-files --stage -- /home/emadou/Work/CabinetRahbani/web_site/src/components/home/home.php
> git cat-file -s d425343739d7af1e1c552844b8b9b59c9543e992
