Validating found git in: git
Using git 2.34.1 from git
> git rev-parse --git-dir
Open repository: /home/emadou/Work/CabinetRahbani
> git status -z -u
> git symbolic-ref --short HEAD
> git for-each-ref --format=%(refname)%00%(upstream:short)%00%(objectname)%00%(upstream:track) refs/heads/main refs/remotes/main
> git for-each-ref --sort -committerdate --format %(refname) %(objectname) %(*objectname)
> git remote --verbose
> git config --get commit.template
> git check-ignore -v -z --stdin
> git check-ignore -v -z --stdin
> git check-ignore -v -z --stdin
> git show --textconv :webapp/index.php
> git ls-files --stage -- /home/emadou/Work/CabinetRahbani/webapp/index.php
> git check-ignore -v -z --stdin
> git check-ignore -v -z --stdin
> git show --textconv :webapp/database/action.php
> git ls-files --stage -- /home/emadou/Work/CabinetRahbani/webapp/database/action.php
> git show --textconv :webapp/database/conn.php
> git ls-files --stage -- /home/emadou/Work/CabinetRahbani/webapp/database/conn.php
> git show --textconv :webapp/database/action.php
> git ls-files --stage -- /home/emadou/Work/CabinetRahbani/webapp/database/action.php
> git show --textconv :webapp/database/conn.php
> git ls-files --stage -- /home/emadou/Work/CabinetRahbani/webapp/database/conn.php
> git show --textconv :webapp/database/action.php
> git ls-files --stage -- /home/emadou/Work/CabinetRahbani/webapp/database/action.php
> git show --textconv :webapp/database/conn.php
> git ls-files --stage -- /home/emadou/Work/CabinetRahbani/webapp/database/conn.php
> git show --textconv :webapp/database/action.php
> git ls-files --stage -- /home/emadou/Work/CabinetRahbani/webapp/database/action.php
