{"logTime": "1215/083613", "correlationVector":"78YJBLN2MFDeZy1CCl9sX2.2","action":"GetUpdates Response", "result":"SYNCER_OK"}
{"logTime": "1215/083731", "correlationVector":"SwC0pf7OOg9JIv/6w1UCUH","action":"Normal GetUpdate request", "result":""}
{"logTime": "1215/083731", "correlationVector":"SwC0pf7OOg9JIv/6w1UCUH.1","action":"SyncServerConnectionManagerRequest", "result":"SYNC_SERVER_OK", "context":{"environment":"48F630A6-CB1B-4CC7-86AF-0F6627234B58", "server":"AM3PEPF00000991"}}
{"logTime": "1215/083731", "correlationVector":"SwC0pf7OOg9JIv/6w1UCUH.2","action":"GetUpdates Response", "result":"SYNCER_OK"}
{"logTime": "1215/085023", "correlationVector":"b1Bud0wLaR41cN25z2A51r.0","action":"FeedSettingFetch_homeCloud", "result":"0", "context":{}}
{"logTime": "1215/085023", "correlationVector":"A0CNGVBqiWtSOLqdINATMR","action":"Normal GetUpdate request", "result":""}
{"logTime": "1215/085023", "correlationVector":"A0CNGVBqiWtSOLqdINATMR.1","action":"SyncServerConnectionManagerRequest", "result":"SYNC_SERVER_OK", "context":{"environment":"48F630A6-CB1B-4CC7-86AF-0F6627234B58", "server":"AM3PEPF00000972"}}
{"logTime": "1215/085023", "correlationVector":"A0CNGVBqiWtSOLqdINATMR.2","action":"GetUpdates Response", "result":"SYNCER_OK"}
{"logTime": "1215/085023", "correlationVector":"TayZbMlcjE5lHoJXcqbokN","action":"Commit Request", "result":""}
{"logTime": "1215/085023", "correlationVector":"TayZbMlcjE5lHoJXcqbokN.1","action":"SyncServerConnectionManagerRequest", "result":"SYNC_SERVER_OK", "context":{"environment":"48F630A6-CB1B-4CC7-86AF-0F6627234B58", "server":"AM3PEPF00000972"}}
{"logTime": "1215/085023", "correlationVector":"TayZbMlcjE5lHoJXcqbokN.2","action":"Commit Response", "result":"SYNCER_OK"}
{"logTime": "1215/085326", "correlationVector":"QdUvF4NEz4FFRHTcJj+wSU","action":"Poll GetUpdate request", "result":""}
{"logTime": "1215/085326", "correlationVector":"QdUvF4NEz4FFRHTcJj+wSU.1","action":"SyncServerConnectionManagerRequest", "result":"SYNC_SERVER_OK", "context":{"environment":"48F630A6-CB1B-4CC7-86AF-0F6627234B58", "server":"AM3PEPF00000999"}}
{"logTime": "1215/085326", "correlationVector":"QdUvF4NEz4FFRHTcJj+wSU.2","action":"GetUpdates Response", "result":"SYNCER_OK"}
{"logTime": "1215/091141", "correlationVector":"SON9aSjvG7ejkfBRPLPm41","action":"Normal GetUpdate request", "result":""}
{"logTime": "1215/091142", "correlationVector":"SON9aSjvG7ejkfBRPLPm41.1","action":"SyncServerConnectionManagerRequest", "result":"SYNC_SERVER_OK", "context":{"environment":"48F630A6-CB1B-4CC7-86AF-0F6627234B58", "server":"AM3PEPF00000981"}}
{"logTime": "1215/091142", "correlationVector":"SON9aSjvG7ejkfBRPLPm41.2","action":"GetUpdates Response", "result":"SYNCER_OK"}
{"logTime": "1215/091300", "correlationVector":"kbuKXVbVZV6gQy27y+FnJi","action":"Normal GetUpdate request", "result":""}
{"logTime": "1215/091300", "correlationVector":"kbuKXVbVZV6gQy27y+FnJi.1","action":"SyncServerConnectionManagerRequest", "result":"SYNC_SERVER_OK", "context":{"environment":"48F630A6-CB1B-4CC7-86AF-0F6627234B58", "server":"AM3PEPF00000981"}}
{"logTime": "1215/091300", "correlationVector":"kbuKXVbVZV6gQy27y+FnJi.2","action":"GetUpdates Response", "result":"SYNCER_OK"}
{"logTime": "1215/100033", "correlationVector":"/TZrWH7VFoyecnGMF3fFCD","action":"Normal GetUpdate request", "result":""}
{"logTime": "1215/100033", "correlationVector":"/TZrWH7VFoyecnGMF3fFCD.1","action":"SyncServerConnectionManagerRequest", "result":"SYNC_SERVER_OK", "context":{"environment":"48F630A6-CB1B-4CC7-86AF-0F6627234B58", "server":"AM3PEPF0000099B"}}
{"logTime": "1215/100033", "correlationVector":"/TZrWH7VFoyecnGMF3fFCD.2","action":"GetUpdates Response", "result":"SYNCER_OK"}
{"logTime": "1215/100152", "correlationVector":"SvCKP6K4VnUqhkYmoIS5xr","action":"Normal GetUpdate request", "result":""}
{"logTime": "1215/100152", "correlationVector":"SvCKP6K4VnUqhkYmoIS5xr.1","action":"SyncServerConnectionManagerRequest", "result":"SYNC_SERVER_OK", "context":{"environment":"48F630A6-CB1B-4CC7-86AF-0F6627234B58", "server":"AM3PEPF0000099B"}}
{"logTime": "1215/100152", "correlationVector":"SvCKP6K4VnUqhkYmoIS5xr.2","action":"GetUpdates Response", "result":"SYNCER_OK"}
{"logTime": "1215/100714", "correlationVector":"UxhoEckXkccuhhC58iSxx/","action":"Normal GetUpdate request", "result":""}
{"logTime": "1215/100715", "correlationVector":"UxhoEckXkccuhhC58iSxx/.1","action":"SyncServerConnectionManagerRequest", "result":"SYNC_SERVER_OK", "context":{"environment":"48F630A6-CB1B-4CC7-86AF-0F6627234B58", "server":"AM3PEPF0000098F"}}
{"logTime": "1215/100715", "correlationVector":"UxhoEckXkccuhhC58iSxx/.2","action":"GetUpdates Response", "result":"SYNCER_OK"}
{"logTime": "1215/100833", "correlationVector":"/GYKaODu0NFYoPhoGhCKR+","action":"Normal GetUpdate request", "result":""}
{"logTime": "1215/100833", "correlationVector":"/GYKaODu0NFYoPhoGhCKR+.1","action":"SyncServerConnectionManagerRequest", "result":"SYNC_SERVER_OK", "context":{"environment":"48F630A6-CB1B-4CC7-86AF-0F6627234B58", "server":"AM3PEPF0000098F"}}
{"logTime": "1215/100833", "correlationVector":"/GYKaODu0NFYoPhoGhCKR+.2","action":"GetUpdates Response", "result":"SYNCER_OK"}
{"logTime": "1215/103638", "correlationVector":"2g7/XAyP9Jsp8T3R+f2fNP","action":"Commit Request", "result":""}
{"logTime": "1215/103638", "correlationVector":"2g7/XAyP9Jsp8T3R+f2fNP.1","action":"SyncServerConnectionManagerRequest", "result":"SYNC_SERVER_OK", "context":{"environment":"48F630A6-CB1B-4CC7-86AF-0F6627234B58", "server":"AM3PEPF0000098D"}}
{"logTime": "1215/103638", "correlationVector":"2g7/XAyP9Jsp8T3R+f2fNP.2","action":"Commit Response", "result":"SYNCER_OK"}
{"logTime": "1215/103638", "correlationVector":"/BfF9J7PoOsPLGwreljO4g","action":"Commit Request", "result":""}
{"logTime": "1215/103639", "correlationVector":"/BfF9J7PoOsPLGwreljO4g.1","action":"SyncServerConnectionManagerRequest", "result":"SYNC_SERVER_OK", "context":{"environment":"48F630A6-CB1B-4CC7-86AF-0F6627234B58", "server":"AM3PEPF0000098D"}}
{"logTime": "1215/103639", "correlationVector":"/BfF9J7PoOsPLGwreljO4g.2","action":"Commit Response", "result":"SYNCER_OK"}
{"logTime": "1215/105546", "correlationVector":"4q46hpjvdf6sNBU0lf7H/x.0","action":"FeedSettingFetch_homeCloud", "result":"0", "context":{}}
{"logTime": "1215/105546", "correlationVector":"QErUnr/rROA0rghVCd6uCZ","action":"Normal GetUpdate request", "result":""}
{"logTime": "1215/105546", "correlationVector":"QErUnr/rROA0rghVCd6uCZ.1","action":"SyncServerConnectionManagerRequest", "result":"SYNC_SERVER_OK", "context":{"environment":"48F630A6-CB1B-4CC7-86AF-0F6627234B58", "server":"AM3PEPF0000097E"}}
{"logTime": "1215/105546", "correlationVector":"QErUnr/rROA0rghVCd6uCZ.2","action":"GetUpdates Response", "result":"SYNCER_OK"}
{"logTime": "1215/105828", "correlationVector":"4BPdlOWof91J4WDrd0M9fC","action":"Commit Request", "result":""}
{"logTime": "1215/105828", "correlationVector":"4BPdlOWof91J4WDrd0M9fC.1","action":"SyncServerConnectionManagerRequest", "result":"SYNC_SERVER_OK", "context":{"environment":"48F630A6-CB1B-4CC7-86AF-0F6627234B58", "server":"AM3PEPF0000098C"}}
{"logTime": "1215/105828", "correlationVector":"4BPdlOWof91J4WDrd0M9fC.2","action":"Commit Response", "result":"SYNCER_OK"}
{"logTime": "1215/105844", "correlationVector":"p1HXQF1x3E1P80oB83wunS","action":"Commit Request", "result":""}
{"logTime": "1215/105845", "correlationVector":"p1HXQF1x3E1P80oB83wunS.1","action":"SyncServerConnectionManagerRequest", "result":"SYNC_SERVER_OK", "context":{"environment":"48F630A6-CB1B-4CC7-86AF-0F6627234B58", "server":"AM3PEPF0000098C"}}
{"logTime": "1215/105845", "correlationVector":"p1HXQF1x3E1P80oB83wunS.2","action":"Commit Response", "result":"SYNCER_OK"}
{"logTime": "1215/110144", "correlationVector":"M5fOGnxbWLh9DV6+gyT13z","action":"Commit Request", "result":""}
{"logTime": "1215/110144", "correlationVector":"M5fOGnxbWLh9DV6+gyT13z.1","action":"SyncServerConnectionManagerRequest", "result":"SYNC_SERVER_OK", "context":{"environment":"48F630A6-CB1B-4CC7-86AF-0F6627234B58", "server":"AM3PEPF00000976"}}
{"logTime": "1215/110144", "correlationVector":"M5fOGnxbWLh9DV6+gyT13z.2","action":"Commit Response", "result":"SYNCER_OK"}
{"logTime": "1215/124501", "correlationVector":"9JWFjRbBsowyt0h8MCb+pQ","action":"Normal GetUpdate request", "result":""}
{"logTime": "1215/124501", "correlationVector":"9JWFjRbBsowyt0h8MCb+pQ.1","action":"SyncServerConnectionManagerRequest", "result":"SYNC_SERVER_OK", "context":{"environment":"48F630A6-CB1B-4CC7-86AF-0F6627234B58", "server":"AM3PEPF000009AA"}}
{"logTime": "1215/124501", "correlationVector":"9JWFjRbBsowyt0h8MCb+pQ.2","action":"GetUpdates Response", "result":"SYNCER_OK"}
{"logTime": "1215/124619", "correlationVector":"s4XNKdiYojcStoZvZ1mv+9","action":"Normal GetUpdate request", "result":""}
{"logTime": "1215/124619", "correlationVector":"s4XNKdiYojcStoZvZ1mv+9.1","action":"SyncServerConnectionManagerRequest", "result":"SYNC_SERVER_OK", "context":{"environment":"48F630A6-CB1B-4CC7-86AF-0F6627234B58", "server":"AM3PEPF000009AA"}}
{"logTime": "1215/124619", "correlationVector":"s4XNKdiYojcStoZvZ1mv+9.2","action":"GetUpdates Response", "result":"SYNCER_OK"}
{"logTime": "1215/140023", "correlationVector":"R270cvTFbMcWKuQVlphiQr","action":"Normal GetUpdate request", "result":""}
{"logTime": "1215/140023", "correlationVector":"R270cvTFbMcWKuQVlphiQr.1","action":"SyncServerConnectionManagerRequest", "result":"SYNC_SERVER_OK", "context":{"environment":"48F630A6-CB1B-4CC7-86AF-0F6627234B58", "server":"AM3PEPF00000986"}}
{"logTime": "1215/140023", "correlationVector":"R270cvTFbMcWKuQVlphiQr.2","action":"GetUpdates Response", "result":"SYNCER_OK"}
{"logTime": "1215/140141", "correlationVector":"ZeXbI6k7Hu9wEGNDuaPH8R","action":"Normal GetUpdate request", "result":""}
{"logTime": "1215/140141", "correlationVector":"ZeXbI6k7Hu9wEGNDuaPH8R.1","action":"SyncServerConnectionManagerRequest", "result":"SYNC_SERVER_OK", "context":{"environment":"48F630A6-CB1B-4CC7-86AF-0F6627234B58", "server":"AM3PEPF00000986"}}
{"logTime": "1215/140141", "correlationVector":"ZeXbI6k7Hu9wEGNDuaPH8R.2","action":"GetUpdates Response", "result":"SYNCER_OK"}
{"logTime": "1215/151713", "correlationVector":"yGVEgIRF6rtd0FD1OUPUwI","action":"Normal GetUpdate request", "result":""}
{"logTime": "1215/151713", "correlationVector":"yGVEgIRF6rtd0FD1OUPUwI.1","action":"SyncServerConnectionManagerRequest", "result":"SYNC_SERVER_OK", "context":{"environment":"48F630A6-CB1B-4CC7-86AF-0F6627234B58", "server":"AM3PEPF00000984"}}
{"logTime": "1215/151713", "correlationVector":"yGVEgIRF6rtd0FD1OUPUwI.2","action":"GetUpdates Response", "result":"SYNCER_OK"}
{"logTime": "1215/151740", "correlationVector":"PpCvjugSam5XY/7Wmr0cDE","action":"Normal GetUpdate request", "result":""}
{"logTime": "1215/151740", "correlationVector":"PpCvjugSam5XY/7Wmr0cDE.1","action":"SyncServerConnectionManagerRequest", "result":"SYNC_SERVER_OK", "context":{"environment":"48F630A6-CB1B-4CC7-86AF-0F6627234B58", "server":"AM3PEPF00000984"}}
{"logTime": "1215/151740", "correlationVector":"PpCvjugSam5XY/7Wmr0cDE.2","action":"GetUpdates Response", "result":"SYNCER_OK"}
{"logTime": "1215/152445", "correlationVector":"J8Fx65gZnKfSJCF+slUNFV","action":"Normal GetUpdate request", "result":""}
{"logTime": "1215/152446", "correlationVector":"J8Fx65gZnKfSJCF+slUNFV.1","action":"SyncServerConnectionManagerRequest", "result":"SYNC_SERVER_OK", "context":{"environment":"48F630A6-CB1B-4CC7-86AF-0F6627234B58", "server":"AM3PEPF0000097C"}}
{"logTime": "1215/152446", "correlationVector":"J8Fx65gZnKfSJCF+slUNFV.2","action":"GetUpdates Response", "result":"SYNCER_OK"}
{"logTime": "1215/152604", "correlationVector":"dxS2uomY7d+b3V2zL1/ZMd","action":"Normal GetUpdate request", "result":""}
{"logTime": "1215/152604", "correlationVector":"dxS2uomY7d+b3V2zL1/ZMd.1","action":"SyncServerConnectionManagerRequest", "result":"SYNC_SERVER_OK", "context":{"environment":"48F630A6-CB1B-4CC7-86AF-0F6627234B58", "server":"AM3PEPF0000097C"}}
{"logTime": "1215/152604", "correlationVector":"dxS2uomY7d+b3V2zL1/ZMd.2","action":"GetUpdates Response", "result":"SYNCER_OK"}
{"logTime": "1215/154431", "correlationVector":"W3/75GDmIKP6lVAo6BT0nm","action":"Normal GetUpdate request", "result":""}
{"logTime": "1215/154432", "correlationVector":"W3/75GDmIKP6lVAo6BT0nm.1","action":"SyncServerConnectionManagerRequest", "result":"SYNC_SERVER_OK", "context":{"environment":"48F630A6-CB1B-4CC7-86AF-0F6627234B58", "server":"AM3PEPF000009A8"}}
{"logTime": "1215/154432", "correlationVector":"W3/75GDmIKP6lVAo6BT0nm.2","action":"GetUpdates Response", "result":"SYNCER_OK"}
{"logTime": "1215/154550", "correlationVector":"eejdW62hgFQvxKqXqkHJle","action":"Normal GetUpdate request", "result":""}
{"logTime": "1215/154550", "correlationVector":"eejdW62hgFQvxKqXqkHJle.1","action":"SyncServerConnectionManagerRequest", "result":"SYNC_SERVER_OK", "context":{"environment":"48F630A6-CB1B-4CC7-86AF-0F6627234B58", "server":"AM3PEPF000009A8"}}
{"logTime": "1215/154550", "correlationVector":"eejdW62hgFQvxKqXqkHJle.2","action":"GetUpdates Response", "result":"SYNCER_OK"}
{"logTime": "1215/171228", "correlationVector":"fc53kcpbBINx4qwkCOGiIY","action":"Commit Request", "result":""}
{"logTime": "1215/171228", "correlationVector":"fc53kcpbBINx4qwkCOGiIY.1","action":"SyncServerConnectionManagerRequest", "result":"SYNC_SERVER_OK", "context":{"environment":"48F630A6-CB1B-4CC7-86AF-0F6627234B58", "server":"AM3PEPF0000096D"}}
{"logTime": "1215/171228", "correlationVector":"fc53kcpbBINx4qwkCOGiIY.2","action":"Commit Response", "result":"SYNCER_OK"}
{"logTime": "1215/171240", "correlationVector":"ECB5HIbmEUVIk7WF4+V/Nd","action":"Commit Request", "result":""}
{"logTime": "1215/171240", "correlationVector":"ECB5HIbmEUVIk7WF4+V/Nd.1","action":"SyncServerConnectionManagerRequest", "result":"SYNC_SERVER_OK", "context":{"environment":"48F630A6-CB1B-4CC7-86AF-0F6627234B58", "server":"AM3PEPF0000096D"}}
{"logTime": "1215/171240", "correlationVector":"ECB5HIbmEUVIk7WF4+V/Nd.2","action":"Commit Response", "result":"SYNCER_OK"}
{"logTime": "1215/173237", "correlationVector":"HIeNiwTQSFiYa/ZMQTmKqf","action":"Normal GetUpdate request", "result":""}
{"logTime": "1215/173238", "correlationVector":"HIeNiwTQSFiYa/ZMQTmKqf.1","action":"SyncServerConnectionManagerRequest", "result":"SYNC_SERVER_OK", "context":{"environment":"48F630A6-CB1B-4CC7-86AF-0F6627234B58", "server":"AM3PEPF0000099E"}}
{"logTime": "1215/173238", "correlationVector":"HIeNiwTQSFiYa/ZMQTmKqf.2","action":"GetUpdates Response", "result":"SYNCER_OK"}
{"logTime": "1215/173356", "correlationVector":"tkjdjUNWd7vhKfDHy+DF4e","action":"Normal GetUpdate request", "result":""}
{"logTime": "1215/173356", "correlationVector":"tkjdjUNWd7vhKfDHy+DF4e.1","action":"SyncServerConnectionManagerRequest", "result":"SYNC_SERVER_OK", "context":{"environment":"48F630A6-CB1B-4CC7-86AF-0F6627234B58", "server":"AM3PEPF0000099E"}}
{"logTime": "1215/173356", "correlationVector":"tkjdjUNWd7vhKfDHy+DF4e.2","action":"GetUpdates Response", "result":"SYNCER_OK"}
{"logTime": "1215/174030", "correlationVector":"3pEuDAXRLYSGIotRUng8mu","action":"Normal GetUpdate request", "result":""}
{"logTime": "1215/174030", "correlationVector":"3pEuDAXRLYSGIotRUng8mu.1","action":"SyncServerConnectionManagerRequest", "result":"SYNC_SERVER_OK", "context":{"environment":"48F630A6-CB1B-4CC7-86AF-0F6627234B58", "server":"AM3PEPF00000993"}}
{"logTime": "1215/174030", "correlationVector":"3pEuDAXRLYSGIotRUng8mu.2","action":"GetUpdates Response", "result":"SYNCER_OK"}
{"logTime": "1215/174149", "correlationVector":"oEtPBNNL//H1iD3fh4q6Fl","action":"Normal GetUpdate request", "result":""}
{"logTime": "1215/174149", "correlationVector":"oEtPBNNL//H1iD3fh4q6Fl.1","action":"SyncServerConnectionManagerRequest", "result":"SYNC_SERVER_OK", "context":{"environment":"48F630A6-CB1B-4CC7-86AF-0F6627234B58", "server":"AM3PEPF00000993"}}
{"logTime": "1215/174149", "correlationVector":"oEtPBNNL//H1iD3fh4q6Fl.2","action":"GetUpdates Response", "result":"SYNCER_OK"}
{"logTime": "1215/211835", "correlationVector":"BuZPTjyDcYi1OZZAkgdlXv","action":"Poll GetUpdate request", "result":""}
{"logTime": "1215/211835", "correlationVector":"BuZPTjyDcYi1OZZAkgdlXv.1","action":"SyncServerConnectionManagerRequest", "result":"SYNC_SERVER_OK", "context":{"environment":"48F630A6-CB1B-4CC7-86AF-0F6627234B58", "server":"AM3PEPF0000098E"}}
{"logTime": "1215/211835", "correlationVector":"BuZPTjyDcYi1OZZAkgdlXv.2","action":"GetUpdates Response", "result":"SYNCER_OK"}
{"logTime": "1215/214838", "correlationVector":"OI66IPk1baV6k495qhlVkB","action":"Commit Request", "result":""}
{"logTime": "1215/214840", "correlationVector":"OI66IPk1baV6k495qhlVkB.1","action":"SyncServerConnectionManagerRequest", "result":"SYNC_SERVER_OK", "context":{"environment":"48F630A6-CB1B-4CC7-86AF-0F6627234B58", "server":"AM3PEPF0000097C"}}
{"logTime": "1215/214840", "correlationVector":"OI66IPk1baV6k495qhlVkB.2","action":"Commit Response", "result":"SYNCER_OK"}
{"logTime": "1215/215017", "correlationVector":"x3eX3In40PxEpYAagUXn3K","action":"Commit Request", "result":""}
{"logTime": "1215/215017", "correlationVector":"x3eX3In40PxEpYAagUXn3K.1","action":"SyncServerConnectionManagerRequest", "result":"SYNC_SERVER_OK", "context":{"environment":"48F630A6-CB1B-4CC7-86AF-0F6627234B58", "server":"AM3PEPF0000097C"}}
{"logTime": "1215/215017", "correlationVector":"x3eX3In40PxEpYAagUXn3K.2","action":"Commit Response", "result":"SYNCER_OK"}
{"logTime": "1215/215107", "correlationVector":"DsHD/8NVFU7diED7kPe6po","action":"Commit Request", "result":""}
{"logTime": "1215/215107", "correlationVector":"DsHD/8NVFU7diED7kPe6po.1","action":"SyncServerConnectionManagerRequest", "result":"SYNC_SERVER_OK", "context":{"environment":"48F630A6-CB1B-4CC7-86AF-0F6627234B58", "server":"AM3PEPF0000097C"}}
{"logTime": "1215/215107", "correlationVector":"DsHD/8NVFU7diED7kPe6po.2","action":"Commit Response", "result":"SYNCER_OK"}
{"logTime": "1215/215152", "correlationVector":"MKjDQe+KQ/C02Tq2Zo9hwu","action":"Commit Request", "result":""}
{"logTime": "1215/215152", "correlationVector":"MKjDQe+KQ/C02Tq2Zo9hwu.1","action":"SyncServerConnectionManagerRequest", "result":"SYNC_SERVER_OK", "context":{"environment":"48F630A6-CB1B-4CC7-86AF-0F6627234B58", "server":"AM3PEPF0000097C"}}
{"logTime": "1215/215152", "correlationVector":"MKjDQe+KQ/C02Tq2Zo9hwu.2","action":"Commit Response", "result":"SYNCER_OK"}
{"logTime": "1215/215227", "correlationVector":"21NCsMcrbFmWKpnAATUS+s","action":"Commit Request", "result":""}
{"logTime": "1215/215227", "correlationVector":"21NCsMcrbFmWKpnAATUS+s.1","action":"SyncServerConnectionManagerRequest", "result":"SYNC_SERVER_OK", "context":{"environment":"48F630A6-CB1B-4CC7-86AF-0F6627234B58", "server":"AM3PEPF0000097C"}}
{"logTime": "1215/215227", "correlationVector":"21NCsMcrbFmWKpnAATUS+s.2","action":"Commit Response", "result":"SYNCER_OK"}
{"logTime": "1215/215419", "correlationVector":"R0Z5i5wWacGpkh/fhnxRwb","action":"Commit Request", "result":""}
{"logTime": "1215/215420", "correlationVector":"R0Z5i5wWacGpkh/fhnxRwb.1","action":"SyncServerConnectionManagerRequest", "result":"SYNC_SERVER_OK", "context":{"environment":"48F630A6-CB1B-4CC7-86AF-0F6627234B58", "server":"AM3PEPF0000097C"}}
{"logTime": "1215/215420", "correlationVector":"R0Z5i5wWacGpkh/fhnxRwb.2","action":"Commit Response", "result":"SYNCER_OK"}
{"logTime": "1215/215439", "correlationVector":"PLbDchO/7TP/bOANDObDw3","action":"Commit Request", "result":""}
{"logTime": "1215/215440", "correlationVector":"PLbDchO/7TP/bOANDObDw3.1","action":"SyncServerConnectionManagerRequest", "result":"SYNC_SERVER_OK", "context":{"environment":"48F630A6-CB1B-4CC7-86AF-0F6627234B58", "server":"AM3PEPF0000097C"}}
{"logTime": "1215/215440", "correlationVector":"PLbDchO/7TP/bOANDObDw3.2","action":"Commit Response", "result":"SYNCER_OK"}
{"logTime": "1215/215601", "correlationVector":"ZefqNDy/mva874BpyrBeGz","action":"Commit Request", "result":""}
{"logTime": "1215/215601", "correlationVector":"ZefqNDy/mva874BpyrBeGz.1","action":"SyncServerConnectionManagerRequest", "result":"SYNC_SERVER_OK", "context":{"environment":"48F630A6-CB1B-4CC7-86AF-0F6627234B58", "server":"AM3PEPF0000097C"}}
{"logTime": "1215/215601", "correlationVector":"ZefqNDy/mva874BpyrBeGz.2","action":"Commit Response", "result":"SYNCER_OK"}
{"logTime": "1215/223518", "correlationVector":"P4XLeR/UGpKrZkVQEJc2Yd","action":"Commit Request", "result":""}
{"logTime": "1215/223518", "correlationVector":"P4XLeR/UGpKrZkVQEJc2Yd.1","action":"SyncServerConnectionManagerRequest", "result":"SYNC_SERVER_OK", "context":{"environment":"48F630A6-CB1B-4CC7-86AF-0F6627234B58", "server":"AM3PEPF00000996"}}
{"logTime": "1215/223518", "correlationVector":"P4XLeR/UGpKrZkVQEJc2Yd.2","action":"Commit Response", "result":"SYNCER_OK"}
{"logTime": "1216/080852", "correlationVector":"WaCx5uhYURGNis1J8ZneCC","action":"SyncServerConnectionManagerRequest", "result":"SYNC_SERVER_ERROR", "context":{"environment":"", "error_type":"http_status_code", "error_value":"400", "server":""}}
{"logTime": "1216/080852", "correlationVector":"nv0MmwxN1VAYF3In/Fq8eH","action":"Normal GetUpdate request", "result":""}
{"logTime": "1216/080853", "correlationVector":"nv0MmwxN1VAYF3In/Fq8eH.1","action":"SyncServerConnectionManagerRequest", "result":"SYNC_SERVER_OK", "context":{"environment":"48F630A6-CB1B-4CC7-86AF-0F6627234B58", "server":"AM3PEPF000009A5"}}
{"logTime": "1216/080853", "correlationVector":"nv0MmwxN1VAYF3In/Fq8eH.2","action":"GetUpdates Response", "result":"SYNCER_OK"}
{"logTime": "1216/081008", "correlationVector":"ZMv6zIt6MjchU+VanxIYYo","action":"SyncServerConnectionManagerRequest", "result":"SYNC_SERVER_ERROR", "context":{"environment":"", "error_type":"http_status_code", "error_value":"400", "server":""}}
{"logTime": "1216/081008", "correlationVector":"MLVrv8NCIoiZrfBZod0p7L","action":"Normal GetUpdate request", "result":""}
{"logTime": "1216/081008", "correlationVector":"MLVrv8NCIoiZrfBZod0p7L.1","action":"SyncServerConnectionManagerRequest", "result":"SYNC_SERVER_OK", "context":{"environment":"48F630A6-CB1B-4CC7-86AF-0F6627234B58", "server":"AM3PEPF000009A5"}}
{"logTime": "1216/081008", "correlationVector":"MLVrv8NCIoiZrfBZod0p7L.2","action":"GetUpdates Response", "result":"SYNCER_OK"}
{"logTime": "1216/081317", "correlationVector":"l1DfRjK6gLXxjbz8qbg3RZ","action":"SyncServerConnectionManagerRequest", "result":"SYNC_SERVER_ERROR", "context":{"environment":"", "error_type":"http_status_code", "error_value":"400", "server":""}}
{"logTime": "1216/081317", "correlationVector":"T+R0CTKUrSZGwMMByA7xfk","action":"Normal GetUpdate request", "result":""}
{"logTime": "1216/081317", "correlationVector":"T+R0CTKUrSZGwMMByA7xfk.1","action":"SyncServerConnectionManagerRequest", "result":"SYNC_SERVER_OK", "context":{"environment":"48F630A6-CB1B-4CC7-86AF-0F6627234B58", "server":"AM3PEPF0000098C"}}
{"logTime": "1216/081317", "correlationVector":"T+R0CTKUrSZGwMMByA7xfk.2","action":"GetUpdates Response", "result":"SYNCER_OK"}
{"logTime": "1216/082107", "correlationVector":"xPc4/oP9SjPm+GvVAIMNO3","action":"SyncServerConnectionManagerRequest", "result":"SYNC_SERVER_ERROR", "context":{"environment":"", "error_type":"http_status_code", "error_value":"400", "server":""}}
{"logTime": "1216/082107", "correlationVector":"aaHHuAqkAECNP5ufFl6FLo","action":"Normal GetUpdate request", "result":""}
{"logTime": "1216/082107", "correlationVector":"aaHHuAqkAECNP5ufFl6FLo.1","action":"SyncServerConnectionManagerRequest", "result":"SYNC_SERVER_OK", "context":{"environment":"48F630A6-CB1B-4CC7-86AF-0F6627234B58", "server":"AM3PEPF0000099C"}}
{"logTime": "1216/082107", "correlationVector":"aaHHuAqkAECNP5ufFl6FLo.2","action":"GetUpdates Response", "result":"SYNCER_OK"}
{"logTime": "1216/084531", "correlationVector":"xKODipmUxje92s+i+1Dc8W","action":"SyncServerConnectionManagerRequest", "result":"SYNC_SERVER_ERROR", "context":{"environment":"", "error_type":"http_status_code", "error_value":"400", "server":""}}
{"logTime": "1216/084531", "correlationVector":"BcHTB48HYEj4M7hw4biFmz","action":"Normal GetUpdate request", "result":""}
{"logTime": "1216/084532", "correlationVector":"BcHTB48HYEj4M7hw4biFmz.1","action":"SyncServerConnectionManagerRequest", "result":"SYNC_SERVER_OK", "context":{"environment":"48F630A6-CB1B-4CC7-86AF-0F6627234B58", "server":"AM3PEPF00000978"}}
{"logTime": "1216/084532", "correlationVector":"BcHTB48HYEj4M7hw4biFmz.2","action":"GetUpdates Response", "result":"SYNCER_OK"}
{"logTime": "1216/085532", "correlationVector":"htLEh6AwJ5RZGzN9IKiZEW","action":"SyncServerConnectionManagerRequest", "result":"SYNC_SERVER_ERROR", "context":{"environment":"", "error_type":"http_status_code", "error_value":"400", "server":""}}
{"logTime": "1216/085532", "correlationVector":"Q+2hkL4mXV7uzyA0yuCCRP","action":"Normal GetUpdate request", "result":""}
{"logTime": "1216/085533", "correlationVector":"Q+2hkL4mXV7uzyA0yuCCRP.1","action":"SyncServerConnectionManagerRequest", "result":"SYNC_AUTH_ERROR", "context":{"environment":"48F630A6-CB1B-4CC7-86AF-0F6627234B58", "server":"AM3PEPF000009AF"}}
{"logTime": "1216/085533", "correlationVector":"Q+2hkL4mXV7uzyA0yuCCRP.2","action":"GetUpdates Response", "result":"SYNC_AUTH_ERROR (HTTP 401)"}
{"logTime": "1216/085533", "correlationVector":"v7jCFJpVRPoXwC6znL6693","action":"Normal GetUpdate request", "result":""}
{"logTime": "1216/085533", "correlationVector":"v7jCFJpVRPoXwC6znL6693.1","action":"SyncServerConnectionManagerRequest", "result":"SYNC_SERVER_OK", "context":{"environment":"48F630A6-CB1B-4CC7-86AF-0F6627234B58", "server":"AM3PEPF000009AF"}}
{"logTime": "1216/085533", "correlationVector":"v7jCFJpVRPoXwC6znL6693.2","action":"GetUpdates Response", "result":"SYNCER_OK"}
{"logTime": "1216/091055", "correlationVector":"3nc8hl81TMi4VoOQn89Pi6","action":"SyncServerConnectionManagerRequest", "result":"SYNC_SERVER_ERROR", "context":{"environment":"", "error_type":"http_status_code", "error_value":"400", "server":""}}
{"logTime": "1216/091055", "correlationVector":"S3WDIKBO+BHsw8GT3fMf06","action":"Normal GetUpdate request", "result":""}
{"logTime": "1216/091055", "correlationVector":"S3WDIKBO+BHsw8GT3fMf06.1","action":"SyncServerConnectionManagerRequest", "result":"SYNC_SERVER_OK", "context":{"environment":"48F630A6-CB1B-4CC7-86AF-0F6627234B58", "server":"AM3PEPF0000098A"}}
{"logTime": "1216/091055", "correlationVector":"S3WDIKBO+BHsw8GT3fMf06.2","action":"GetUpdates Response", "result":"SYNCER_OK"}
{"logTime": "1216/091211", "correlationVector":"Gvz/bBcSguSJTKFfkCEB3o","action":"SyncServerConnectionManagerRequest", "result":"SYNC_SERVER_ERROR", "context":{"environment":"", "error_type":"http_status_code", "error_value":"400", "server":""}}
{"logTime": "1216/091211", "correlationVector":"dD9g7/mAbWMjoMYA7U2Jtk","action":"Normal GetUpdate request", "result":""}
{"logTime": "1216/091211", "correlationVector":"dD9g7/mAbWMjoMYA7U2Jtk.1","action":"SyncServerConnectionManagerRequest", "result":"SYNC_SERVER_OK", "context":{"environment":"48F630A6-CB1B-4CC7-86AF-0F6627234B58", "server":"AM3PEPF0000098A"}}
{"logTime": "1216/091211", "correlationVector":"dD9g7/mAbWMjoMYA7U2Jtk.2","action":"GetUpdates Response", "result":"SYNCER_OK"}
{"logTime": "1216/091525", "correlationVector":"/64Rn1wtbH8x+MgtQvVnM/","action":"SyncServerConnectionManagerRequest", "result":"SYNC_SERVER_ERROR", "context":{"environment":"", "error_type":"http_status_code", "error_value":"400", "server":""}}
{"logTime": "1216/091525", "correlationVector":"VfLE3oeVZTZB3lSjSk3bR+","action":"Normal GetUpdate request", "result":""}
{"logTime": "1216/091526", "correlationVector":"VfLE3oeVZTZB3lSjSk3bR+.1","action":"SyncServerConnectionManagerRequest", "result":"SYNC_SERVER_OK", "context":{"environment":"48F630A6-CB1B-4CC7-86AF-0F6627234B58", "server":"AM3PEPF000009A5"}}
{"logTime": "1216/091526", "correlationVector":"VfLE3oeVZTZB3lSjSk3bR+.2","action":"GetUpdates Response", "result":"SYNCER_OK"}
{"logTime": "1216/092315", "correlationVector":"ZNcAxNSbghIUSqPQwoTqC1","action":"SyncServerConnectionManagerRequest", "result":"SYNC_SERVER_ERROR", "context":{"environment":"", "error_type":"http_status_code", "error_value":"400", "server":""}}
{"logTime": "1216/092315", "correlationVector":"gfwBQKtUnO1F2wIMA/xdsm","action":"Normal GetUpdate request", "result":""}
{"logTime": "1216/092315", "correlationVector":"gfwBQKtUnO1F2wIMA/xdsm.1","action":"SyncServerConnectionManagerRequest", "result":"SYNC_SERVER_OK", "context":{"environment":"48F630A6-CB1B-4CC7-86AF-0F6627234B58", "server":"AM3PEPF00002C89"}}
{"logTime": "1216/092315", "correlationVector":"gfwBQKtUnO1F2wIMA/xdsm.2","action":"GetUpdates Response", "result":"SYNCER_OK"}
{"logTime": "1216/093928", "correlationVector":"qb+Tek63wDW7Y7y07qAsgK","action":"SyncServerConnectionManagerRequest", "result":"SYNC_SERVER_ERROR", "context":{"environment":"", "error_type":"http_status_code", "error_value":"400", "server":""}}
{"logTime": "1216/093928", "correlationVector":"3sXyJQvK9hL7H5+u5YMtBa","action":"Normal GetUpdate request", "result":""}
{"logTime": "1216/093929", "correlationVector":"3sXyJQvK9hL7H5+u5YMtBa.1","action":"SyncServerConnectionManagerRequest", "result":"SYNC_SERVER_OK", "context":{"environment":"48F630A6-CB1B-4CC7-86AF-0F6627234B58", "server":"AM3PEPF00000971"}}
{"logTime": "1216/093929", "correlationVector":"3sXyJQvK9hL7H5+u5YMtBa.2","action":"GetUpdates Response", "result":"SYNCER_OK"}
{"logTime": "1216/094929", "correlationVector":"nV5RlzEhLyae+l94K9BYc+","action":"SyncServerConnectionManagerRequest", "result":"SYNC_SERVER_ERROR", "context":{"environment":"", "error_type":"http_status_code", "error_value":"400", "server":""}}
{"logTime": "1216/094929", "correlationVector":"yxm+LYZvLbvi+s7Yau8dvz","action":"Normal GetUpdate request", "result":""}
{"logTime": "1216/094930", "correlationVector":"yxm+LYZvLbvi+s7Yau8dvz.1","action":"SyncServerConnectionManagerRequest", "result":"SYNC_SERVER_OK", "context":{"environment":"48F630A6-CB1B-4CC7-86AF-0F6627234B58", "server":"AM3PEPF00000996"}}
{"logTime": "1216/094930", "correlationVector":"yxm+LYZvLbvi+s7Yau8dvz.2","action":"GetUpdates Response", "result":"SYNCER_OK"}
{"logTime": "1216/095935", "correlationVector":"fzTq7ac+8PPa1DwimNKf8x","action":"SyncServerConnectionManagerRequest", "result":"SYNC_SERVER_ERROR", "context":{"environment":"", "error_type":"http_status_code", "error_value":"400", "server":""}}
{"logTime": "1216/095935", "correlationVector":"Ky65aC3/KDquFAD+IY6N25","action":"Normal GetUpdate request", "result":""}
{"logTime": "1216/095935", "correlationVector":"Ky65aC3/KDquFAD+IY6N25.1","action":"SyncServerConnectionManagerRequest", "result":"SYNC_SERVER_OK", "context":{"environment":"48F630A6-CB1B-4CC7-86AF-0F6627234B58", "server":"AM3PEPF00000972"}}
{"logTime": "1216/095935", "correlationVector":"Ky65aC3/KDquFAD+IY6N25.2","action":"GetUpdates Response", "result":"SYNCER_OK"}
{"logTime": "1216/100936", "correlationVector":"prsOpLjPVX8ONMJ6WLTBC3","action":"SyncServerConnectionManagerRequest", "result":"SYNC_SERVER_ERROR", "context":{"environment":"", "error_type":"http_status_code", "error_value":"400", "server":""}}
{"logTime": "1216/100936", "correlationVector":"lyxKSjfI5CyQOnIoFVv2X+","action":"Normal GetUpdate request", "result":""}
{"logTime": "1216/100936", "correlationVector":"lyxKSjfI5CyQOnIoFVv2X+.1","action":"SyncServerConnectionManagerRequest", "result":"SYNC_SERVER_OK", "context":{"environment":"48F630A6-CB1B-4CC7-86AF-0F6627234B58", "server":"AM3PEPF00000999"}}
{"logTime": "1216/100936", "correlationVector":"lyxKSjfI5CyQOnIoFVv2X+.2","action":"GetUpdates Response", "result":"SYNCER_OK"}
{"logTime": "1216/101937", "correlationVector":"pyiHe5WL7OlNM3KrNJpn8s","action":"SyncServerConnectionManagerRequest", "result":"SYNC_SERVER_ERROR", "context":{"environment":"", "error_type":"http_status_code", "error_value":"400", "server":""}}
{"logTime": "1216/101937", "correlationVector":"96mvaRZFm8lPlmfQG/z3Fr","action":"Normal GetUpdate request", "result":""}
{"logTime": "1216/101937", "correlationVector":"96mvaRZFm8lPlmfQG/z3Fr.1","action":"SyncServerConnectionManagerRequest", "result":"SYNC_SERVER_OK", "context":{"environment":"48F630A6-CB1B-4CC7-86AF-0F6627234B58", "server":"AM3PEPF00000981"}}
{"logTime": "1216/101937", "correlationVector":"96mvaRZFm8lPlmfQG/z3Fr.2","action":"GetUpdates Response", "result":"SYNCER_OK"}
{"logTime": "1216/102938", "correlationVector":"griCB6ctNdeFYEVfV+jXyj","action":"SyncServerConnectionManagerRequest", "result":"SYNC_SERVER_ERROR", "context":{"environment":"", "error_type":"http_status_code", "error_value":"400", "server":""}}
{"logTime": "1216/102938", "correlationVector":"++YCMhhLqB+WP14oNy+RAh","action":"Normal GetUpdate request", "result":""}
{"logTime": "1216/102938", "correlationVector":"++YCMhhLqB+WP14oNy+RAh.1","action":"SyncServerConnectionManagerRequest", "result":"SYNC_SERVER_OK", "context":{"environment":"48F630A6-CB1B-4CC7-86AF-0F6627234B58", "server":"AM3PEPF0000096D"}}
{"logTime": "1216/102938", "correlationVector":"++YCMhhLqB+WP14oNy+RAh.2","action":"GetUpdates Response", "result":"SYNCER_OK"}
{"logTime": "1216/103939", "correlationVector":"GNprbTVosS3/HPsnQW1aao","action":"SyncServerConnectionManagerRequest", "result":"SYNC_SERVER_ERROR", "context":{"environment":"", "error_type":"http_status_code", "error_value":"400", "server":""}}
{"logTime": "1216/103939", "correlationVector":"glseb8yRS2kU+QhGVhL7Jj","action":"Normal GetUpdate request", "result":""}
{"logTime": "1216/103939", "correlationVector":"glseb8yRS2kU+QhGVhL7Jj.1","action":"SyncServerConnectionManagerRequest", "result":"SYNC_SERVER_OK", "context":{"environment":"48F630A6-CB1B-4CC7-86AF-0F6627234B58", "server":"AM3PEPF0000098F"}}
{"logTime": "1216/103939", "correlationVector":"glseb8yRS2kU+QhGVhL7Jj.2","action":"GetUpdates Response", "result":"SYNCER_OK"}
{"logTime": "1216/104940", "correlationVector":"wev8uM8QmWBYSbi/V6xiHn","action":"SyncServerConnectionManagerRequest", "result":"SYNC_SERVER_ERROR", "context":{"environment":"", "error_type":"http_status_code", "error_value":"400", "server":""}}
{"logTime": "1216/104940", "correlationVector":"rqWS9uO9YLeI8SJSCSwoWf","action":"Normal GetUpdate request", "result":""}
{"logTime": "1216/104940", "correlationVector":"rqWS9uO9YLeI8SJSCSwoWf.1","action":"SyncServerConnectionManagerRequest", "result":"SYNC_SERVER_OK", "context":{"environment":"48F630A6-CB1B-4CC7-86AF-0F6627234B58", "server":"AM3PEPF00000994"}}
{"logTime": "1216/104940", "correlationVector":"rqWS9uO9YLeI8SJSCSwoWf.2","action":"GetUpdates Response", "result":"SYNCER_OK"}
{"logTime": "1216/105941", "correlationVector":"zisBQ0bGeaaba4PvB6JH7W","action":"SyncServerConnectionManagerRequest", "result":"SYNC_SERVER_ERROR", "context":{"environment":"", "error_type":"http_status_code", "error_value":"400", "server":""}}
{"logTime": "1216/105941", "correlationVector":"fWXEezlscbo5wu8E1kFwjl","action":"Normal GetUpdate request", "result":""}
{"logTime": "1216/105941", "correlationVector":"fWXEezlscbo5wu8E1kFwjl.1","action":"SyncServerConnectionManagerRequest", "result":"SYNC_SERVER_OK", "context":{"environment":"48F630A6-CB1B-4CC7-86AF-0F6627234B58", "server":"AM3PEPF0000098D"}}
{"logTime": "1216/105941", "correlationVector":"fWXEezlscbo5wu8E1kFwjl.2","action":"GetUpdates Response", "result":"SYNCER_OK"}
{"logTime": "1216/123619", "correlationVector":"n1BGnfXoMI+vN/tI1cQJTo","action":"SyncServerConnectionManagerRequest", "result":"SYNC_SERVER_ERROR", "context":{"environment":"", "error_type":"http_status_code", "error_value":"400", "server":""}}
{"logTime": "1216/123619", "correlationVector":"S91WtwyPp7ub/WPIIoQOsG","action":"Normal GetUpdate request", "result":""}
{"logTime": "1216/123619", "correlationVector":"S91WtwyPp7ub/WPIIoQOsG.1","action":"SyncServerConnectionManagerRequest", "result":"SYNC_SERVER_OK", "context":{"environment":"48F630A6-CB1B-4CC7-86AF-0F6627234B58", "server":"AM3PEPF0000097E"}}
{"logTime": "1216/123619", "correlationVector":"S91WtwyPp7ub/WPIIoQOsG.2","action":"GetUpdates Response", "result":"SYNCER_OK"}
{"logTime": "1216/124620", "correlationVector":"EJPhMyFSAgX0Ux5jUper+l","action":"SyncServerConnectionManagerRequest", "result":"SYNC_SERVER_ERROR", "context":{"environment":"", "error_type":"http_status_code", "error_value":"400", "server":""}}
{"logTime": "1216/124620", "correlationVector":"9ltdDTjpVif4M9R1RlBDBE","action":"Normal GetUpdate request", "result":""}
{"logTime": "1216/124620", "correlationVector":"9ltdDTjpVif4M9R1RlBDBE.1","action":"SyncServerConnectionManagerRequest", "result":"SYNC_SERVER_OK", "context":{"environment":"48F630A6-CB1B-4CC7-86AF-0F6627234B58", "server":"AM3PEPF0000098C"}}
{"logTime": "1216/124620", "correlationVector":"9ltdDTjpVif4M9R1RlBDBE.2","action":"GetUpdates Response", "result":"SYNCER_OK"}
{"logTime": "1216/125629", "correlationVector":"Vi1cCglcUrTONGnZmnf7oN","action":"SyncServerConnectionManagerRequest", "result":"SYNC_SERVER_ERROR", "context":{"environment":"", "error_type":"http_status_code", "error_value":"400", "server":""}}
{"logTime": "1216/125629", "correlationVector":"tc3u13qeMMlZHRblmEq7A7","action":"Normal GetUpdate request", "result":""}
{"logTime": "1216/125636", "correlationVector":"tc3u13qeMMlZHRblmEq7A7.1","action":"SyncServerConnectionManagerRequest", "result":"SYNC_SERVER_OK", "context":{"environment":"48F630A6-CB1B-4CC7-86AF-0F6627234B58", "server":"AM3PEPF00000976"}}
{"logTime": "1216/125636", "correlationVector":"tc3u13qeMMlZHRblmEq7A7.2","action":"GetUpdates Response", "result":"SYNCER_OK"}
{"logTime": "1216/130637", "correlationVector":"v4/jbli9gzDFxvybspTlLE","action":"SyncServerConnectionManagerRequest", "result":"SYNC_SERVER_ERROR", "context":{"environment":"", "error_type":"http_status_code", "error_value":"400", "server":""}}
{"logTime": "1216/130637", "correlationVector":"98oaEWN+w0n8vwu1VJDfcS","action":"Normal GetUpdate request", "result":""}
{"logTime": "1216/130637", "correlationVector":"98oaEWN+w0n8vwu1VJDfcS.1","action":"SyncServerConnectionManagerRequest", "result":"SYNC_SERVER_OK", "context":{"environment":"48F630A6-CB1B-4CC7-86AF-0F6627234B58", "server":"AM3PEPF00000985"}}
{"logTime": "1216/130637", "correlationVector":"98oaEWN+w0n8vwu1VJDfcS.2","action":"GetUpdates Response", "result":"SYNCER_OK"}
{"logTime": "1216/131638", "correlationVector":"zjv9S4pzQJkUWaZO2v7CaU","action":"SyncServerConnectionManagerRequest", "result":"SYNC_SERVER_ERROR", "context":{"environment":"", "error_type":"http_status_code", "error_value":"400", "server":""}}
{"logTime": "1216/131638", "correlationVector":"TEVoeQA4evBfaR5VpPnrw6","action":"Normal GetUpdate request", "result":""}
{"logTime": "1216/131638", "correlationVector":"TEVoeQA4evBfaR5VpPnrw6.1","action":"SyncServerConnectionManagerRequest", "result":"SYNC_SERVER_OK", "context":{"environment":"48F630A6-CB1B-4CC7-86AF-0F6627234B58", "server":"AM3PEPF00000984"}}
{"logTime": "1216/131638", "correlationVector":"TEVoeQA4evBfaR5VpPnrw6.2","action":"GetUpdates Response", "result":"SYNCER_OK"}
{"logTime": "1216/133035", "correlationVector":"INVALID_CV","action":"FeedSettingFetch_homeCloud", "result":"4", "context":{"status_code":"3", "status_message":"Network Error: net::ERR_INTERNET_DISCONNECTED"}}
{"logTime": "1216/133035", "correlationVector":"INVALID_CV","action":"FeedSettingFetch_homeCloud", "result":"4", "context":{"status_code":"3", "status_message":"Network Error: net::ERR_INTERNET_DISCONNECTED"}}
{"logTime": "1216/133036", "correlationVector":"INVALID_CV","action":"FeedSettingFetch_homeCloud", "result":"4", "context":{"status_code":"3", "status_message":"Network Error: net::ERR_INTERNET_DISCONNECTED"}}
{"logTime": "1216/133045", "correlationVector":"INVALID_CV","action":"FeedSettingFetch_homeCloud", "result":"4", "context":{"status_code":"3", "status_message":"Network Error: net::ERR_INTERNET_DISCONNECTED"}}
{"logTime": "1216/133108", "correlationVector":"INVALID_CV","action":"FeedSettingFetch_homeCloud", "result":"4", "context":{"status_code":"3", "status_message":"Network Error: net::ERR_INTERNET_DISCONNECTED"}}
{"logTime": "1216/133223", "correlationVector":"kY/4GmG+/IpZNxh3CDated.0","action":"FeedSettingFetch_homeCloud", "result":"0", "context":{}}
{"logTime": "1216/133224", "correlationVector":"kY/4GmG+/IpZNxh3CDated.0","action":"SyncServerConnectionManagerRequest", "result":"SYNC_SERVER_OK", "context":{"environment":"", "server":""}}
{"logTime": "1216/133224", "correlationVector":"HQOuBTBv2+jGriBCuzmK+q","action":"Normal GetUpdate request", "result":""}
{"logTime": "1216/133224", "correlationVector":"HQOuBTBv2+jGriBCuzmK+q.1","action":"SyncServerConnectionManagerRequest", "result":"SYNC_SERVER_OK", "context":{"environment":"48F630A6-CB1B-4CC7-86AF-0F6627234B58", "server":"AM3PEPF0000097A"}}
{"logTime": "1216/133224", "correlationVector":"HQOuBTBv2+jGriBCuzmK+q.2","action":"GetUpdates Response", "result":"SYNCER_OK"}
{"logTime": "1216/133224", "correlationVector":"3MtEAM4s37TaV7ZT+W05E8","action":"Commit Request", "result":""}
{"logTime": "1216/133224", "correlationVector":"3MtEAM4s37TaV7ZT+W05E8.1","action":"SyncServerConnectionManagerRequest", "result":"SYNC_SERVER_OK", "context":{"environment":"48F630A6-CB1B-4CC7-86AF-0F6627234B58", "server":"AM3PEPF0000097A"}}
{"logTime": "1216/133224", "correlationVector":"3MtEAM4s37TaV7ZT+W05E8.2","action":"Commit Response", "result":"SYNCER_OK"}
{"logTime": "1216/133707", "correlationVector":"DhBaL/1OeVswWVkWG80ne3","action":"Poll GetUpdate request", "result":""}
{"logTime": "1216/133707", "correlationVector":"DhBaL/1OeVswWVkWG80ne3.1","action":"SyncServerConnectionManagerRequest", "result":"SYNC_SERVER_OK", "context":{"environment":"48F630A6-CB1B-4CC7-86AF-0F6627234B58", "server":"AM3PEPF000009B0"}}
{"logTime": "1216/133707", "correlationVector":"DhBaL/1OeVswWVkWG80ne3.2","action":"GetUpdates Response", "result":"SYNCER_OK"}
{"logTime": "1216/140700", "correlationVector":"wGd9d1eaKuKRaFeHzy7928","action":"Normal GetUpdate request", "result":""}
{"logTime": "1216/140700", "correlationVector":"wGd9d1eaKuKRaFeHzy7928.1","action":"SyncServerConnectionManagerRequest", "result":"SYNC_SERVER_OK", "context":{"environment":"48F630A6-CB1B-4CC7-86AF-0F6627234B58", "server":"AM3PEPF0000098B"}}
{"logTime": "1216/140700", "correlationVector":"wGd9d1eaKuKRaFeHzy7928.2","action":"GetUpdates Response", "result":"SYNCER_OK"}
{"logTime": "1216/140939", "correlationVector":"F0ehaeXKCgI6e18DMGJtkl","action":"Normal GetUpdate request", "result":""}
{"logTime": "1216/140940", "correlationVector":"F0ehaeXKCgI6e18DMGJtkl.1","action":"SyncServerConnectionManagerRequest", "result":"SYNC_SERVER_OK", "context":{"environment":"48F630A6-CB1B-4CC7-86AF-0F6627234B58", "server":"AM3PEPF00000983"}}
{"logTime": "1216/140940", "correlationVector":"F0ehaeXKCgI6e18DMGJtkl.2","action":"GetUpdates Response", "result":"SYNCER_OK"}
{"logTime": "1216/155503", "correlationVector":"ziKyfSFGXviwAoo7Og0jDy","action":"Normal GetUpdate request", "result":""}
{"logTime": "1216/155504", "correlationVector":"ziKyfSFGXviwAoo7Og0jDy.1","action":"SyncServerConnectionManagerRequest", "result":"SYNC_SERVER_OK", "context":{"environment":"48F630A6-CB1B-4CC7-86AF-0F6627234B58", "server":"AM3PEPF000009A3"}}
{"logTime": "1216/155504", "correlationVector":"ziKyfSFGXviwAoo7Og0jDy.2","action":"GetUpdates Response", "result":"SYNCER_OK"}
{"logTime": "1216/155622", "correlationVector":"Vv5bGr6f6XrobEi1+UGok1","action":"Normal GetUpdate request", "result":""}
{"logTime": "1216/155622", "correlationVector":"Vv5bGr6f6XrobEi1+UGok1.1","action":"SyncServerConnectionManagerRequest", "result":"SYNC_SERVER_OK", "context":{"environment":"48F630A6-CB1B-4CC7-86AF-0F6627234B58", "server":"AM3PEPF000009A3"}}
{"logTime": "1216/155622", "correlationVector":"Vv5bGr6f6XrobEi1+UGok1.2","action":"GetUpdates Response", "result":"SYNCER_OK"}
{"logTime": "1216/172221", "correlationVector":"xkowpI1YwMIKU46qKQmKLo","action":"Normal GetUpdate request", "result":""}
{"logTime": "1216/172222", "correlationVector":"xkowpI1YwMIKU46qKQmKLo.1","action":"SyncServerConnectionManagerRequest", "result":"SYNC_SERVER_OK", "context":{"environment":"48F630A6-CB1B-4CC7-86AF-0F6627234B58", "server":"AM3PEPF00000995"}}
{"logTime": "1216/172222", "correlationVector":"xkowpI1YwMIKU46qKQmKLo.2","action":"GetUpdates Response", "result":"SYNCER_OK"}
{"logTime": "1216/172340", "correlationVector":"HQlwEdfzgd2+X/ChmUi3Xw","action":"Normal GetUpdate request", "result":""}
{"logTime": "1216/172340", "correlationVector":"HQlwEdfzgd2+X/ChmUi3Xw.1","action":"SyncServerConnectionManagerRequest", "result":"SYNC_SERVER_OK", "context":{"environment":"48F630A6-CB1B-4CC7-86AF-0F6627234B58", "server":"AM3PEPF00000995"}}
{"logTime": "1216/172340", "correlationVector":"HQlwEdfzgd2+X/ChmUi3Xw.2","action":"GetUpdates Response", "result":"SYNCER_OK"}
{"logTime": "1216/180137", "correlationVector":"MeJTGAUFr3vRCzWejVKtEQ","action":"Normal GetUpdate request", "result":""}
{"logTime": "1216/180138", "correlationVector":"MeJTGAUFr3vRCzWejVKtEQ.1","action":"SyncServerConnectionManagerRequest", "result":"SYNC_SERVER_OK", "context":{"environment":"48F630A6-CB1B-4CC7-86AF-0F6627234B58", "server":"AM3PEPF0000096F"}}
{"logTime": "1216/180138", "correlationVector":"MeJTGAUFr3vRCzWejVKtEQ.2","action":"GetUpdates Response", "result":"SYNCER_OK"}
{"logTime": "1216/180256", "correlationVector":"PdopuTtSHcgehEjCfG1GxJ","action":"Normal GetUpdate request", "result":""}
{"logTime": "1216/180256", "correlationVector":"PdopuTtSHcgehEjCfG1GxJ.1","action":"SyncServerConnectionManagerRequest", "result":"SYNC_SERVER_OK", "context":{"environment":"48F630A6-CB1B-4CC7-86AF-0F6627234B58", "server":"AM3PEPF0000096F"}}
{"logTime": "1216/180256", "correlationVector":"PdopuTtSHcgehEjCfG1GxJ.2","action":"GetUpdates Response", "result":"SYNCER_OK"}
{"logTime": "1216/181603", "correlationVector":"ikpt5xvZrEZG++yw7NlExM","action":"Normal GetUpdate request", "result":""}
{"logTime": "1216/181604", "correlationVector":"ikpt5xvZrEZG++yw7NlExM.1","action":"SyncServerConnectionManagerRequest", "result":"SYNC_SERVER_OK", "context":{"environment":"48F630A6-CB1B-4CC7-86AF-0F6627234B58", "server":"AM3PEPF0000099A"}}
{"logTime": "1216/181604", "correlationVector":"ikpt5xvZrEZG++yw7NlExM.2","action":"GetUpdates Response", "result":"SYNCER_OK"}
{"logTime": "1216/181722", "correlationVector":"zaesPIU9EZ/Ua+x1tHtkyL","action":"Normal GetUpdate request", "result":""}
{"logTime": "1216/181722", "correlationVector":"zaesPIU9EZ/Ua+x1tHtkyL.1","action":"SyncServerConnectionManagerRequest", "result":"SYNC_SERVER_OK", "context":{"environment":"48F630A6-CB1B-4CC7-86AF-0F6627234B58", "server":"AM3PEPF0000099A"}}
{"logTime": "1216/181722", "correlationVector":"zaesPIU9EZ/Ua+x1tHtkyL.2","action":"GetUpdates Response", "result":"SYNCER_OK"}
{"logTime": "1216/201524", "correlationVector":"urAVm0RJLnFPYeCOUEHVHo","action":"Commit Request", "result":""}
{"logTime": "1216/201526", "correlationVector":"urAVm0RJLnFPYeCOUEHVHo.1","action":"SyncServerConnectionManagerRequest", "result":"SYNC_SERVER_OK", "context":{"environment":"48F630A6-CB1B-4CC7-86AF-0F6627234B58", "server":"AM3PEPF00000976"}}
{"logTime": "1216/201526", "correlationVector":"urAVm0RJLnFPYeCOUEHVHo.2","action":"Commit Response", "result":"SYNCER_OK"}
{"logTime": "1216/213707", "correlationVector":"D4MqfGB0u2tMRbeZicw8gZ","action":"Poll GetUpdate request", "result":""}
{"logTime": "1216/213707", "correlationVector":"D4MqfGB0u2tMRbeZicw8gZ","action":"SyncServerConnectionManagerRequest", "result":"CONNECTION_UNAVAILABLE", "context":{"error_type":"net_error_code", "error_value":"-106"}}
{"logTime": "1216/213707", "correlationVector":"OsThU+IjTEYXTPtpzON+eG.0","action":"GetUpdates Response", "result":"NETWORK_ERROR_TRANSPORT (ERR_INTERNET_DISCONNECTED)"}
{"logTime": "1216/213752", "correlationVector":"/MZqu97H4vOl4nLo30BEaS","action":"Poll GetUpdate request", "result":""}
{"logTime": "1216/213752", "correlationVector":"/MZqu97H4vOl4nLo30BEaS","action":"SyncServerConnectionManagerRequest", "result":"CONNECTION_UNAVAILABLE", "context":{"error_type":"net_error_code", "error_value":"-106"}}
{"logTime": "1216/213752", "correlationVector":"qu1JNYkDqzS3A51DXUNE1K.0","action":"GetUpdates Response", "result":"NETWORK_ERROR_TRANSPORT (ERR_INTERNET_DISCONNECTED)"}
{"logTime": "1216/213900", "correlationVector":"gDYUG437yLx3b646aemDd6","action":"Poll GetUpdate request", "result":""}
{"logTime": "1216/213900", "correlationVector":"gDYUG437yLx3b646aemDd6","action":"SyncServerConnectionManagerRequest", "result":"CONNECTION_UNAVAILABLE", "context":{"error_type":"net_error_code", "error_value":"-106"}}
{"logTime": "1216/213900", "correlationVector":"FhaCwXfh+71oDFy2csQ9cJ.0","action":"GetUpdates Response", "result":"NETWORK_ERROR_TRANSPORT (ERR_INTERNET_DISCONNECTED)"}
{"logTime": "1216/214041", "correlationVector":"cILQL/sBcviVxAnqaZQUza","action":"Poll GetUpdate request", "result":""}
{"logTime": "1216/214041", "correlationVector":"cILQL/sBcviVxAnqaZQUza","action":"SyncServerConnectionManagerRequest", "result":"CONNECTION_UNAVAILABLE", "context":{"error_type":"net_error_code", "error_value":"-106"}}
{"logTime": "1216/214041", "correlationVector":"Tj7fs6xAnYDDDpkJdscek6.0","action":"GetUpdates Response", "result":"NETWORK_ERROR_TRANSPORT (ERR_INTERNET_DISCONNECTED)"}
{"logTime": "1216/214313", "correlationVector":"Cb8QI/xnU6jxX0HeLMYsGj","action":"Poll GetUpdate request", "result":""}
{"logTime": "1216/214313", "correlationVector":"Cb8QI/xnU6jxX0HeLMYsGj","action":"SyncServerConnectionManagerRequest", "result":"CONNECTION_UNAVAILABLE", "context":{"error_type":"net_error_code", "error_value":"-106"}}
{"logTime": "1216/214313", "correlationVector":"EhW2Pxvuqt7RciLPr2mbGD.0","action":"GetUpdates Response", "result":"NETWORK_ERROR_TRANSPORT (ERR_INTERNET_DISCONNECTED)"}
{"logTime": "1216/214701", "correlationVector":"4c5wnYvrxRcLKU2hDLvIIW","action":"Poll GetUpdate request", "result":""}
{"logTime": "1216/214701", "correlationVector":"4c5wnYvrxRcLKU2hDLvIIW","action":"SyncServerConnectionManagerRequest", "result":"CONNECTION_UNAVAILABLE", "context":{"error_type":"net_error_code", "error_value":"-106"}}
{"logTime": "1216/214701", "correlationVector":"6H1VXjwJQYGQwpskDgGVLQ.0","action":"GetUpdates Response", "result":"NETWORK_ERROR_TRANSPORT (ERR_INTERNET_DISCONNECTED)"}
{"logTime": "1216/215630", "correlationVector":"ZFpEUwfBAfO7ZOcrMeY2rV","action":"Poll GetUpdate request", "result":""}
{"logTime": "1216/215630", "correlationVector":"ZFpEUwfBAfO7ZOcrMeY2rV","action":"SyncServerConnectionManagerRequest", "result":"CONNECTION_UNAVAILABLE", "context":{"error_type":"net_error_code", "error_value":"-106"}}
{"logTime": "1216/215630", "correlationVector":"mUgcEHFmJTrQrXwXH02Ajf.0","action":"GetUpdates Response", "result":"NETWORK_ERROR_TRANSPORT (ERR_INTERNET_DISCONNECTED)"}
{"logTime": "1216/220631", "correlationVector":"RwgZWdF20mHJhSNXNvDDVY","action":"Poll GetUpdate request", "result":""}
{"logTime": "1216/220631", "correlationVector":"RwgZWdF20mHJhSNXNvDDVY","action":"SyncServerConnectionManagerRequest", "result":"CONNECTION_UNAVAILABLE", "context":{"error_type":"net_error_code", "error_value":"-106"}}
{"logTime": "1216/220631", "correlationVector":"DthZVDpjik3kIuOAPWaEO+.0","action":"GetUpdates Response", "result":"NETWORK_ERROR_TRANSPORT (ERR_INTERNET_DISCONNECTED)"}
{"logTime": "1216/221631", "correlationVector":"IUDoogUM3oHs4TEOxuZIt+","action":"Poll GetUpdate request", "result":""}
{"logTime": "1216/221631", "correlationVector":"IUDoogUM3oHs4TEOxuZIt+","action":"SyncServerConnectionManagerRequest", "result":"CONNECTION_UNAVAILABLE", "context":{"error_type":"net_error_code", "error_value":"-106"}}
{"logTime": "1216/221631", "correlationVector":"3MTCWmx9mBA0SaRilhhPH3.0","action":"GetUpdates Response", "result":"NETWORK_ERROR_TRANSPORT (ERR_INTERNET_DISCONNECTED)"}
{"logTime": "1216/222631", "correlationVector":"V0Ro/l/9y7g2zEe/uls6l2","action":"Poll GetUpdate request", "result":""}
{"logTime": "1216/222631", "correlationVector":"V0Ro/l/9y7g2zEe/uls6l2","action":"SyncServerConnectionManagerRequest", "result":"CONNECTION_UNAVAILABLE", "context":{"error_type":"net_error_code", "error_value":"-106"}}
{"logTime": "1216/222631", "correlationVector":"WbzRt8zln2cs7cB2HJemsI.0","action":"GetUpdates Response", "result":"NETWORK_ERROR_TRANSPORT (ERR_INTERNET_DISCONNECTED)"}
{"logTime": "1216/223631", "correlationVector":"cn4dvcAB6dg4dJnM8kHCge","action":"Poll GetUpdate request", "result":""}
{"logTime": "1216/223631", "correlationVector":"cn4dvcAB6dg4dJnM8kHCge","action":"SyncServerConnectionManagerRequest", "result":"CONNECTION_UNAVAILABLE", "context":{"error_type":"net_error_code", "error_value":"-106"}}
{"logTime": "1216/223631", "correlationVector":"rukprRBdyNRWr+6fe+Cgkb.0","action":"GetUpdates Response", "result":"NETWORK_ERROR_TRANSPORT (ERR_INTERNET_DISCONNECTED)"}
{"logTime": "1216/224631", "correlationVector":"dvtPZtgUqo51Sp4GdwVmvn","action":"Poll GetUpdate request", "result":""}
{"logTime": "1216/224631", "correlationVector":"dvtPZtgUqo51Sp4GdwVmvn","action":"SyncServerConnectionManagerRequest", "result":"CONNECTION_UNAVAILABLE", "context":{"error_type":"net_error_code", "error_value":"-106"}}
{"logTime": "1216/224631", "correlationVector":"T6LxDF2nCNjqNCBb2GP3VP.0","action":"GetUpdates Response", "result":"NETWORK_ERROR_TRANSPORT (ERR_INTERNET_DISCONNECTED)"}
{"logTime": "1216/225631", "correlationVector":"xCWWER6yLJo+jJfq5TZ6eP","action":"Poll GetUpdate request", "result":""}
{"logTime": "1216/225631", "correlationVector":"xCWWER6yLJo+jJfq5TZ6eP","action":"SyncServerConnectionManagerRequest", "result":"CONNECTION_UNAVAILABLE", "context":{"error_type":"net_error_code", "error_value":"-106"}}
{"logTime": "1216/225631", "correlationVector":"rCsueWjo6U4wY8w2W9MeBU.0","action":"GetUpdates Response", "result":"NETWORK_ERROR_TRANSPORT (ERR_INTERNET_DISCONNECTED)"}
{"logTime": "1216/230631", "correlationVector":"d3qDGCJ3GqLN4cFYEI7LRW","action":"Poll GetUpdate request", "result":""}
{"logTime": "1216/230631", "correlationVector":"d3qDGCJ3GqLN4cFYEI7LRW","action":"SyncServerConnectionManagerRequest", "result":"CONNECTION_UNAVAILABLE", "context":{"error_type":"net_error_code", "error_value":"-106"}}
{"logTime": "1216/230631", "correlationVector":"rB33RmrnnddyFh5XC8zfGK.0","action":"GetUpdates Response", "result":"NETWORK_ERROR_TRANSPORT (ERR_INTERNET_DISCONNECTED)"}
{"logTime": "1216/231631", "correlationVector":"i/TcrsmdsO477DbzGYJACv","action":"Poll GetUpdate request", "result":""}
{"logTime": "1216/231631", "correlationVector":"i/TcrsmdsO477DbzGYJACv","action":"SyncServerConnectionManagerRequest", "result":"CONNECTION_UNAVAILABLE", "context":{"error_type":"net_error_code", "error_value":"-106"}}
{"logTime": "1216/231631", "correlationVector":"xTEde41Co1c77IYQoRwdYS.0","action":"GetUpdates Response", "result":"NETWORK_ERROR_TRANSPORT (ERR_INTERNET_DISCONNECTED)"}
{"logTime": "1216/232631", "correlationVector":"QLRxRUzanEmiwOo89U+PDM","action":"Poll GetUpdate request", "result":""}
{"logTime": "1216/232631", "correlationVector":"QLRxRUzanEmiwOo89U+PDM","action":"SyncServerConnectionManagerRequest", "result":"CONNECTION_UNAVAILABLE", "context":{"error_type":"net_error_code", "error_value":"-106"}}
{"logTime": "1216/232631", "correlationVector":"MebE5QdtiU0hA8Dct7MQbf.0","action":"GetUpdates Response", "result":"NETWORK_ERROR_TRANSPORT (ERR_INTERNET_DISCONNECTED)"}
{"logTime": "1216/233631", "correlationVector":"4a1tEAsAbvHyFeAm9tFhiv","action":"Poll GetUpdate request", "result":""}
{"logTime": "1216/233631", "correlationVector":"4a1tEAsAbvHyFeAm9tFhiv","action":"SyncServerConnectionManagerRequest", "result":"CONNECTION_UNAVAILABLE", "context":{"error_type":"net_error_code", "error_value":"-106"}}
{"logTime": "1216/233631", "correlationVector":"9U85oQcU5Mbbr+dHUJHu0G.0","action":"GetUpdates Response", "result":"NETWORK_ERROR_TRANSPORT (ERR_INTERNET_DISCONNECTED)"}
{"logTime": "1216/234631", "correlationVector":"ZzcmF9wjkaWtLdRlq3d7v+","action":"Poll GetUpdate request", "result":""}
{"logTime": "1216/234631", "correlationVector":"ZzcmF9wjkaWtLdRlq3d7v+","action":"SyncServerConnectionManagerRequest", "result":"CONNECTION_UNAVAILABLE", "context":{"error_type":"net_error_code", "error_value":"-106"}}
{"logTime": "1216/234631", "correlationVector":"6STSrpbn75Im8Vww38fu+Z.0","action":"GetUpdates Response", "result":"NETWORK_ERROR_TRANSPORT (ERR_INTERNET_DISCONNECTED)"}
{"logTime": "1216/235631", "correlationVector":"F+b/19B8p5ys9HsNXhUbO6","action":"Poll GetUpdate request", "result":""}
{"logTime": "1216/235631", "correlationVector":"F+b/19B8p5ys9HsNXhUbO6","action":"SyncServerConnectionManagerRequest", "result":"CONNECTION_UNAVAILABLE", "context":{"error_type":"net_error_code", "error_value":"-106"}}
{"logTime": "1216/235631", "correlationVector":"pmV0xywTPc6YoU8WF/B1is.0","action":"GetUpdates Response", "result":"NETWORK_ERROR_TRANSPORT (ERR_INTERNET_DISCONNECTED)"}
{"logTime": "1217/000631", "correlationVector":"51zzpVRexfLuzw/8j7j48+","action":"Poll GetUpdate request", "result":""}
{"logTime": "1217/000631", "correlationVector":"51zzpVRexfLuzw/8j7j48+","action":"SyncServerConnectionManagerRequest", "result":"CONNECTION_UNAVAILABLE", "context":{"error_type":"net_error_code", "error_value":"-106"}}
{"logTime": "1217/000631", "correlationVector":"fqBbsaqHstORmHt3t//hgh.0","action":"GetUpdates Response", "result":"NETWORK_ERROR_TRANSPORT (ERR_INTERNET_DISCONNECTED)"}
{"logTime": "1217/001631", "correlationVector":"ogdjdB4ngkxbhrMBh3MSwK","action":"Poll GetUpdate request", "result":""}
{"logTime": "1217/001631", "correlationVector":"ogdjdB4ngkxbhrMBh3MSwK","action":"SyncServerConnectionManagerRequest", "result":"CONNECTION_UNAVAILABLE", "context":{"error_type":"net_error_code", "error_value":"-106"}}
{"logTime": "1217/001631", "correlationVector":"oYcYRE86JkXquQ7+f+5nTq.0","action":"GetUpdates Response", "result":"NETWORK_ERROR_TRANSPORT (ERR_INTERNET_DISCONNECTED)"}
{"logTime": "1217/002631", "correlationVector":"OcopxM9ZVIhHWPecY+/g7W","action":"Poll GetUpdate request", "result":""}
{"logTime": "1217/002631", "correlationVector":"OcopxM9ZVIhHWPecY+/g7W","action":"SyncServerConnectionManagerRequest", "result":"CONNECTION_UNAVAILABLE", "context":{"error_type":"net_error_code", "error_value":"-106"}}
{"logTime": "1217/002631", "correlationVector":"b+yAJ0XZ30qXnEEWmbU2La.0","action":"GetUpdates Response", "result":"NETWORK_ERROR_TRANSPORT (ERR_INTERNET_DISCONNECTED)"}
{"logTime": "1217/003631", "correlationVector":"07se2OKCt7aqf8A6jACQmD","action":"Poll GetUpdate request", "result":""}
{"logTime": "1217/003631", "correlationVector":"07se2OKCt7aqf8A6jACQmD","action":"SyncServerConnectionManagerRequest", "result":"CONNECTION_UNAVAILABLE", "context":{"error_type":"net_error_code", "error_value":"-106"}}
{"logTime": "1217/003631", "correlationVector":"lw2mR4zAQbEB2ecaM+u5Du.0","action":"GetUpdates Response", "result":"NETWORK_ERROR_TRANSPORT (ERR_INTERNET_DISCONNECTED)"}
{"logTime": "1217/004631", "correlationVector":"spdbCLDwSK2Zm+Q8uB2Hgy","action":"Poll GetUpdate request", "result":""}
{"logTime": "1217/004631", "correlationVector":"spdbCLDwSK2Zm+Q8uB2Hgy","action":"SyncServerConnectionManagerRequest", "result":"CONNECTION_UNAVAILABLE", "context":{"error_type":"net_error_code", "error_value":"-106"}}
{"logTime": "1217/004631", "correlationVector":"fXRuVDnbj+tE6+ACQoxFil.0","action":"GetUpdates Response", "result":"NETWORK_ERROR_TRANSPORT (ERR_INTERNET_DISCONNECTED)"}
{"logTime": "1217/005631", "correlationVector":"Zy2NTkUdsVwGH/qp80qoOl","action":"Poll GetUpdate request", "result":""}
{"logTime": "1217/005631", "correlationVector":"Zy2NTkUdsVwGH/qp80qoOl","action":"SyncServerConnectionManagerRequest", "result":"CONNECTION_UNAVAILABLE", "context":{"error_type":"net_error_code", "error_value":"-106"}}
{"logTime": "1217/005631", "correlationVector":"ZcMOb2++bzFAv/jQaWfDhG.0","action":"GetUpdates Response", "result":"NETWORK_ERROR_TRANSPORT (ERR_INTERNET_DISCONNECTED)"}
{"logTime": "1217/010631", "correlationVector":"WaDhRCyCtHVSo42pumjeWE","action":"Poll GetUpdate request", "result":""}
{"logTime": "1217/010631", "correlationVector":"WaDhRCyCtHVSo42pumjeWE","action":"SyncServerConnectionManagerRequest", "result":"CONNECTION_UNAVAILABLE", "context":{"error_type":"net_error_code", "error_value":"-106"}}
{"logTime": "1217/010631", "correlationVector":"eULwSXMx66hv4elqDJYjRf.0","action":"GetUpdates Response", "result":"NETWORK_ERROR_TRANSPORT (ERR_INTERNET_DISCONNECTED)"}
{"logTime": "1217/011631", "correlationVector":"p53U0XH/zlnzr9/T811mAZ","action":"Poll GetUpdate request", "result":""}
{"logTime": "1217/011631", "correlationVector":"p53U0XH/zlnzr9/T811mAZ","action":"SyncServerConnectionManagerRequest", "result":"CONNECTION_UNAVAILABLE", "context":{"error_type":"net_error_code", "error_value":"-106"}}
{"logTime": "1217/011631", "correlationVector":"JON4Y55VYvapJPsapixPsT.0","action":"GetUpdates Response", "result":"NETWORK_ERROR_TRANSPORT (ERR_INTERNET_DISCONNECTED)"}
{"logTime": "1217/012631", "correlationVector":"C98VOf4Y3gwn5paPzD3xy5","action":"Poll GetUpdate request", "result":""}
{"logTime": "1217/012631", "correlationVector":"C98VOf4Y3gwn5paPzD3xy5","action":"SyncServerConnectionManagerRequest", "result":"CONNECTION_UNAVAILABLE", "context":{"error_type":"net_error_code", "error_value":"-106"}}
{"logTime": "1217/012631", "correlationVector":"/xAA28Pi26uANRsE6h+bl6.0","action":"GetUpdates Response", "result":"NETWORK_ERROR_TRANSPORT (ERR_INTERNET_DISCONNECTED)"}
{"logTime": "1217/013631", "correlationVector":"zHGi4HAYmrTpmtbsPCUgF1","action":"Poll GetUpdate request", "result":""}
{"logTime": "1217/013631", "correlationVector":"zHGi4HAYmrTpmtbsPCUgF1","action":"SyncServerConnectionManagerRequest", "result":"CONNECTION_UNAVAILABLE", "context":{"error_type":"net_error_code", "error_value":"-106"}}
{"logTime": "1217/013631", "correlationVector":"xDEhlNAhlkMTPVw9IK1PdS.0","action":"GetUpdates Response", "result":"NETWORK_ERROR_TRANSPORT (ERR_INTERNET_DISCONNECTED)"}
{"logTime": "1217/014631", "correlationVector":"Wcn/i0vs+FSEEapaY3Tw9G","action":"Poll GetUpdate request", "result":""}
{"logTime": "1217/014631", "correlationVector":"Wcn/i0vs+FSEEapaY3Tw9G","action":"SyncServerConnectionManagerRequest", "result":"CONNECTION_UNAVAILABLE", "context":{"error_type":"net_error_code", "error_value":"-106"}}
{"logTime": "1217/014631", "correlationVector":"9+7Mk9IHE72xw6tRXms0jV.0","action":"GetUpdates Response", "result":"NETWORK_ERROR_TRANSPORT (ERR_INTERNET_DISCONNECTED)"}
{"logTime": "1217/015631", "correlationVector":"Nj6s4HoDIM1VQI1dfWLBPF","action":"Poll GetUpdate request", "result":""}
{"logTime": "1217/015631", "correlationVector":"Nj6s4HoDIM1VQI1dfWLBPF","action":"SyncServerConnectionManagerRequest", "result":"CONNECTION_UNAVAILABLE", "context":{"error_type":"net_error_code", "error_value":"-106"}}
{"logTime": "1217/015631", "correlationVector":"BJWwB+3ukVGbS+NbL4jynk.0","action":"GetUpdates Response", "result":"NETWORK_ERROR_TRANSPORT (ERR_INTERNET_DISCONNECTED)"}
{"logTime": "1217/020631", "correlationVector":"tCeLUkbTSZDVJdwjwEXPxU","action":"Poll GetUpdate request", "result":""}
{"logTime": "1217/020631", "correlationVector":"tCeLUkbTSZDVJdwjwEXPxU","action":"SyncServerConnectionManagerRequest", "result":"CONNECTION_UNAVAILABLE", "context":{"error_type":"net_error_code", "error_value":"-106"}}
{"logTime": "1217/020631", "correlationVector":"DNFWtiCTpIEQbo+a0YMkHI.0","action":"GetUpdates Response", "result":"NETWORK_ERROR_TRANSPORT (ERR_INTERNET_DISCONNECTED)"}
{"logTime": "1217/021631", "correlationVector":"1MQrcF5+tL9bCYwvpom2He","action":"Poll GetUpdate request", "result":""}
{"logTime": "1217/021631", "correlationVector":"1MQrcF5+tL9bCYwvpom2He","action":"SyncServerConnectionManagerRequest", "result":"CONNECTION_UNAVAILABLE", "context":{"error_type":"net_error_code", "error_value":"-106"}}
{"logTime": "1217/021631", "correlationVector":"Sa6XtROSsxNGnu104n0DAo.0","action":"GetUpdates Response", "result":"NETWORK_ERROR_TRANSPORT (ERR_INTERNET_DISCONNECTED)"}
{"logTime": "1217/022631", "correlationVector":"CV0RoDXND/q6qxDJ14MZ7T","action":"Poll GetUpdate request", "result":""}
{"logTime": "1217/022631", "correlationVector":"CV0RoDXND/q6qxDJ14MZ7T","action":"SyncServerConnectionManagerRequest", "result":"CONNECTION_UNAVAILABLE", "context":{"error_type":"net_error_code", "error_value":"-106"}}
{"logTime": "1217/022631", "correlationVector":"uOCBkqbWjeHgerGI4Mj/1N.0","action":"GetUpdates Response", "result":"NETWORK_ERROR_TRANSPORT (ERR_INTERNET_DISCONNECTED)"}
{"logTime": "1217/023631", "correlationVector":"vXf1a585G9L5CVQqLXczlO","action":"Poll GetUpdate request", "result":""}
{"logTime": "1217/023631", "correlationVector":"vXf1a585G9L5CVQqLXczlO","action":"SyncServerConnectionManagerRequest", "result":"CONNECTION_UNAVAILABLE", "context":{"error_type":"net_error_code", "error_value":"-106"}}
{"logTime": "1217/023631", "correlationVector":"RVwc1vJMyATX+hsiK7du3K.0","action":"GetUpdates Response", "result":"NETWORK_ERROR_TRANSPORT (ERR_INTERNET_DISCONNECTED)"}
{"logTime": "1217/024631", "correlationVector":"Zzy9z2y1o4cQJAwS0Voi0w","action":"Poll GetUpdate request", "result":""}
{"logTime": "1217/024631", "correlationVector":"Zzy9z2y1o4cQJAwS0Voi0w","action":"SyncServerConnectionManagerRequest", "result":"CONNECTION_UNAVAILABLE", "context":{"error_type":"net_error_code", "error_value":"-106"}}
{"logTime": "1217/024631", "correlationVector":"9vyefRBnzoa4S6D1i3ekvl.0","action":"GetUpdates Response", "result":"NETWORK_ERROR_TRANSPORT (ERR_INTERNET_DISCONNECTED)"}
{"logTime": "1217/025631", "correlationVector":"HDvdRV/2WHz/EHkwpEuwau","action":"Poll GetUpdate request", "result":""}
{"logTime": "1217/025631", "correlationVector":"HDvdRV/2WHz/EHkwpEuwau","action":"SyncServerConnectionManagerRequest", "result":"CONNECTION_UNAVAILABLE", "context":{"error_type":"net_error_code", "error_value":"-106"}}
{"logTime": "1217/025631", "correlationVector":"uiKH10Yx+Gir3RZ2h1FkIm.0","action":"GetUpdates Response", "result":"NETWORK_ERROR_TRANSPORT (ERR_INTERNET_DISCONNECTED)"}
{"logTime": "1217/030631", "correlationVector":"N0pc+VhYX0mgNWb2Q4DUKL","action":"Poll GetUpdate request", "result":""}
{"logTime": "1217/030631", "correlationVector":"N0pc+VhYX0mgNWb2Q4DUKL","action":"SyncServerConnectionManagerRequest", "result":"CONNECTION_UNAVAILABLE", "context":{"error_type":"net_error_code", "error_value":"-106"}}
{"logTime": "1217/030631", "correlationVector":"7d6jHjusdQXQiCxb7ozNFS.0","action":"GetUpdates Response", "result":"NETWORK_ERROR_TRANSPORT (ERR_INTERNET_DISCONNECTED)"}
{"logTime": "1217/031631", "correlationVector":"SzobnFPNyhP40HQnHl318M","action":"Poll GetUpdate request", "result":""}
{"logTime": "1217/031631", "correlationVector":"SzobnFPNyhP40HQnHl318M","action":"SyncServerConnectionManagerRequest", "result":"CONNECTION_UNAVAILABLE", "context":{"error_type":"net_error_code", "error_value":"-106"}}
{"logTime": "1217/031631", "correlationVector":"fKeQNrqYK4ATXM4nwkl5YX.0","action":"GetUpdates Response", "result":"NETWORK_ERROR_TRANSPORT (ERR_INTERNET_DISCONNECTED)"}
{"logTime": "1217/032631", "correlationVector":"UhcM2sdpCoQLyVJ2FP5ipW","action":"Poll GetUpdate request", "result":""}
{"logTime": "1217/032631", "correlationVector":"UhcM2sdpCoQLyVJ2FP5ipW","action":"SyncServerConnectionManagerRequest", "result":"CONNECTION_UNAVAILABLE", "context":{"error_type":"net_error_code", "error_value":"-106"}}
{"logTime": "1217/032631", "correlationVector":"L5q18NDrCsZEnhKzuq2Gxj.0","action":"GetUpdates Response", "result":"NETWORK_ERROR_TRANSPORT (ERR_INTERNET_DISCONNECTED)"}
{"logTime": "1217/033631", "correlationVector":"Rb5xwtUycQavHc3DcxhF4F","action":"Poll GetUpdate request", "result":""}
{"logTime": "1217/033631", "correlationVector":"Rb5xwtUycQavHc3DcxhF4F","action":"SyncServerConnectionManagerRequest", "result":"CONNECTION_UNAVAILABLE", "context":{"error_type":"net_error_code", "error_value":"-106"}}
{"logTime": "1217/033631", "correlationVector":"WL/uNklSYg6oDtDyI46RAU.0","action":"GetUpdates Response", "result":"NETWORK_ERROR_TRANSPORT (ERR_INTERNET_DISCONNECTED)"}
{"logTime": "1217/034631", "correlationVector":"lsd7RBDbp3RtMEEbM4TeLN","action":"Poll GetUpdate request", "result":""}
{"logTime": "1217/034631", "correlationVector":"lsd7RBDbp3RtMEEbM4TeLN","action":"SyncServerConnectionManagerRequest", "result":"CONNECTION_UNAVAILABLE", "context":{"error_type":"net_error_code", "error_value":"-106"}}
{"logTime": "1217/034631", "correlationVector":"EDmqXrltt9yNs5UF+jdsnA.0","action":"GetUpdates Response", "result":"NETWORK_ERROR_TRANSPORT (ERR_INTERNET_DISCONNECTED)"}
{"logTime": "1217/035631", "correlationVector":"JdlGnmkttT5YPSTnaVVJfx","action":"Poll GetUpdate request", "result":""}
{"logTime": "1217/035631", "correlationVector":"JdlGnmkttT5YPSTnaVVJfx","action":"SyncServerConnectionManagerRequest", "result":"CONNECTION_UNAVAILABLE", "context":{"error_type":"net_error_code", "error_value":"-106"}}
{"logTime": "1217/035631", "correlationVector":"RIB54KejuOAy7awvmCvqy1.0","action":"GetUpdates Response", "result":"NETWORK_ERROR_TRANSPORT (ERR_INTERNET_DISCONNECTED)"}
{"logTime": "1217/040631", "correlationVector":"2NdfPYCicKfLoue5YbFioe","action":"Poll GetUpdate request", "result":""}
{"logTime": "1217/040631", "correlationVector":"2NdfPYCicKfLoue5YbFioe","action":"SyncServerConnectionManagerRequest", "result":"CONNECTION_UNAVAILABLE", "context":{"error_type":"net_error_code", "error_value":"-106"}}
{"logTime": "1217/040631", "correlationVector":"jwax5gTwDtaoDLdsRnI8nb.0","action":"GetUpdates Response", "result":"NETWORK_ERROR_TRANSPORT (ERR_INTERNET_DISCONNECTED)"}
{"logTime": "1217/041631", "correlationVector":"KLdzktQJBFCnxpwzefvH/w","action":"Poll GetUpdate request", "result":""}
{"logTime": "1217/041631", "correlationVector":"KLdzktQJBFCnxpwzefvH/w","action":"SyncServerConnectionManagerRequest", "result":"CONNECTION_UNAVAILABLE", "context":{"error_type":"net_error_code", "error_value":"-106"}}
{"logTime": "1217/041631", "correlationVector":"mq3W9LnCwuthz03T6O9G5u.0","action":"GetUpdates Response", "result":"NETWORK_ERROR_TRANSPORT (ERR_INTERNET_DISCONNECTED)"}
{"logTime": "1217/042631", "correlationVector":"xwCVLeW3gFJQ2UOCTUZrl9","action":"Poll GetUpdate request", "result":""}
{"logTime": "1217/042631", "correlationVector":"xwCVLeW3gFJQ2UOCTUZrl9","action":"SyncServerConnectionManagerRequest", "result":"CONNECTION_UNAVAILABLE", "context":{"error_type":"net_error_code", "error_value":"-106"}}
{"logTime": "1217/042631", "correlationVector":"aiIFiRWWkWVAbovW46vmEK.0","action":"GetUpdates Response", "result":"NETWORK_ERROR_TRANSPORT (ERR_INTERNET_DISCONNECTED)"}
{"logTime": "1217/043631", "correlationVector":"E61uFNcZbV6wbK7JOyjT5t","action":"Poll GetUpdate request", "result":""}
{"logTime": "1217/043631", "correlationVector":"E61uFNcZbV6wbK7JOyjT5t","action":"SyncServerConnectionManagerRequest", "result":"CONNECTION_UNAVAILABLE", "context":{"error_type":"net_error_code", "error_value":"-106"}}
{"logTime": "1217/043631", "correlationVector":"S3l7TvnqPYoxy8fFw5lBfc.0","action":"GetUpdates Response", "result":"NETWORK_ERROR_TRANSPORT (ERR_INTERNET_DISCONNECTED)"}
{"logTime": "1217/044631", "correlationVector":"jt93U9L0UcHSlBv7yTKJfj","action":"Poll GetUpdate request", "result":""}
{"logTime": "1217/044631", "correlationVector":"jt93U9L0UcHSlBv7yTKJfj","action":"SyncServerConnectionManagerRequest", "result":"CONNECTION_UNAVAILABLE", "context":{"error_type":"net_error_code", "error_value":"-106"}}
{"logTime": "1217/044631", "correlationVector":"AzCjKGIZxkKkzyB8QlQ7vn.0","action":"GetUpdates Response", "result":"NETWORK_ERROR_TRANSPORT (ERR_INTERNET_DISCONNECTED)"}
{"logTime": "1217/045631", "correlationVector":"iTQm00bSfZZBDvlNZumXd8","action":"Poll GetUpdate request", "result":""}
{"logTime": "1217/045631", "correlationVector":"iTQm00bSfZZBDvlNZumXd8","action":"SyncServerConnectionManagerRequest", "result":"CONNECTION_UNAVAILABLE", "context":{"error_type":"net_error_code", "error_value":"-106"}}
{"logTime": "1217/045631", "correlationVector":"PoQ4cFTvwYyYIVTLKkFTpU.0","action":"GetUpdates Response", "result":"NETWORK_ERROR_TRANSPORT (ERR_INTERNET_DISCONNECTED)"}
{"logTime": "1217/050631", "correlationVector":"kh6yb15bs4NddFf+a413vv","action":"Poll GetUpdate request", "result":""}
{"logTime": "1217/050631", "correlationVector":"kh6yb15bs4NddFf+a413vv","action":"SyncServerConnectionManagerRequest", "result":"CONNECTION_UNAVAILABLE", "context":{"error_type":"net_error_code", "error_value":"-106"}}
{"logTime": "1217/050631", "correlationVector":"CjthPOhHhiEENiCz9/Y79+.0","action":"GetUpdates Response", "result":"NETWORK_ERROR_TRANSPORT (ERR_INTERNET_DISCONNECTED)"}
{"logTime": "1217/051631", "correlationVector":"HD7JBuoxymxFNBKjv4AGuf","action":"Poll GetUpdate request", "result":""}
{"logTime": "1217/051631", "correlationVector":"HD7JBuoxymxFNBKjv4AGuf","action":"SyncServerConnectionManagerRequest", "result":"CONNECTION_UNAVAILABLE", "context":{"error_type":"net_error_code", "error_value":"-106"}}
{"logTime": "1217/051631", "correlationVector":"YLeSOw1VkZN10y7yeow9WL.0","action":"GetUpdates Response", "result":"NETWORK_ERROR_TRANSPORT (ERR_INTERNET_DISCONNECTED)"}
{"logTime": "1217/052631", "correlationVector":"eA/maH1iMXPH5l7fXlvwHo","action":"Poll GetUpdate request", "result":""}
{"logTime": "1217/052631", "correlationVector":"eA/maH1iMXPH5l7fXlvwHo","action":"SyncServerConnectionManagerRequest", "result":"CONNECTION_UNAVAILABLE", "context":{"error_type":"net_error_code", "error_value":"-106"}}
{"logTime": "1217/052631", "correlationVector":"ldpVLztPIKJMU146fcunaa.0","action":"GetUpdates Response", "result":"NETWORK_ERROR_TRANSPORT (ERR_INTERNET_DISCONNECTED)"}
{"logTime": "1217/053631", "correlationVector":"HuNITQw+M8DS2t7PuQEqS3","action":"Poll GetUpdate request", "result":""}
{"logTime": "1217/053631", "correlationVector":"HuNITQw+M8DS2t7PuQEqS3","action":"SyncServerConnectionManagerRequest", "result":"CONNECTION_UNAVAILABLE", "context":{"error_type":"net_error_code", "error_value":"-106"}}
{"logTime": "1217/053631", "correlationVector":"J2SSIxPfN3Zd8JqIzt9FvL.0","action":"GetUpdates Response", "result":"NETWORK_ERROR_TRANSPORT (ERR_INTERNET_DISCONNECTED)"}
{"logTime": "1217/054631", "correlationVector":"1mRV5b6dtH+AFLDWsjRury","action":"Poll GetUpdate request", "result":""}
{"logTime": "1217/054631", "correlationVector":"1mRV5b6dtH+AFLDWsjRury","action":"SyncServerConnectionManagerRequest", "result":"CONNECTION_UNAVAILABLE", "context":{"error_type":"net_error_code", "error_value":"-106"}}
{"logTime": "1217/054631", "correlationVector":"1k4hzeJqU6R+DXcrKgXVTV.0","action":"GetUpdates Response", "result":"NETWORK_ERROR_TRANSPORT (ERR_INTERNET_DISCONNECTED)"}
{"logTime": "1217/055631", "correlationVector":"qLHSTDupR2b51x6mi4XJ7z","action":"Poll GetUpdate request", "result":""}
{"logTime": "1217/055631", "correlationVector":"qLHSTDupR2b51x6mi4XJ7z","action":"SyncServerConnectionManagerRequest", "result":"CONNECTION_UNAVAILABLE", "context":{"error_type":"net_error_code", "error_value":"-106"}}
{"logTime": "1217/055631", "correlationVector":"VoS3CmsqbgfRwB2+M1JgZP.0","action":"GetUpdates Response", "result":"NETWORK_ERROR_TRANSPORT (ERR_INTERNET_DISCONNECTED)"}
{"logTime": "1217/060631", "correlationVector":"Iqlln+mZF+MwMqaOZU0Oj7","action":"Poll GetUpdate request", "result":""}
{"logTime": "1217/060631", "correlationVector":"Iqlln+mZF+MwMqaOZU0Oj7","action":"SyncServerConnectionManagerRequest", "result":"CONNECTION_UNAVAILABLE", "context":{"error_type":"net_error_code", "error_value":"-106"}}
{"logTime": "1217/060631", "correlationVector":"QbSu5Ek5Xa2UdajK/a4hJ5.0","action":"GetUpdates Response", "result":"NETWORK_ERROR_TRANSPORT (ERR_INTERNET_DISCONNECTED)"}
{"logTime": "1217/061631", "correlationVector":"CbQ9Q0zDH7svdv8j/asoS6","action":"Poll GetUpdate request", "result":""}
{"logTime": "1217/061631", "correlationVector":"CbQ9Q0zDH7svdv8j/asoS6","action":"SyncServerConnectionManagerRequest", "result":"CONNECTION_UNAVAILABLE", "context":{"error_type":"net_error_code", "error_value":"-106"}}
{"logTime": "1217/061631", "correlationVector":"pa2xYIENri/LR1mvt2c4R8.0","action":"GetUpdates Response", "result":"NETWORK_ERROR_TRANSPORT (ERR_INTERNET_DISCONNECTED)"}
{"logTime": "1217/062631", "correlationVector":"qWw0F0wCmaZ98SFWcGBPHg","action":"Poll GetUpdate request", "result":""}
{"logTime": "1217/062631", "correlationVector":"qWw0F0wCmaZ98SFWcGBPHg","action":"SyncServerConnectionManagerRequest", "result":"CONNECTION_UNAVAILABLE", "context":{"error_type":"net_error_code", "error_value":"-106"}}
{"logTime": "1217/062631", "correlationVector":"cZc5TGiwhJVb3wDPeE4zTa.0","action":"GetUpdates Response", "result":"NETWORK_ERROR_TRANSPORT (ERR_INTERNET_DISCONNECTED)"}
{"logTime": "1217/063631", "correlationVector":"xLQRKugqg44OdLozuhwFoK","action":"Poll GetUpdate request", "result":""}
{"logTime": "1217/063631", "correlationVector":"xLQRKugqg44OdLozuhwFoK","action":"SyncServerConnectionManagerRequest", "result":"CONNECTION_UNAVAILABLE", "context":{"error_type":"net_error_code", "error_value":"-106"}}
{"logTime": "1217/063631", "correlationVector":"Xa90SzsrBMIv9v6/LbtIbf.0","action":"GetUpdates Response", "result":"NETWORK_ERROR_TRANSPORT (ERR_INTERNET_DISCONNECTED)"}
{"logTime": "1217/064631", "correlationVector":"44/1h1E323YPPedYX7osDg","action":"Poll GetUpdate request", "result":""}
{"logTime": "1217/064631", "correlationVector":"44/1h1E323YPPedYX7osDg","action":"SyncServerConnectionManagerRequest", "result":"CONNECTION_UNAVAILABLE", "context":{"error_type":"net_error_code", "error_value":"-106"}}
{"logTime": "1217/064631", "correlationVector":"vBXzdpHc/x58kuprKILT02.0","action":"GetUpdates Response", "result":"NETWORK_ERROR_TRANSPORT (ERR_INTERNET_DISCONNECTED)"}
{"logTime": "1217/065631", "correlationVector":"BJVITmTlOKWPrgG7B9afwx","action":"Poll GetUpdate request", "result":""}
{"logTime": "1217/065631", "correlationVector":"BJVITmTlOKWPrgG7B9afwx","action":"SyncServerConnectionManagerRequest", "result":"CONNECTION_UNAVAILABLE", "context":{"error_type":"net_error_code", "error_value":"-106"}}
{"logTime": "1217/065631", "correlationVector":"YBEf6FZcG5Lbhw621XrX5i.0","action":"GetUpdates Response", "result":"NETWORK_ERROR_TRANSPORT (ERR_INTERNET_DISCONNECTED)"}
{"logTime": "1217/070631", "correlationVector":"SSIbb9nYmVGzGr+Xfk3HeL","action":"Poll GetUpdate request", "result":""}
{"logTime": "1217/070631", "correlationVector":"SSIbb9nYmVGzGr+Xfk3HeL","action":"SyncServerConnectionManagerRequest", "result":"CONNECTION_UNAVAILABLE", "context":{"error_type":"net_error_code", "error_value":"-106"}}
{"logTime": "1217/070631", "correlationVector":"KU7CBXCiLQXgywvP6JJ83F.0","action":"GetUpdates Response", "result":"NETWORK_ERROR_TRANSPORT (ERR_INTERNET_DISCONNECTED)"}
{"logTime": "1217/074327", "correlationVector":"ltj7pxc2oJsTjQCJIGvk5c","action":"Poll GetUpdate request", "result":""}
{"logTime": "1217/074327", "correlationVector":"ltj7pxc2oJsTjQCJIGvk5c","action":"SyncServerConnectionManagerRequest", "result":"CONNECTION_UNAVAILABLE", "context":{"error_type":"net_error_code", "error_value":"-106"}}
{"logTime": "1217/074327", "correlationVector":"fEmRAH5TXSnAjxo8ttu54I.0","action":"GetUpdates Response", "result":"NETWORK_ERROR_TRANSPORT (ERR_INTERNET_DISCONNECTED)"}
{"logTime": "1217/075327", "correlationVector":"CC6E+BTRiARZsccMRv9Mi3","action":"Poll GetUpdate request", "result":""}
{"logTime": "1217/075327", "correlationVector":"CC6E+BTRiARZsccMRv9Mi3","action":"SyncServerConnectionManagerRequest", "result":"CONNECTION_UNAVAILABLE", "context":{"error_type":"net_error_code", "error_value":"-106"}}
{"logTime": "1217/075327", "correlationVector":"kIEamPgXb3/vW9JOMa3hnx.0","action":"GetUpdates Response", "result":"NETWORK_ERROR_TRANSPORT (ERR_INTERNET_DISCONNECTED)"}
{"logTime": "1217/075819", "correlationVector":"sF+rmnHUtRqx3vRl98JKx2","action":"Poll GetUpdate request", "result":""}
{"logTime": "1217/075832", "correlationVector":"sF+rmnHUtRqx3vRl98JKx2","action":"SyncServerConnectionManagerRequest", "result":"CONNECTION_UNAVAILABLE", "context":{"error_type":"net_error_code", "error_value":"-106"}}
{"logTime": "1217/075832", "correlationVector":"KkXOF/oeHmcH4Kwp2lptlv.0","action":"GetUpdates Response", "result":"NETWORK_ERROR_TRANSPORT (ERR_INTERNET_DISCONNECTED)"}
{"logTime": "1217/080257", "correlationVector":"fTfeKcY4crhJd5TB9qW+Cy","action":"Poll GetUpdate request", "result":""}
{"logTime": "1217/080258", "correlationVector":"fTfeKcY4crhJd5TB9qW+Cy.1","action":"SyncServerConnectionManagerRequest", "result":"SYNC_SERVER_OK", "context":{"environment":"48F630A6-CB1B-4CC7-86AF-0F6627234B58", "server":"AM3PEPF000009A9"}}
{"logTime": "1217/080258", "correlationVector":"fTfeKcY4crhJd5TB9qW+Cy.2","action":"GetUpdates Response", "result":"SYNCER_OK"}
{"logTime": "1217/080258", "correlationVector":"F3oAzkcrFuPs0dAbekW4yj","action":"Normal GetUpdate request", "result":""}
{"logTime": "1217/080258", "correlationVector":"F3oAzkcrFuPs0dAbekW4yj.1","action":"SyncServerConnectionManagerRequest", "result":"SYNC_SERVER_OK", "context":{"environment":"48F630A6-CB1B-4CC7-86AF-0F6627234B58", "server":"AM3PEPF000009A9"}}
{"logTime": "1217/080258", "correlationVector":"F3oAzkcrFuPs0dAbekW4yj.2","action":"GetUpdates Response", "result":"SYNCER_OK"}
{"logTime": "1217/080322", "correlationVector":"KI1xLsC3L7vi4A6Uj8Uz0H","action":"Commit Request", "result":""}
{"logTime": "1217/080322", "correlationVector":"KI1xLsC3L7vi4A6Uj8Uz0H.1","action":"SyncServerConnectionManagerRequest", "result":"SYNC_SERVER_OK", "context":{"environment":"48F630A6-CB1B-4CC7-86AF-0F6627234B58", "server":"AM3PEPF000009A9"}}
{"logTime": "1217/080322", "correlationVector":"KI1xLsC3L7vi4A6Uj8Uz0H.2","action":"Commit Response", "result":"SYNCER_OK"}
{"logTime": "1217/080349", "correlationVector":"hAuKtOthbrlh9XtK/Ps9sc","action":"Commit Request", "result":""}
{"logTime": "1217/080349", "correlationVector":"hAuKtOthbrlh9XtK/Ps9sc.1","action":"SyncServerConnectionManagerRequest", "result":"SYNC_SERVER_OK", "context":{"environment":"48F630A6-CB1B-4CC7-86AF-0F6627234B58", "server":"AM3PEPF000009A9"}}
{"logTime": "1217/080349", "correlationVector":"hAuKtOthbrlh9XtK/Ps9sc.2","action":"Commit Response", "result":"SYNCER_OK"}
{"logTime": "1217/080417", "correlationVector":"uLQ88umzQreAlPwk3qqzvU","action":"Normal GetUpdate request", "result":""}
{"logTime": "1217/080418", "correlationVector":"uLQ88umzQreAlPwk3qqzvU.1","action":"SyncServerConnectionManagerRequest", "result":"SYNC_SERVER_OK", "context":{"environment":"48F630A6-CB1B-4CC7-86AF-0F6627234B58", "server":"AM3PEPF000009A9"}}
{"logTime": "1217/080418", "correlationVector":"uLQ88umzQreAlPwk3qqzvU.2","action":"GetUpdates Response", "result":"SYNCER_OK"}
{"logTime": "1217/083554", "correlationVector":"lWeZ9yI3GivDs04dp1722j","action":"Normal GetUpdate request", "result":""}
{"logTime": "1217/083555", "correlationVector":"lWeZ9yI3GivDs04dp1722j.1","action":"SyncServerConnectionManagerRequest", "result":"SYNC_SERVER_OK", "context":{"environment":"48F630A6-CB1B-4CC7-86AF-0F6627234B58", "server":"AM3PEPF00000985"}}
{"logTime": "1217/083555", "correlationVector":"lWeZ9yI3GivDs04dp1722j.2","action":"GetUpdates Response", "result":"SYNCER_OK"}
{"logTime": "1217/083713", "correlationVector":"2avfUeiZB+Uzd6cRgLN3Dd","action":"Normal GetUpdate request", "result":""}
{"logTime": "1217/083713", "correlationVector":"2avfUeiZB+Uzd6cRgLN3Dd.1","action":"SyncServerConnectionManagerRequest", "result":"SYNC_SERVER_OK", "context":{"environment":"48F630A6-CB1B-4CC7-86AF-0F6627234B58", "server":"AM3PEPF00000985"}}
{"logTime": "1217/083713", "correlationVector":"2avfUeiZB+Uzd6cRgLN3Dd.2","action":"GetUpdates Response", "result":"SYNCER_OK"}
{"logTime": "1217/090454", "correlationVector":"/l8k0OpeLNljrTT4wbH9JW","action":"Normal GetUpdate request", "result":""}
{"logTime": "1217/090455", "correlationVector":"/l8k0OpeLNljrTT4wbH9JW.1","action":"SyncServerConnectionManagerRequest", "result":"SYNC_AUTH_ERROR", "context":{"environment":"48F630A6-CB1B-4CC7-86AF-0F6627234B58", "server":"AM3PEPF000009A0"}}
{"logTime": "1217/090455", "correlationVector":"/l8k0OpeLNljrTT4wbH9JW.2","action":"GetUpdates Response", "result":"SYNC_AUTH_ERROR (HTTP 401)"}
{"logTime": "1217/090455", "correlationVector":"wel+s/8UBqbwuQCwOqmM9N","action":"Normal GetUpdate request", "result":""}
{"logTime": "1217/090455", "correlationVector":"wel+s/8UBqbwuQCwOqmM9N.1","action":"SyncServerConnectionManagerRequest", "result":"SYNC_SERVER_OK", "context":{"environment":"48F630A6-CB1B-4CC7-86AF-0F6627234B58", "server":"AM3PEPF000009A0"}}
{"logTime": "1217/090455", "correlationVector":"wel+s/8UBqbwuQCwOqmM9N.2","action":"GetUpdates Response", "result":"SYNCER_OK"}
{"logTime": "1217/090613", "correlationVector":"LvaHSVYOt+P7ERtb/qHUgJ","action":"Normal GetUpdate request", "result":""}
{"logTime": "1217/090613", "correlationVector":"LvaHSVYOt+P7ERtb/qHUgJ.1","action":"SyncServerConnectionManagerRequest", "result":"SYNC_SERVER_OK", "context":{"environment":"48F630A6-CB1B-4CC7-86AF-0F6627234B58", "server":"AM3PEPF000009A0"}}
{"logTime": "1217/090613", "correlationVector":"LvaHSVYOt+P7ERtb/qHUgJ.2","action":"GetUpdates Response", "result":"SYNCER_OK"}
{"logTime": "1217/091715", "correlationVector":"ZSyTwN62YLk7orOw3PjxMF","action":"Commit Request", "result":""}
{"logTime": "1217/091716", "correlationVector":"ZSyTwN62YLk7orOw3PjxMF.1","action":"SyncServerConnectionManagerRequest", "result":"SYNC_SERVER_OK", "context":{"environment":"48F630A6-CB1B-4CC7-86AF-0F6627234B58", "server":"AM3PEPF00000970"}}
{"logTime": "1217/091716", "correlationVector":"ZSyTwN62YLk7orOw3PjxMF.2","action":"Commit Response", "result":"SYNCER_OK"}
{"logTime": "1217/091900", "correlationVector":"xusbqBNeNuUS5XwoTmY0PS","action":"Commit Request", "result":""}
{"logTime": "1217/091900", "correlationVector":"xusbqBNeNuUS5XwoTmY0PS.1","action":"SyncServerConnectionManagerRequest", "result":"SYNC_SERVER_OK", "context":{"environment":"48F630A6-CB1B-4CC7-86AF-0F6627234B58", "server":"AM3PEPF00000970"}}
{"logTime": "1217/091900", "correlationVector":"xusbqBNeNuUS5XwoTmY0PS.2","action":"Commit Response", "result":"SYNCER_OK"}
{"logTime": "1217/091904", "correlationVector":"z0rCeNqd38tL467u+kO0ef","action":"Normal GetUpdate request", "result":""}
{"logTime": "1217/091904", "correlationVector":"z0rCeNqd38tL467u+kO0ef.1","action":"SyncServerConnectionManagerRequest", "result":"SYNC_SERVER_OK", "context":{"environment":"48F630A6-CB1B-4CC7-86AF-0F6627234B58", "server":"AM3PEPF00000970"}}
{"logTime": "1217/091904", "correlationVector":"z0rCeNqd38tL467u+kO0ef.2","action":"GetUpdates Response", "result":"SYNCER_OK"}
{"logTime": "1217/094021", "correlationVector":"cBGoNANLAGRdZA47OSr2LF","action":"Normal GetUpdate request", "result":""}
{"logTime": "1217/094021", "correlationVector":"cBGoNANLAGRdZA47OSr2LF.1","action":"SyncServerConnectionManagerRequest", "result":"SYNC_SERVER_OK", "context":{"environment":"48F630A6-CB1B-4CC7-86AF-0F6627234B58", "server":"AM3PEPF00000994"}}
{"logTime": "1217/094021", "correlationVector":"cBGoNANLAGRdZA47OSr2LF.2","action":"GetUpdates Response", "result":"SYNCER_OK"}
{"logTime": "1221/080409", "correlationVector":"rG4SuDaQokWF+g8HukR1Qe.0","action":"FeedSettingFetch_homeCloud", "result":"0", "context":{}}
{"logTime": "1221/080416", "correlationVector":"rG4SuDaQokWF+g8HukR1Qe.0","action":"SyncServerConnectionManagerRequest", "result":"SYNC_SERVER_OK", "context":{"environment":"", "server":""}}
{"logTime": "1221/080416", "correlationVector":"8UoG5QXoPMhCyDpPW+Js5a","action":"Normal GetUpdate request", "result":""}
{"logTime": "1221/080417", "correlationVector":"8UoG5QXoPMhCyDpPW+Js5a.1","action":"SyncServerConnectionManagerRequest", "result":"SYNC_SERVER_OK", "context":{"environment":"48F630A6-CB1B-4CC7-86AF-0F6627234B58", "server":"AM3PEPF000009AF"}}
{"logTime": "1221/080417", "correlationVector":"8UoG5QXoPMhCyDpPW+Js5a.2","action":"GetUpdates Response", "result":"SYNCER_OK"}
{"logTime": "1221/080417", "correlationVector":"x7Ik6PS6qNLQ86I8UHV1C7","action":"Commit Request", "result":""}
{"logTime": "1221/080417", "correlationVector":"x7Ik6PS6qNLQ86I8UHV1C7.1","action":"SyncServerConnectionManagerRequest", "result":"SYNC_SERVER_OK", "context":{"environment":"48F630A6-CB1B-4CC7-86AF-0F6627234B58", "server":"AM3PEPF000009AF"}}
{"logTime": "1221/080417", "correlationVector":"x7Ik6PS6qNLQ86I8UHV1C7.2","action":"Commit Response", "result":"SYNCER_OK"}
{"logTime": "1221/080417", "correlationVector":"cWA3Vnuy1R1EnrplfU9576","action":"Commit Request", "result":""}
{"logTime": "1221/080418", "correlationVector":"cWA3Vnuy1R1EnrplfU9576.1","action":"SyncServerConnectionManagerRequest", "result":"SYNC_SERVER_OK", "context":{"environment":"48F630A6-CB1B-4CC7-86AF-0F6627234B58", "server":"AM3PEPF000009AF"}}
{"logTime": "1221/080418", "correlationVector":"cWA3Vnuy1R1EnrplfU9576.2","action":"Commit Response", "result":"SYNCER_OK"}
{"logTime": "1221/080759", "correlationVector":"p9kWCM1iuUeSvzPvO24vDb","action":"Poll GetUpdate request", "result":""}
{"logTime": "1221/080800", "correlationVector":"p9kWCM1iuUeSvzPvO24vDb.1","action":"SyncServerConnectionManagerRequest", "result":"SYNC_SERVER_OK", "context":{"environment":"48F630A6-CB1B-4CC7-86AF-0F6627234B58", "server":"AM3PEPF0000099D"}}
{"logTime": "1221/080800", "correlationVector":"p9kWCM1iuUeSvzPvO24vDb.2","action":"GetUpdates Response", "result":"SYNCER_OK"}
{"logTime": "1221/081227", "correlationVector":"Km4xyfLVMBk1OObAWY8iXX","action":"Normal GetUpdate request", "result":""}
{"logTime": "1221/081228", "correlationVector":"Km4xyfLVMBk1OObAWY8iXX.1","action":"SyncServerConnectionManagerRequest", "result":"SYNC_SERVER_OK", "context":{"environment":"48F630A6-CB1B-4CC7-86AF-0F6627234B58", "server":"AM3PEPF0000096C"}}
{"logTime": "1221/081228", "correlationVector":"Km4xyfLVMBk1OObAWY8iXX.2","action":"GetUpdates Response", "result":"SYNCER_OK"}
{"logTime": "1221/081505", "correlationVector":"aW7UCEI5s9qSU7/jGy4FoF","action":"Normal GetUpdate request", "result":""}
{"logTime": "1221/081505", "correlationVector":"aW7UCEI5s9qSU7/jGy4FoF.1","action":"SyncServerConnectionManagerRequest", "result":"SYNC_SERVER_OK", "context":{"environment":"48F630A6-CB1B-4CC7-86AF-0F6627234B58", "server":"AM3PEPF0000099C"}}
{"logTime": "1221/081505", "correlationVector":"aW7UCEI5s9qSU7/jGy4FoF.2","action":"GetUpdates Response", "result":"SYNCER_OK"}
{"logTime": "1221/085317", "correlationVector":"qF8EmJkhUJ+2Fz872wvHiz","action":"Normal GetUpdate request", "result":""}
{"logTime": "1221/085317", "correlationVector":"qF8EmJkhUJ+2Fz872wvHiz.1","action":"SyncServerConnectionManagerRequest", "result":"SYNC_SERVER_OK", "context":{"environment":"48F630A6-CB1B-4CC7-86AF-0F6627234B58", "server":"AM3PEPF000009AF"}}
{"logTime": "1221/085317", "correlationVector":"qF8EmJkhUJ+2Fz872wvHiz.2","action":"GetUpdates Response", "result":"SYNCER_OK"}
{"logTime": "1221/085553", "correlationVector":"YYFTLGwoDqEwKBUJit2Ltz","action":"Normal GetUpdate request", "result":""}
{"logTime": "1221/085554", "correlationVector":"YYFTLGwoDqEwKBUJit2Ltz.1","action":"SyncServerConnectionManagerRequest", "result":"SYNC_SERVER_OK", "context":{"environment":"48F630A6-CB1B-4CC7-86AF-0F6627234B58", "server":"AM3PEPF0000098A"}}
{"logTime": "1221/085554", "correlationVector":"YYFTLGwoDqEwKBUJit2Ltz.2","action":"GetUpdates Response", "result":"SYNCER_OK"}
