00:00:00.000119 main     VirtualBox XPCOM Server 6.1.30 r148432 linux.amd64 (Dec 10 2021 19:46:42) release log
00:00:00.000121 main     Log opened 2022-01-07T14:28:49.583674000Z
00:00:00.000121 main     Build Type: release
00:00:00.000123 main     OS Product: Linux
00:00:00.000123 main     OS Release: 5.15.13-arch1-1
00:00:00.000124 main     OS Version: #1 SMP PREEMPT Wed, 05 Jan 2022 16:20:59 +0000
00:00:00.000142 main     DMI Product Name: Latitude 5410
00:00:00.000146 main     DMI Product Version: 
00:00:00.000149 main     Firmware type: UEFI
00:00:00.000347 main     Secure Boot: Disabled
00:00:00.000368 main     Host RAM: 7547MB (7.3GB) total, 5046MB (4.9GB) available
00:00:00.000370 main     Executable: /usr/lib/virtualbox/VBoxSVC
00:00:00.000370 main     Process ID: 6894
00:00:00.000371 main     Package type: LINUX_64BITS_GENERIC (OSE)
00:00:00.001597 main     IPC socket path: /tmp/.vbox-emadou-ipc/ipcd
00:00:00.106818 nspr-2   VirtualBox: object creation starts
00:00:00.106972 nspr-2   Home directory: '/home/emadou/.config/VirtualBox'
00:00:00.136631 nspr-2   NetIfAdpCtlOut: VBoxNetAdpCtl: Error while retrieving link speed for wlo1: VBoxNetAdpCtl: ioctl failed: Operation not supported
00:00:00.138687 nspr-2   HostDnsMonitor: initializing
00:00:00.139245 nspr-2   NAT: resolv.conf: nameserver 192.168.0.1
00:00:00.139283 nspr-2   HostDnsMonitor: updating information
00:00:00.139315 nspr-2   HostDnsMonitor: old information
00:00:00.139321 nspr-2     no server entries
00:00:00.139327 nspr-2     no domain set
00:00:00.139332 nspr-2     no search string entries
00:00:00.139337 nspr-2   HostDnsMonitor: new information
00:00:00.139342 nspr-2     server 1: 192.168.0.1
00:00:00.139348 nspr-2     no domain set
00:00:00.139353 nspr-2     no search string entries
00:00:00.144637 nspr-2   Failed to open "/dev/vboxdrvu", errno=2, rc=VERR_VM_DRIVER_NOT_INSTALLED
00:00:00.144996 nspr-2   VD: VDInit finished with VINF_SUCCESS
00:00:00.145177 nspr-2   ERROR [COM]: aRC=NS_ERROR_FAILURE (0x80004005) aIID={027bc463-929c-40e8-bf16-fea557cd8e7e} aComponent={SystemPropertiesWrap} aText={Cannot determine default Guest Additions ISO location. Most likely they are not available}, preserve=false aResultDetail=0
00:00:00.146499 nspr-2   VirtualBox: object created
00:00:15.280034 nspr-2   Saving settings file "/home/emadou/.config/VirtualBox/VirtualBox.xml" with version "1.12-linux"
00:00:15.287525 nspr-2   Saving settings file "/home/emadou/.config/VirtualBox/VirtualBox.xml" with version "1.12-linux"
00:00:15.290294 nspr-3   Saving settings file "/home/emadou/.config/VirtualBox/VirtualBox.xml" with version "1.12-linux"
00:00:15.295256 nspr-3   Saving settings file "/home/emadou/.config/VirtualBox/VirtualBox.xml" with version "1.12-linux"
00:00:15.298021 nspr-2   Saving settings file "/home/emadou/.config/VirtualBox/VirtualBox.xml" with version "1.12-linux"
00:00:15.300856 nspr-3   Saving settings file "/home/emadou/.config/VirtualBox/VirtualBox.xml" with version "1.12-linux"
00:00:15.304061 nspr-2   Saving settings file "/home/emadou/.config/VirtualBox/VirtualBox.xml" with version "1.12-linux"
00:00:20.812266 main     VirtualBox: object deletion starts
00:00:20.812788 main     HostDnsMonitor: shutting down ...
00:00:20.816892 main     HostDnsMonitor: shut down
00:00:21.155006 Watcher  ERROR [COM]: aRC=E_ACCESSDENIED (0x80070005) aIID={d0a0163f-e254-4e5b-a1f2-011cf991c38d} aComponent={VirtualBoxWrap} aText={The object is not ready}, preserve=false aResultDetail=0
00:00:25.816972 main     {00007f81980161f0} HostPowerServiceLinux::~HostPowerServiceLinux: RTThreadWait() for 5000 ms failed with VERR_TIMEOUT
00:00:25.817315 main     VirtualBox: object deleted
